{
  "/Users/z/Developer/spike-land-nextjs/packages/shared/src/constants/index.ts": {
    "path": "/Users/z/Developer/spike-land-nextjs/packages/shared/src/constants/index.ts",
    "statementMap": {
      "0": { "start": { "line": 10, "column": 33 }, "end": { "line": 15, "column": null } },
      "1": { "start": { "line": 17, "column": 36 }, "end": { "line": 22, "column": null } },
      "2": { "start": { "line": 30, "column": 34 }, "end": { "line": 37, "column": null } },
      "3": { "start": { "line": 43, "column": 33 }, "end": { "line": 57, "column": null } },
      "4": { "start": { "line": 63, "column": 39 }, "end": { "line": 74, "column": null } },
      "5": { "start": { "line": 82, "column": 31 }, "end": { "line": 87, "column": null } },
      "6": { "start": { "line": 93, "column": 26 }, "end": { "line": 100, "column": null } },
      "7": { "start": { "line": 106, "column": 34 }, "end": { "line": 135, "column": null } },
      "8": { "start": { "line": 141, "column": 35 }, "end": { "line": 154, "column": null } }
    },
    "fnMap": {},
    "branchMap": {},
    "s": { "0": 3, "1": 3, "2": 3, "3": 3, "4": 3, "5": 3, "6": 3, "7": 3, "8": 3 },
    "f": {},
    "b": {},
    "meta": {
      "lastBranch": 0,
      "lastFunction": 0,
      "lastStatement": 9,
      "seen": {
        "s:10:33:15:Infinity": 0,
        "s:17:36:22:Infinity": 1,
        "s:30:34:37:Infinity": 2,
        "s:43:33:57:Infinity": 3,
        "s:63:39:74:Infinity": 4,
        "s:82:31:87:Infinity": 5,
        "s:93:26:100:Infinity": 6,
        "s:106:34:135:Infinity": 7,
        "s:141:35:154:Infinity": 8
      }
    }
  },
  "/Users/z/Developer/spike-land-nextjs/packages/shared/src/utils/index.ts": {
    "path": "/Users/z/Developer/spike-land-nextjs/packages/shared/src/utils/index.ts",
    "statementMap": {
      "0": { "start": { "line": 16, "column": 2 }, "end": { "line": 16, "column": null } },
      "1": { "start": { "line": 27, "column": 14 }, "end": { "line": 27, "column": null } },
      "2": { "start": { "line": 28, "column": 22 }, "end": { "line": 28, "column": null } },
      "3": { "start": { "line": 29, "column": 20 }, "end": { "line": 29, "column": null } },
      "4": { "start": { "line": 31, "column": 20 }, "end": { "line": 33, "column": null } },
      "5": { "start": { "line": 34, "column": 22 }, "end": { "line": 34, "column": null } },
      "6": { "start": { "line": 36, "column": 2 }, "end": { "line": 36, "column": null } },
      "7": { "start": { "line": 43, "column": 14 }, "end": { "line": 43, "column": null } },
      "8": { "start": { "line": 44, "column": 22 }, "end": { "line": 44, "column": null } },
      "9": { "start": { "line": 45, "column": 20 }, "end": { "line": 45, "column": null } },
      "10": { "start": { "line": 47, "column": 22 }, "end": { "line": 48, "column": null } },
      "11": { "start": { "line": 50, "column": 2 }, "end": { "line": 50, "column": null } },
      "12": { "start": { "line": 61, "column": 2 }, "end": { "line": 61, "column": null } },
      "13": { "start": { "line": 61, "column": 19 }, "end": { "line": 61, "column": null } },
      "14": { "start": { "line": 63, "column": 16 }, "end": { "line": 63, "column": null } },
      "15": { "start": { "line": 64, "column": 12 }, "end": { "line": 64, "column": null } },
      "16": { "start": { "line": 65, "column": 12 }, "end": { "line": 65, "column": null } },
      "17": { "start": { "line": 67, "column": 2 }, "end": { "line": 67, "column": null } },
      "18": { "start": { "line": 74, "column": 18 }, "end": { "line": 74, "column": null } },
      "19": { "start": { "line": 75, "column": 18 }, "end": { "line": 75, "column": null } },
      "20": { "start": { "line": 76, "column": 16 }, "end": { "line": 76, "column": null } },
      "21": { "start": { "line": 78, "column": 2 }, "end": { "line": 80, "column": null } },
      "22": { "start": { "line": 79, "column": 4 }, "end": { "line": 79, "column": null } },
      "23": { "start": { "line": 81, "column": 2 }, "end": { "line": 83, "column": null } },
      "24": { "start": { "line": 82, "column": 4 }, "end": { "line": 82, "column": null } },
      "25": { "start": { "line": 84, "column": 2 }, "end": { "line": 84, "column": null } },
      "26": { "start": { "line": 91, "column": 14 }, "end": { "line": 91, "column": null } },
      "27": { "start": { "line": 92, "column": 17 }, "end": { "line": 92, "column": null } },
      "28": { "start": { "line": 93, "column": 22 }, "end": { "line": 93, "column": null } },
      "29": { "start": { "line": 94, "column": 22 }, "end": { "line": 94, "column": null } },
      "30": { "start": { "line": 95, "column": 20 }, "end": { "line": 95, "column": null } },
      "31": { "start": { "line": 96, "column": 19 }, "end": { "line": 96, "column": null } },
      "32": { "start": { "line": 98, "column": 2 }, "end": { "line": 100, "column": null } },
      "33": { "start": { "line": 99, "column": 4 }, "end": { "line": 99, "column": null } },
      "34": { "start": { "line": 101, "column": 2 }, "end": { "line": 103, "column": null } },
      "35": { "start": { "line": 102, "column": 4 }, "end": { "line": 102, "column": null } },
      "36": { "start": { "line": 104, "column": 2 }, "end": { "line": 106, "column": null } },
      "37": { "start": { "line": 105, "column": 4 }, "end": { "line": 105, "column": null } },
      "38": { "start": { "line": 107, "column": 2 }, "end": { "line": 109, "column": null } },
      "39": { "start": { "line": 108, "column": 4 }, "end": { "line": 108, "column": null } },
      "40": { "start": { "line": 110, "column": 2 }, "end": { "line": 110, "column": null } },
      "41": { "start": { "line": 120, "column": 2 }, "end": { "line": 123, "column": null } },
      "42": { "start": { "line": 134, "column": 57 }, "end": { "line": 139, "column": null } },
      "43": { "start": { "line": 140, "column": 2 }, "end": { "line": 140, "column": null } },
      "44": { "start": { "line": 149, "column": 16 }, "end": { "line": 149, "column": null } },
      "45": { "start": { "line": 150, "column": 2 }, "end": { "line": 150, "column": null } },
      "46": { "start": { "line": 150, "column": 26 }, "end": { "line": 150, "column": null } },
      "47": { "start": { "line": 152, "column": 16 }, "end": { "line": 152, "column": null } },
      "48": { "start": { "line": 153, "column": 17 }, "end": { "line": 153, "column": null } },
      "49": { "start": { "line": 155, "column": 2 }, "end": { "line": 157, "column": null } },
      "50": { "start": { "line": 156, "column": 4 }, "end": { "line": 156, "column": null } },
      "51": { "start": { "line": 159, "column": 2 }, "end": { "line": 159, "column": null } },
      "52": { "start": { "line": 170, "column": 22 }, "end": { "line": 170, "column": null } },
      "53": { "start": { "line": 172, "column": 2 }, "end": { "line": 180, "column": null } },
      "54": { "start": { "line": 173, "column": 18 }, "end": { "line": 173, "column": null } },
      "55": { "start": { "line": 174, "column": 19 }, "end": { "line": 174, "column": null } },
      "56": { "start": { "line": 175, "column": 4 }, "end": { "line": 175, "column": null } },
      "57": { "start": { "line": 177, "column": 19 }, "end": { "line": 177, "column": null } },
      "58": { "start": { "line": 178, "column": 18 }, "end": { "line": 178, "column": null } },
      "59": { "start": { "line": 179, "column": 4 }, "end": { "line": 179, "column": null } },
      "60": { "start": { "line": 191, "column": 18 }, "end": { "line": 191, "column": null } },
      "61": { "start": { "line": 192, "column": 2 }, "end": { "line": 192, "column": null } }
    },
    "fnMap": {
      "0": {
        "name": "getEnhancementCost",
        "decl": { "start": { "line": 15, "column": 16 }, "end": { "line": 15, "column": 35 } },
        "loc": { "start": { "line": 15, "column": 69 }, "end": { "line": 17, "column": null } },
        "line": 15
      },
      "1": {
        "name": "calculateRegeneratedTokens",
        "decl": { "start": { "line": 22, "column": 16 }, "end": { "line": 22, "column": null } },
        "loc": { "start": { "line": 26, "column": 10 }, "end": { "line": 37, "column": null } },
        "line": 26
      },
      "2": {
        "name": "getTimeUntilNextRegen",
        "decl": { "start": { "line": 42, "column": 16 }, "end": { "line": 42, "column": 38 } },
        "loc": { "start": { "line": 42, "column": 70 }, "end": { "line": 51, "column": null } },
        "line": 42
      },
      "3": {
        "name": "formatFileSize",
        "decl": { "start": { "line": 60, "column": 16 }, "end": { "line": 60, "column": 31 } },
        "loc": { "start": { "line": 60, "column": 54 }, "end": { "line": 68, "column": null } },
        "line": 60
      },
      "4": {
        "name": "formatDuration",
        "decl": { "start": { "line": 73, "column": 16 }, "end": { "line": 73, "column": 31 } },
        "loc": { "start": { "line": 73, "column": 51 }, "end": { "line": 85, "column": null } },
        "line": 73
      },
      "5": {
        "name": "formatRelativeTime",
        "decl": { "start": { "line": 90, "column": 16 }, "end": { "line": 90, "column": 35 } },
        "loc": { "start": { "line": 90, "column": 55 }, "end": { "line": 111, "column": null } },
        "line": 90
      },
      "6": {
        "name": "formatCurrency",
        "decl": { "start": { "line": 116, "column": 16 }, "end": { "line": 116, "column": null } },
        "loc": { "start": { "line": 119, "column": 10 }, "end": { "line": 124, "column": null } },
        "line": 119
      },
      "7": {
        "name": "getTierDimensions",
        "decl": { "start": { "line": 133, "column": 16 }, "end": { "line": 133, "column": 34 } },
        "loc": { "start": { "line": 133, "column": 68 }, "end": { "line": 141, "column": null } },
        "line": 133
      },
      "8": {
        "name": "parseAspectRatio",
        "decl": { "start": { "line": 146, "column": 16 }, "end": { "line": 146, "column": null } },
        "loc": { "start": { "line": 148, "column": 45 }, "end": { "line": 160, "column": null } },
        "line": 148
      },
      "9": {
        "name": "calculateOutputDimensions",
        "decl": { "start": { "line": 165, "column": 16 }, "end": { "line": 165, "column": null } },
        "loc": { "start": { "line": 169, "column": 38 }, "end": { "line": 181, "column": null } },
        "line": 169
      },
      "10": {
        "name": "isAllowedMimeType",
        "decl": { "start": { "line": 190, "column": 16 }, "end": { "line": 190, "column": 34 } },
        "loc": { "start": { "line": 190, "column": 61 }, "end": { "line": 193, "column": null } },
        "line": 190
      }
    },
    "branchMap": {
      "0": {
        "loc": { "start": { "line": 25, "column": 2 }, "end": { "line": 25, "column": null } },
        "type": "default-arg",
        "locations": [
          { "start": { "line": 25, "column": 22 }, "end": { "line": 25, "column": null } }
        ],
        "line": 25
      },
      "1": {
        "loc": { "start": { "line": 61, "column": 2 }, "end": { "line": 61, "column": null } },
        "type": "if",
        "locations": [
          { "start": { "line": 61, "column": 2 }, "end": { "line": 61, "column": null } },
          { "start": {}, "end": {} }
        ],
        "line": 61
      },
      "2": {
        "loc": { "start": { "line": 78, "column": 2 }, "end": { "line": 80, "column": null } },
        "type": "if",
        "locations": [
          { "start": { "line": 78, "column": 2 }, "end": { "line": 80, "column": null } },
          { "start": {}, "end": {} }
        ],
        "line": 78
      },
      "3": {
        "loc": { "start": { "line": 81, "column": 2 }, "end": { "line": 83, "column": null } },
        "type": "if",
        "locations": [
          { "start": { "line": 81, "column": 2 }, "end": { "line": 83, "column": null } },
          { "start": {}, "end": {} }
        ],
        "line": 81
      },
      "4": {
        "loc": { "start": { "line": 98, "column": 2 }, "end": { "line": 100, "column": null } },
        "type": "if",
        "locations": [
          { "start": { "line": 98, "column": 2 }, "end": { "line": 100, "column": null } },
          { "start": {}, "end": {} }
        ],
        "line": 98
      },
      "5": {
        "loc": { "start": { "line": 101, "column": 2 }, "end": { "line": 103, "column": null } },
        "type": "if",
        "locations": [
          { "start": { "line": 101, "column": 2 }, "end": { "line": 103, "column": null } },
          { "start": {}, "end": {} }
        ],
        "line": 101
      },
      "6": {
        "loc": { "start": { "line": 104, "column": 2 }, "end": { "line": 106, "column": null } },
        "type": "if",
        "locations": [
          { "start": { "line": 104, "column": 2 }, "end": { "line": 106, "column": null } },
          { "start": {}, "end": {} }
        ],
        "line": 104
      },
      "7": {
        "loc": { "start": { "line": 107, "column": 2 }, "end": { "line": 109, "column": null } },
        "type": "if",
        "locations": [
          { "start": { "line": 107, "column": 2 }, "end": { "line": 109, "column": null } },
          { "start": {}, "end": {} }
        ],
        "line": 107
      },
      "8": {
        "loc": { "start": { "line": 118, "column": 2 }, "end": { "line": 118, "column": null } },
        "type": "default-arg",
        "locations": [
          { "start": { "line": 118, "column": 21 }, "end": { "line": 118, "column": null } }
        ],
        "line": 118
      },
      "9": {
        "loc": { "start": { "line": 150, "column": 2 }, "end": { "line": 150, "column": null } },
        "type": "if",
        "locations": [
          { "start": { "line": 150, "column": 2 }, "end": { "line": 150, "column": null } },
          { "start": {}, "end": {} }
        ],
        "line": 150
      },
      "10": {
        "loc": { "start": { "line": 155, "column": 2 }, "end": { "line": 157, "column": null } },
        "type": "if",
        "locations": [
          { "start": { "line": 155, "column": 2 }, "end": { "line": 157, "column": null } },
          { "start": {}, "end": {} }
        ],
        "line": 155
      },
      "11": {
        "loc": { "start": { "line": 155, "column": 6 }, "end": { "line": 155, "column": 66 } },
        "type": "binary-expr",
        "locations": [
          { "start": { "line": 155, "column": 6 }, "end": { "line": 155, "column": 22 } },
          { "start": { "line": 155, "column": 22 }, "end": { "line": 155, "column": 39 } },
          { "start": { "line": 155, "column": 39 }, "end": { "line": 155, "column": 53 } },
          { "start": { "line": 155, "column": 53 }, "end": { "line": 155, "column": 66 } }
        ],
        "line": 155
      },
      "12": {
        "loc": { "start": { "line": 172, "column": 2 }, "end": { "line": 180, "column": null } },
        "type": "if",
        "locations": [
          { "start": { "line": 172, "column": 2 }, "end": { "line": 180, "column": null } },
          { "start": { "line": 176, "column": 9 }, "end": { "line": 180, "column": null } }
        ],
        "line": 172
      }
    },
    "s": {
      "0": 4,
      "1": 4,
      "2": 4,
      "3": 4,
      "4": 4,
      "5": 4,
      "6": 4,
      "7": 2,
      "8": 2,
      "9": 2,
      "10": 2,
      "11": 2,
      "12": 7,
      "13": 1,
      "14": 6,
      "15": 6,
      "16": 6,
      "17": 6,
      "18": 6,
      "19": 6,
      "20": 6,
      "21": 6,
      "22": 2,
      "23": 4,
      "24": 2,
      "25": 2,
      "26": 6,
      "27": 6,
      "28": 6,
      "29": 6,
      "30": 6,
      "31": 6,
      "32": 6,
      "33": 1,
      "34": 5,
      "35": 1,
      "36": 4,
      "37": 1,
      "38": 3,
      "39": 1,
      "40": 2,
      "41": 5,
      "42": 4,
      "43": 4,
      "44": 11,
      "45": 11,
      "46": 3,
      "47": 8,
      "48": 8,
      "49": 8,
      "50": 5,
      "51": 3,
      "52": 5,
      "53": 5,
      "54": 4,
      "55": 4,
      "56": 4,
      "57": 1,
      "58": 1,
      "59": 1,
      "60": 8,
      "61": 8
    },
    "f": {
      "0": 4,
      "1": 4,
      "2": 2,
      "3": 7,
      "4": 6,
      "5": 6,
      "6": 5,
      "7": 4,
      "8": 11,
      "9": 5,
      "10": 8
    },
    "b": {
      "0": [4],
      "1": [1, 6],
      "2": [2, 4],
      "3": [2, 2],
      "4": [1, 5],
      "5": [1, 4],
      "6": [1, 3],
      "7": [1, 2],
      "8": [5],
      "9": [3, 8],
      "10": [5, 3],
      "11": [8, 7, 6, 4],
      "12": [4, 1]
    },
    "meta": {
      "lastBranch": 13,
      "lastFunction": 11,
      "lastStatement": 62,
      "seen": {
        "f:15:16:15:35": 0,
        "s:16:2:16:Infinity": 0,
        "f:22:16:22:Infinity": 1,
        "b:25:22:25:Infinity": 0,
        "s:27:14:27:Infinity": 1,
        "s:28:22:28:Infinity": 2,
        "s:29:20:29:Infinity": 3,
        "s:31:20:33:Infinity": 4,
        "s:34:22:34:Infinity": 5,
        "s:36:2:36:Infinity": 6,
        "f:42:16:42:38": 2,
        "s:43:14:43:Infinity": 7,
        "s:44:22:44:Infinity": 8,
        "s:45:20:45:Infinity": 9,
        "s:47:22:48:Infinity": 10,
        "s:50:2:50:Infinity": 11,
        "f:60:16:60:31": 3,
        "b:61:2:61:Infinity:undefined:undefined:undefined:undefined": 1,
        "s:61:2:61:Infinity": 12,
        "s:61:19:61:Infinity": 13,
        "s:63:16:63:Infinity": 14,
        "s:64:12:64:Infinity": 15,
        "s:65:12:65:Infinity": 16,
        "s:67:2:67:Infinity": 17,
        "f:73:16:73:31": 4,
        "s:74:18:74:Infinity": 18,
        "s:75:18:75:Infinity": 19,
        "s:76:16:76:Infinity": 20,
        "b:78:2:80:Infinity:undefined:undefined:undefined:undefined": 2,
        "s:78:2:80:Infinity": 21,
        "s:79:4:79:Infinity": 22,
        "b:81:2:83:Infinity:undefined:undefined:undefined:undefined": 3,
        "s:81:2:83:Infinity": 23,
        "s:82:4:82:Infinity": 24,
        "s:84:2:84:Infinity": 25,
        "f:90:16:90:35": 5,
        "s:91:14:91:Infinity": 26,
        "s:92:17:92:Infinity": 27,
        "s:93:22:93:Infinity": 28,
        "s:94:22:94:Infinity": 29,
        "s:95:20:95:Infinity": 30,
        "s:96:19:96:Infinity": 31,
        "b:98:2:100:Infinity:undefined:undefined:undefined:undefined": 4,
        "s:98:2:100:Infinity": 32,
        "s:99:4:99:Infinity": 33,
        "b:101:2:103:Infinity:undefined:undefined:undefined:undefined": 5,
        "s:101:2:103:Infinity": 34,
        "s:102:4:102:Infinity": 35,
        "b:104:2:106:Infinity:undefined:undefined:undefined:undefined": 6,
        "s:104:2:106:Infinity": 36,
        "s:105:4:105:Infinity": 37,
        "b:107:2:109:Infinity:undefined:undefined:undefined:undefined": 7,
        "s:107:2:109:Infinity": 38,
        "s:108:4:108:Infinity": 39,
        "s:110:2:110:Infinity": 40,
        "f:116:16:116:Infinity": 6,
        "b:118:21:118:Infinity": 8,
        "s:120:2:123:Infinity": 41,
        "f:133:16:133:34": 7,
        "s:134:57:139:Infinity": 42,
        "s:140:2:140:Infinity": 43,
        "f:146:16:146:Infinity": 8,
        "s:149:16:149:Infinity": 44,
        "b:150:2:150:Infinity:undefined:undefined:undefined:undefined": 9,
        "s:150:2:150:Infinity": 45,
        "s:150:26:150:Infinity": 46,
        "s:152:16:152:Infinity": 47,
        "s:153:17:153:Infinity": 48,
        "b:155:2:157:Infinity:undefined:undefined:undefined:undefined": 10,
        "s:155:2:157:Infinity": 49,
        "b:155:6:155:22:155:22:155:39:155:39:155:53:155:53:155:66": 11,
        "s:156:4:156:Infinity": 50,
        "s:159:2:159:Infinity": 51,
        "f:165:16:165:Infinity": 9,
        "s:170:22:170:Infinity": 52,
        "b:172:2:180:Infinity:176:9:180:Infinity": 12,
        "s:172:2:180:Infinity": 53,
        "s:173:18:173:Infinity": 54,
        "s:174:19:174:Infinity": 55,
        "s:175:4:175:Infinity": 56,
        "s:177:19:177:Infinity": 57,
        "s:178:18:178:Infinity": 58,
        "s:179:4:179:Infinity": 59,
        "f:190:16:190:34": 10,
        "s:191:18:191:Infinity": 60,
        "s:192:2:192:Infinity": 61
      }
    }
  },
  "/Users/z/Developer/spike-land-nextjs/packages/shared/src/validations/index.ts": {
    "path": "/Users/z/Developer/spike-land-nextjs/packages/shared/src/validations/index.ts",
    "statementMap": {
      "0": { "start": { "line": 13, "column": 37 }, "end": { "line": 18, "column": null } },
      "1": { "start": { "line": 20, "column": 41 }, "end": { "line": 25, "column": null } },
      "2": { "start": { "line": 27, "column": 41 }, "end": { "line": 32, "column": null } },
      "3": { "start": { "line": 41, "column": 33 }, "end": { "line": 41, "column": null } },
      "4": { "start": { "line": 43, "column": 42 }, "end": { "line": 48, "column": null } },
      "5": { "start": { "line": 50, "column": 40 }, "end": { "line": 55, "column": null } },
      "6": { "start": { "line": 64, "column": 34 }, "end": { "line": 64, "column": null } },
      "7": { "start": { "line": 66, "column": 40 }, "end": { "line": 71, "column": null } },
      "8": { "start": { "line": 73, "column": 40 }, "end": { "line": 79, "column": null } },
      "9": { "start": { "line": 88, "column": 42 }, "end": { "line": 94, "column": null } },
      "10": { "start": { "line": 93, "column": 24 }, "end": { "line": 93, "column": 48 } },
      "11": { "start": { "line": 102, "column": 38 }, "end": { "line": 109, "column": null } },
      "12": { "start": { "line": 111, "column": 37 }, "end": { "line": 119, "column": null } },
      "13": { "start": { "line": 121, "column": 40 }, "end": { "line": 127, "column": null } },
      "14": { "start": { "line": 137, "column": 27 }, "end": { "line": 137, "column": null } },
      "15": { "start": { "line": 139, "column": 39 }, "end": { "line": 141, "column": null } },
      "16": { "start": { "line": 143, "column": 35 }, "end": { "line": 148, "column": null } }
    },
    "fnMap": {
      "0": {
        "name": "(anonymous_0)",
        "decl": { "start": { "line": 93, "column": 15 }, "end": { "line": 93, "column": 16 } },
        "loc": { "start": { "line": 93, "column": 24 }, "end": { "line": 93, "column": 48 } },
        "line": 93
      }
    },
    "branchMap": {},
    "s": {
      "0": 1,
      "1": 1,
      "2": 1,
      "3": 1,
      "4": 1,
      "5": 1,
      "6": 1,
      "7": 1,
      "8": 1,
      "9": 1,
      "10": 2,
      "11": 1,
      "12": 1,
      "13": 1,
      "14": 1,
      "15": 1,
      "16": 1
    },
    "f": { "0": 2 },
    "b": {},
    "meta": {
      "lastBranch": 0,
      "lastFunction": 1,
      "lastStatement": 17,
      "seen": {
        "s:13:37:18:Infinity": 0,
        "s:20:41:25:Infinity": 1,
        "s:27:41:32:Infinity": 2,
        "s:41:33:41:Infinity": 3,
        "s:43:42:48:Infinity": 4,
        "s:50:40:55:Infinity": 5,
        "s:64:34:64:Infinity": 6,
        "s:66:40:71:Infinity": 7,
        "s:73:40:79:Infinity": 8,
        "s:88:42:94:Infinity": 9,
        "f:93:15:93:16": 0,
        "s:93:24:93:48": 10,
        "s:102:38:109:Infinity": 11,
        "s:111:37:119:Infinity": 12,
        "s:121:40:127:Infinity": 13,
        "s:137:27:137:Infinity": 14,
        "s:139:39:141:Infinity": 15,
        "s:143:35:148:Infinity": 16
      }
    }
  }
}
