TN:
SF:app/+html.tsx
FN:7,Root
FNF:1
FNH:0
FNDA:0,Root
DA:8,0
DA:32,0
LF:2
LH:0
BRF:0
BRH:0
end_of_record
TN:
SF:app/+not-found.tsx
FN:6,NotFoundScreen
FNF:1
FNH:0
FNDA:0,NotFoundScreen
DA:7,0
DA:21,0
LF:2
LH:0
BRF:0
BRH:0
end_of_record
TN:
SF:app/checkout.tsx
FN:14,CheckoutScreen
FN:23,(anonymous_1)
FN:41,(anonymous_2)
FNF:3
FNH:0
FNDA:0,CheckoutScreen
FNDA:0,(anonymous_1)
FNDA:0,(anonymous_2)
DA:15,0
DA:16,0
DA:17,0
DA:18,0
DA:19,0
DA:20,0
DA:21,0
DA:23,0
DA:25,0
DA:26,0
DA:29,0
DA:42,0
LF:12
LH:0
BRDA:18,0,0,0
BRDA:18,0,1,0
BRF:2
BRH:0
end_of_record
TN:
SF:app/modal.tsx
FN:7,ModalScreen
FNF:1
FNH:0
FNDA:0,ModalScreen
DA:8,0
DA:20,0
LF:2
LH:0
BRDA:15,0,0,0
BRDA:15,0,1,0
BRF:2
BRH:0
end_of_record
TN:
SF:app/notifications.tsx
FN:41,NotificationsScreen
FN:54,(anonymous_1)
FN:60,(anonymous_2)
FN:69,(anonymous_3)
FN:77,(anonymous_4)
FN:87,(anonymous_5)
FN:95,(anonymous_6)
FN:101,(anonymous_7)
FN:111,(anonymous_8)
FN:116,(anonymous_9)
FN:125,(anonymous_10)
FN:131,(anonymous_11)
FN:139,(anonymous_12)
FN:147,(anonymous_13)
FN:158,(anonymous_14)
FN:165,(anonymous_15)
FN:170,(anonymous_16)
FN:176,(anonymous_17)
FN:188,(anonymous_18)
FN:192,(anonymous_19)
FN:298,(anonymous_20)
FN:316,(anonymous_21)
FNF:22
FNH:0
FNDA:0,NotificationsScreen
FNDA:0,(anonymous_1)
FNDA:0,(anonymous_2)
FNDA:0,(anonymous_3)
FNDA:0,(anonymous_4)
FNDA:0,(anonymous_5)
FNDA:0,(anonymous_6)
FNDA:0,(anonymous_7)
FNDA:0,(anonymous_8)
FNDA:0,(anonymous_9)
FNDA:0,(anonymous_10)
FNDA:0,(anonymous_11)
FNDA:0,(anonymous_12)
FNDA:0,(anonymous_13)
FNDA:0,(anonymous_14)
FNDA:0,(anonymous_15)
FNDA:0,(anonymous_16)
FNDA:0,(anonymous_17)
FNDA:0,(anonymous_18)
FNDA:0,(anonymous_19)
FNDA:0,(anonymous_20)
FNDA:0,(anonymous_21)
DA:42,0
DA:43,0
DA:44,0
DA:52,0
DA:54,0
DA:58,0
DA:62,0
DA:63,0
DA:65,0
DA:66,0
DA:70,0
DA:75,0
DA:78,0
DA:79,0
DA:85,0
DA:88,0
DA:89,0
DA:91,0
DA:92,0
DA:95,0
DA:99,0
DA:102,0
DA:103,0
DA:109,0
DA:112,0
DA:113,0
DA:115,0
DA:116,0
DA:117,0
DA:119,0
DA:125,0
DA:129,0
DA:132,0
DA:133,0
DA:139,0
DA:140,0
DA:141,0
DA:142,0
DA:146,0
DA:148,0
DA:149,0
DA:157,0
DA:159,0
DA:165,0
DA:166,0
DA:170,0
DA:171,0
DA:175,0
DA:177,0
DA:188,0
DA:191,0
DA:193,0
DA:230,0
DA:231,0
DA:256,0
DA:257,0
DA:298,0
DA:308,0
DA:310,0
DA:317,0
DA:384,0
LF:61
LH:0
BRDA:65,0,0,0
BRDA:65,0,1,0
BRDA:70,1,0,0
BRDA:70,1,1,0
BRDA:78,2,0,0
BRDA:78,2,1,0
BRDA:91,3,0,0
BRDA:91,3,1,0
BRDA:102,4,0,0
BRDA:102,4,1,0
BRDA:115,5,0,0
BRDA:115,5,1,0
BRDA:117,6,0,0
BRDA:117,6,1,0
BRDA:122,7,0,0
BRDA:122,7,1,0
BRDA:132,8,0,0
BRDA:132,8,1,0
BRDA:148,9,0,0
BRDA:148,9,1,0
BRDA:171,10,0,0
BRDA:171,10,1,0
BRDA:230,11,0,0
BRDA:230,11,1,0
BRDA:230,12,0,0
BRDA:230,12,1,0
BRDA:256,13,0,0
BRDA:256,13,1,0
BRDA:308,14,0,0
BRDA:308,14,1,0
BRDA:317,15,0,0
BRDA:317,15,1,0
BRDA:339,16,0,0
BRDA:339,16,1,0
BRDA:349,17,0,0
BRDA:349,17,1,0
BRDA:361,18,0,0
BRDA:361,18,1,0
BRF:38
BRH:0
end_of_record
TN:
SF:app/pricing.tsx
FN:11,PricingScreen
FN:36,(anonymous_1)
FN:44,(anonymous_2)
FNF:3
FNH:0
FNDA:0,PricingScreen
FNDA:0,(anonymous_1)
FNDA:0,(anonymous_2)
DA:12,0
DA:13,0
DA:15,0
DA:36,0
DA:44,0
LF:5
LH:0
BRF:0
BRH:0
end_of_record
TN:
SF:app/(auth)/_layout.tsx
FN:8,AuthLayout
FNF:1
FNH:0
FNDA:0,AuthLayout
DA:9,0
LF:1
LH:0
BRF:0
BRH:0
end_of_record
TN:
SF:app/(auth)/forgot-password.tsx
FN:25,ForgotPasswordScreen
FN:35,(anonymous_1)
FN:63,(anonymous_2)
FN:130,(anonymous_3)
FN:205,(anonymous_4)
FNF:5
FNH:0
FNDA:0,ForgotPasswordScreen
FNDA:0,(anonymous_1)
FNDA:0,(anonymous_2)
FNDA:0,(anonymous_3)
FNDA:0,(anonymous_4)
DA:26,0
DA:29,0
DA:30,0
DA:31,0
DA:32,0
DA:35,0
DA:37,0
DA:38,0
DA:39,0
DA:42,0
DA:43,0
DA:44,0
DA:45,0
DA:48,0
DA:49,0
DA:51,0
DA:53,0
DA:55,0
DA:56,0
DA:58,0
DA:63,0
DA:64,0
DA:67,0
DA:131,0
DA:132,0
DA:206,0
DA:207,0
LF:27
LH:0
BRDA:37,0,0,0
BRDA:37,0,1,0
BRDA:43,1,0,0
BRDA:43,1,1,0
BRDA:55,2,0,0
BRDA:55,2,1,0
BRDA:58,3,0,0
BRDA:58,3,1,0
BRDA:69,4,0,0
BRDA:69,4,1,0
BRDA:84,5,0,0
BRDA:84,5,1,0
BRDA:106,6,0,0
BRDA:106,6,1,0
BRDA:143,7,0,0
BRDA:143,7,1,0
BRF:16
BRH:0
end_of_record
TN:
SF:app/(auth)/reset-password.tsx
FN:34,calculatePasswordStrength
FN:69,validatePassword
FN:85,ResetPasswordScreen
FN:98,(anonymous_3)
FN:111,(anonymous_4)
FN:147,(anonymous_5)
FN:152,(anonymous_6)
FN:234,(anonymous_7)
FNF:8
FNH:0
FNDA:0,calculatePasswordStrength
FNDA:0,validatePassword
FNDA:0,ResetPasswordScreen
FNDA:0,(anonymous_3)
FNDA:0,(anonymous_4)
FNDA:0,(anonymous_5)
FNDA:0,(anonymous_6)
FNDA:0,(anonymous_7)
DA:35,0
DA:37,0
DA:38,0
DA:42,0
DA:43,0
DA:46,0
DA:47,0
DA:48,0
DA:49,0
DA:52,0
DA:54,0
DA:62,0
DA:70,0
DA:71,0
DA:73,0
DA:74,0
DA:76,0
DA:77,0
DA:79,0
DA:80,0
DA:82,0
DA:86,0
DA:87,0
DA:90,0
DA:91,0
DA:92,0
DA:93,0
DA:94,0
DA:95,0
DA:98,0
DA:99,0
DA:100,0
DA:101,0
DA:103,0
DA:108,0
DA:111,0
DA:112,0
DA:113,0
DA:116,0
DA:117,0
DA:118,0
DA:119,0
DA:123,0
DA:124,0
DA:125,0
DA:128,0
DA:129,0
DA:130,0
DA:133,0
DA:135,0
DA:137,0
DA:139,0
DA:140,0
DA:142,0
DA:147,0
DA:148,0
DA:152,0
DA:153,0
DA:157,0
DA:158,0
DA:168,0
DA:235,0
DA:236,0
LF:63
LH:0
BRDA:37,0,0,0
BRDA:37,0,1,0
BRDA:42,1,0,0
BRDA:42,1,1,0
BRDA:43,2,0,0
BRDA:43,2,1,0
BRDA:46,3,0,0
BRDA:46,3,1,0
BRDA:47,4,0,0
BRDA:47,4,1,0
BRDA:48,5,0,0
BRDA:48,5,1,0
BRDA:49,6,0,0
BRDA:49,6,1,0
BRDA:70,7,0,0
BRDA:70,7,1,0
BRDA:73,8,0,0
BRDA:73,8,1,0
BRDA:76,9,0,0
BRDA:76,9,1,0
BRDA:79,10,0,0
BRDA:79,10,1,0
BRDA:99,11,0,0
BRDA:99,11,1,0
BRDA:117,12,0,0
BRDA:117,12,1,0
BRDA:123,13,0,0
BRDA:123,13,1,0
BRDA:128,14,0,0
BRDA:128,14,1,0
BRDA:139,15,0,0
BRDA:139,15,1,0
BRDA:142,16,0,0
BRDA:142,16,1,0
BRDA:157,17,0,0
BRDA:157,17,1,0
BRDA:170,18,0,0
BRDA:170,18,1,0
BRDA:185,19,0,0
BRDA:185,19,1,0
BRDA:207,20,0,0
BRDA:207,20,1,0
BRDA:241,21,0,0
BRDA:241,21,1,0
BRDA:248,22,0,0
BRDA:248,22,1,0
BRDA:297,23,0,0
BRDA:297,23,1,0
BRDA:315,24,0,0
BRDA:315,24,1,0
BRDA:348,25,0,0
BRDA:348,25,1,0
BRDA:363,26,0,0
BRDA:363,26,1,0
BRF:54
BRH:0
end_of_record
TN:
SF:app/(auth)/signin.tsx
FN:30,SignInScreen
FN:50,(anonymous_1)
FN:61,(anonymous_2)
FN:107,(anonymous_3)
FN:124,(anonymous_4)
FN:178,(anonymous_5)
FN:186,(anonymous_6)
FNF:7
FNH:0
FNDA:0,SignInScreen
FNDA:0,(anonymous_1)
FNDA:0,(anonymous_2)
FNDA:0,(anonymous_3)
FNDA:0,(anonymous_4)
FNDA:0,(anonymous_5)
FNDA:0,(anonymous_6)
DA:21,0
DA:31,0
DA:33,0
DA:36,0
DA:37,0
DA:38,0
DA:39,0
DA:40,0
DA:49,0
DA:51,0
DA:52,0
DA:53,0
DA:54,0
DA:61,0
DA:62,0
DA:63,0
DA:64,0
DA:68,0
DA:69,0
DA:70,0
DA:71,0
DA:74,0
DA:75,0
DA:77,0
DA:78,0
DA:79,0
DA:81,0
DA:83,0
DA:84,0
DA:86,0
DA:94,0
DA:100,0
DA:102,0
DA:107,0
DA:108,0
DA:109,0
DA:110,0
DA:113,0
DA:114,0
DA:116,0
DA:117,0
DA:124,0
DA:125,0
DA:126,0
DA:127,0
DA:128,0
DA:131,0
DA:179,0
DA:186,0
LF:49
LH:0
BRDA:53,0,0,0
BRDA:53,0,1,0
BRDA:62,1,0,0
BRDA:62,1,1,0
BRDA:69,2,0,0
BRDA:69,2,1,0
BRDA:81,3,0,0
BRDA:81,3,1,0
BRDA:81,4,0,0
BRDA:81,4,1,0
BRDA:84,5,0,0
BRDA:84,5,1,0
BRDA:84,6,0,0
BRDA:84,6,1,0
BRDA:108,7,0,0
BRDA:108,7,1,0
BRDA:116,8,0,0
BRDA:116,8,1,0
BRDA:133,9,0,0
BRDA:133,9,1,0
BRDA:152,10,0,0
BRDA:152,10,1,0
BRDA:159,11,0,0
BRDA:159,11,1,0
BRDA:173,12,0,0
BRDA:173,12,1,0
BRDA:188,13,0,0
BRDA:188,13,1,0
BRDA:227,14,0,0
BRDA:227,14,1,0
BRDA:228,15,0,0
BRDA:228,15,1,0
BRDA:280,16,0,0
BRDA:280,16,1,0
BRF:34
BRH:0
end_of_record
TN:
SF:app/(auth)/signup.tsx
FN:39,validatePassword
FN:55,SignUpScreen
FN:73,(anonymous_2)
FN:84,(anonymous_3)
FN:175,(anonymous_4)
FN:183,(anonymous_5)
FN:256,(anonymous_6)
FN:299,(anonymous_7)
FNF:8
FNH:0
FNDA:0,validatePassword
FNDA:0,SignUpScreen
FNDA:0,(anonymous_2)
FNDA:0,(anonymous_3)
FNDA:0,(anonymous_4)
FNDA:0,(anonymous_5)
FNDA:0,(anonymous_6)
FNDA:0,(anonymous_7)
DA:32,0
DA:40,0
DA:41,0
DA:43,0
DA:44,0
DA:46,0
DA:47,0
DA:49,0
DA:50,0
DA:52,0
DA:56,0
DA:57,0
DA:58,0
DA:61,0
DA:62,0
DA:63,0
DA:64,0
DA:65,0
DA:66,0
DA:69,0
DA:72,0
DA:74,0
DA:75,0
DA:76,0
DA:77,0
DA:84,0
DA:85,0
DA:86,0
DA:89,0
DA:90,0
DA:91,0
DA:95,0
DA:96,0
DA:97,0
DA:100,0
DA:101,0
DA:102,0
DA:103,0
DA:107,0
DA:108,0
DA:109,0
DA:110,0
DA:114,0
DA:115,0
DA:116,0
DA:120,0
DA:127,0
DA:128,0
DA:132,0
DA:176,0
DA:183,0
DA:257,0
DA:258,0
DA:299,0
LF:54
LH:0
BRDA:40,0,0,0
BRDA:40,0,1,0
BRDA:43,1,0,0
BRDA:43,1,1,0
BRDA:46,2,0,0
BRDA:46,2,1,0
BRDA:49,3,0,0
BRDA:49,3,1,0
BRDA:62,4,0,0
BRDA:62,4,1,0
BRDA:76,5,0,0
BRDA:76,5,1,0
BRDA:89,6,0,0
BRDA:89,6,1,0
BRDA:95,7,0,0
BRDA:95,7,1,0
BRDA:101,8,0,0
BRDA:101,8,1,0
BRDA:108,9,0,0
BRDA:108,9,1,0
BRDA:114,10,0,0
BRDA:114,10,1,0
BRDA:124,11,0,0
BRDA:124,11,1,0
BRDA:127,12,0,0
BRDA:127,12,1,0
BRDA:134,13,0,0
BRDA:134,13,1,0
BRDA:158,14,0,0
BRDA:158,14,1,0
BRDA:185,15,0,0
BRDA:185,15,1,0
BRDA:262,16,0,0
BRDA:262,16,1,0
BRDA:294,17,0,0
BRDA:294,17,1,0
BRDA:332,18,0,0
BRDA:332,18,1,0
BRF:38
BRH:0
end_of_record
TN:
SF:app/(auth)/verify-email.tsx
FN:25,VerifyEmailScreen
FN:38,(anonymous_1)
FN:39,(anonymous_2)
FN:62,(anonymous_3)
FN:90,(anonymous_4)
FN:94,(anonymous_5)
FN:174,(anonymous_6)
FN:251,(anonymous_7)
FNF:8
FNH:0
FNDA:0,VerifyEmailScreen
FNDA:0,(anonymous_1)
FNDA:0,(anonymous_2)
FNDA:0,(anonymous_3)
FNDA:0,(anonymous_4)
FNDA:0,(anonymous_5)
FNDA:0,(anonymous_6)
FNDA:0,(anonymous_7)
DA:26,0
DA:27,0
DA:28,0
DA:31,0
DA:32,0
DA:33,0
DA:34,0
DA:35,0
DA:38,0
DA:39,0
DA:40,0
DA:42,0
DA:43,0
DA:46,0
DA:48,0
DA:50,0
DA:51,0
DA:53,0
DA:54,0
DA:58,0
DA:62,0
DA:63,0
DA:64,0
DA:65,0
DA:68,0
DA:69,0
DA:70,0
DA:71,0
DA:74,0
DA:75,0
DA:76,0
DA:78,0
DA:80,0
DA:82,0
DA:83,0
DA:85,0
DA:90,0
DA:91,0
DA:94,0
DA:95,0
DA:99,0
DA:100,0
DA:110,0
DA:174,0
DA:252,0
DA:253,0
DA:254,0
LF:47
LH:0
BRDA:33,0,0,0
BRDA:33,0,1,0
BRDA:33,0,2,0
BRDA:40,1,0,0
BRDA:40,1,1,0
BRDA:48,2,0,0
BRDA:48,2,1,0
BRDA:53,3,0,0
BRDA:53,3,1,0
BRDA:63,4,0,0
BRDA:63,4,1,0
BRDA:69,5,0,0
BRDA:69,5,1,0
BRDA:82,6,0,0
BRDA:82,6,1,0
BRDA:85,7,0,0
BRDA:85,7,1,0
BRDA:99,8,0,0
BRDA:99,8,1,0
BRDA:119,9,0,0
BRDA:119,9,1,0
BRDA:152,10,0,0
BRDA:152,10,1,0
BRDA:167,11,0,0
BRDA:167,11,1,0
BRDA:193,12,0,0
BRDA:193,12,1,0
BRDA:215,13,0,0
BRDA:215,13,1,0
BRDA:229,14,0,0
BRDA:229,14,1,0
BRDA:229,14,2,0
BRDA:265,15,0,0
BRDA:265,15,1,0
BRF:34
BRH:0
end_of_record
TN:
SF:app/(tabs)/_layout.tsx
FN:13,TabBarIcon
FN:20,CartTabIcon
FN:21,(anonymous_2)
FN:50,TabLayout
FN:66,(anonymous_4)
FN:67,(anonymous_5)
FN:70,(anonymous_6)
FN:87,(anonymous_7)
FN:88,(anonymous_8)
FN:91,(anonymous_9)
FN:105,(anonymous_10)
FN:112,(anonymous_11)
FN:119,(anonymous_12)
FNF:13
FNH:0
FNDA:0,TabBarIcon
FNDA:0,CartTabIcon
FNDA:0,(anonymous_2)
FNDA:0,TabLayout
FNDA:0,(anonymous_4)
FNDA:0,(anonymous_5)
FNDA:0,(anonymous_6)
FNDA:0,(anonymous_7)
FNDA:0,(anonymous_8)
FNDA:0,(anonymous_9)
FNDA:0,(anonymous_10)
FNDA:0,(anonymous_11)
FNDA:0,(anonymous_12)
DA:17,0
DA:21,0
DA:23,0
DA:51,0
DA:53,0
DA:66,0
DA:68,0
DA:71,0
DA:87,0
DA:89,0
DA:92,0
DA:105,0
DA:112,0
DA:119,0
LF:14
LH:0
BRDA:26,0,0,0
BRDA:26,0,1,0
BRDA:42,1,0,0
BRDA:42,1,1,0
BRDA:56,2,0,0
BRDA:56,2,1,0
BRDA:74,3,0,0
BRDA:74,3,1,0
BRDA:75,4,0,0
BRDA:75,4,1,0
BRDA:92,5,0,0
BRDA:92,5,1,0
BRDA:93,6,0,0
BRDA:93,6,1,0
BRF:14
BRH:0
end_of_record
TN:
SF:app/(tabs)/blog.tsx
FN:30,BlogCardSkeleton
FN:63,LoadingSkeleton
FN:77,EmptyState
FN:113,ErrorState
FN:157,BlogScreen
FN:170,(anonymous_5)
FN:181,(anonymous_6)
FN:191,(anonymous_7)
FN:198,(anonymous_8)
FN:203,(anonymous_9)
FN:210,(anonymous_10)
FN:223,(anonymous_11)
FN:227,(anonymous_12)
FNF:13
FNH:0
FNDA:0,BlogCardSkeleton
FNDA:0,LoadingSkeleton
FNDA:0,EmptyState
FNDA:0,ErrorState
FNDA:0,BlogScreen
FNDA:0,(anonymous_5)
FNDA:0,(anonymous_6)
FNDA:0,(anonymous_7)
FNDA:0,(anonymous_8)
FNDA:0,(anonymous_9)
FNDA:0,(anonymous_10)
FNDA:0,(anonymous_11)
FNDA:0,(anonymous_12)
DA:31,0
DA:64,0
DA:78,0
DA:114,0
DA:158,0
DA:159,0
DA:160,0
DA:168,0
DA:171,0
DA:172,0
DA:173,0
DA:175,0
DA:180,0
DA:182,0
DA:191,0
DA:192,0
DA:193,0
DA:194,0
DA:198,0
DA:199,0
DA:203,0
DA:209,0
DA:211,0
DA:223,0
DA:226,0
DA:228,0
DA:238,0
DA:239,0
DA:260,0
DA:261,0
DA:285,0
DA:286,0
DA:306,0
DA:355,0
LF:34
LH:0
BRDA:172,0,0,0
BRDA:172,0,1,0
BRDA:203,1,0,0
BRDA:203,1,1,0
BRDA:238,2,0,0
BRDA:238,2,1,0
BRDA:238,3,0,0
BRDA:238,3,1,0
BRDA:260,4,0,0
BRDA:260,4,1,0
BRDA:260,5,0,0
BRDA:260,5,1,0
BRDA:277,6,0,0
BRDA:277,6,1,0
BRDA:285,7,0,0
BRDA:285,7,1,0
BRDA:285,8,0,0
BRDA:285,8,1,0
BRDA:339,9,0,0
BRDA:339,9,1,0
BRF:20
BRH:0
end_of_record
TN:
SF:app/(tabs)/gallery.tsx
FN:42,GalleryScreen
FN:87,(anonymous_1)
FN:93,(anonymous_2)
FN:100,(anonymous_3)
FN:102,(anonymous_4)
FN:110,(anonymous_5)
FN:122,(anonymous_6)
FN:133,(anonymous_7)
FN:140,(anonymous_8)
FN:145,(anonymous_9)
FN:152,(anonymous_10)
FN:157,(anonymous_11)
FN:170,(anonymous_12)
FN:180,(anonymous_13)
FN:187,(anonymous_14)
FN:195,(anonymous_15)
FN:204,(anonymous_16)
FN:215,(anonymous_17)
FN:224,(anonymous_18)
FN:234,(anonymous_19)
FN:246,(anonymous_20)
FN:264,(anonymous_21)
FN:333,(anonymous_22)
FN:342,(anonymous_23)
FN:348,(anonymous_24)
FN:361,(anonymous_25)
FN:449,(anonymous_26)
FN:516,(anonymous_27)
FN:527,(anonymous_28)
FN:566,(anonymous_29)
FN:576,(anonymous_30)
FN:586,(anonymous_31)
FN:619,(anonymous_32)
FN:631,(anonymous_33)
FN:639,(anonymous_34)
FNF:35
FNH:0
FNDA:0,GalleryScreen
FNDA:0,(anonymous_1)
FNDA:0,(anonymous_2)
FNDA:0,(anonymous_3)
FNDA:0,(anonymous_4)
FNDA:0,(anonymous_5)
FNDA:0,(anonymous_6)
FNDA:0,(anonymous_7)
FNDA:0,(anonymous_8)
FNDA:0,(anonymous_9)
FNDA:0,(anonymous_10)
FNDA:0,(anonymous_11)
FNDA:0,(anonymous_12)
FNDA:0,(anonymous_13)
FNDA:0,(anonymous_14)
FNDA:0,(anonymous_15)
FNDA:0,(anonymous_16)
FNDA:0,(anonymous_17)
FNDA:0,(anonymous_18)
FNDA:0,(anonymous_19)
FNDA:0,(anonymous_20)
FNDA:0,(anonymous_21)
FNDA:0,(anonymous_22)
FNDA:0,(anonymous_23)
FNDA:0,(anonymous_24)
FNDA:0,(anonymous_25)
FNDA:0,(anonymous_26)
FNDA:0,(anonymous_27)
FNDA:0,(anonymous_28)
FNDA:0,(anonymous_29)
FNDA:0,(anonymous_30)
FNDA:0,(anonymous_31)
FNDA:0,(anonymous_32)
FNDA:0,(anonymous_33)
FNDA:0,(anonymous_34)
DA:43,0
DA:44,0
DA:45,0
DA:46,0
DA:47,0
DA:48,0
DA:49,0
DA:84,0
DA:87,0
DA:88,0
DA:89,0
DA:93,0
DA:94,0
DA:95,0
DA:100,0
DA:101,0
DA:102,0
DA:103,0
DA:107,0
DA:110,0
DA:111,0
DA:112,0
DA:113,0
DA:114,0
DA:115,0
DA:119,0
DA:122,0
DA:123,0
DA:124,0
DA:125,0
DA:126,0
DA:128,0
DA:132,0
DA:134,0
DA:140,0
DA:145,0
DA:146,0
DA:147,0
DA:151,0
DA:153,0
DA:154,0
DA:157,0
DA:158,0
DA:159,0
DA:169,0
DA:171,0
DA:172,0
DA:173,0
DA:180,0
DA:181,0
DA:182,0
DA:183,0
DA:187,0
DA:188,0
DA:189,0
DA:194,0
DA:196,0
DA:197,0
DA:203,0
DA:205,0
DA:206,0
DA:207,0
DA:208,0
DA:215,0
DA:216,0
DA:225,0
DA:233,0
DA:235,0
DA:236,0
DA:237,0
DA:238,0
DA:245,0
DA:247,0
DA:264,0
DA:333,0
DA:343,0
DA:348,0
DA:362,0
DA:363,0
DA:388,0
DA:449,0
DA:516,0
DA:527,0
DA:566,0
DA:576,0
DA:586,0
DA:620,0
DA:621,0
DA:632,0
DA:639,0
LF:90
LH:0
BRDA:94,0,0,0
BRDA:94,0,1,0
BRDA:101,1,0,0
BRDA:101,1,1,0
BRDA:103,2,0,0
BRDA:103,2,1,0
BRDA:112,3,0,0
BRDA:112,3,1,0
BRDA:113,4,0,0
BRDA:113,4,1,0
BRDA:113,5,0,0
BRDA:113,5,1,0
BRDA:114,6,0,0
BRDA:114,6,1,0
BRDA:123,7,0,0
BRDA:123,7,1,0
BRDA:123,8,0,0
BRDA:123,8,1,0
BRDA:124,9,0,0
BRDA:124,9,1,0
BRDA:125,10,0,0
BRDA:125,10,1,0
BRDA:153,11,0,0
BRDA:153,11,1,0
BRDA:158,12,0,0
BRDA:158,12,1,0
BRDA:161,13,0,0
BRDA:161,13,1,0
BRDA:171,14,0,0
BRDA:171,14,1,0
BRDA:188,15,0,0
BRDA:188,15,1,0
BRDA:188,16,0,0
BRDA:188,16,1,0
BRDA:207,17,0,0
BRDA:207,17,1,0
BRDA:218,18,0,0
BRDA:218,18,1,0
BRDA:237,19,0,0
BRDA:237,19,1,0
BRDA:268,20,0,0
BRDA:268,20,1,0
BRDA:269,21,0,0
BRDA:269,21,1,0
BRDA:291,22,0,0
BRDA:291,22,1,0
BRDA:334,23,0,0
BRDA:334,23,1,0
BRDA:340,24,0,0
BRDA:340,24,1,0
BRDA:349,25,0,0
BRDA:349,25,1,0
BRDA:401,26,0,0
BRDA:401,26,1,0
BRDA:423,27,0,0
BRDA:423,27,1,0
BRDA:424,28,0,0
BRDA:424,28,1,0
BRDA:470,29,0,0
BRDA:470,29,1,0
BRDA:470,30,0,0
BRDA:470,30,1,0
BRDA:483,31,0,0
BRDA:483,31,1,0
BRDA:500,32,0,0
BRDA:500,32,1,0
BRDA:500,32,2,0
BRDA:613,33,0,0
BRDA:613,33,1,0
BRF:69
BRH:0
end_of_record
TN:
SF:app/(tabs)/index.tsx
FN:47,TokenBalanceCard
FN:50,(anonymous_1)
FN:79,(anonymous_2)
FN:127,FeaturesSection
FN:187,BeforeAfterSection
FN:213,QuickActionsSection
FN:214,(anonymous_6)
FN:218,(anonymous_7)
FN:288,RecentEnhancementItem
FN:289,(anonymous_9)
FN:324,RecentEnhancementsSection
FN:327,(anonymous_11)
FN:353,(anonymous_12)
FN:366,(anonymous_13)
FN:367,(anonymous_14)
FN:384,HomeScreen
FN:389,(anonymous_16)
FNF:17
FNH:0
FNDA:0,TokenBalanceCard
FNDA:0,(anonymous_1)
FNDA:0,(anonymous_2)
FNDA:0,FeaturesSection
FNDA:0,BeforeAfterSection
FNDA:0,QuickActionsSection
FNDA:0,(anonymous_6)
FNDA:0,(anonymous_7)
FNDA:0,RecentEnhancementItem
FNDA:0,(anonymous_9)
FNDA:0,RecentEnhancementsSection
FNDA:0,(anonymous_11)
FNDA:0,(anonymous_12)
FNDA:0,(anonymous_13)
FNDA:0,(anonymous_14)
FNDA:0,HomeScreen
FNDA:0,(anonymous_16)
DA:35,0
DA:41,0
DA:48,0
DA:50,0
DA:51,0
DA:54,0
DA:60,0
DA:79,0
DA:128,0
DA:188,0
DA:214,0
DA:215,0
DA:218,0
DA:219,0
DA:222,0
DA:289,0
DA:290,0
DA:293,0
DA:298,0
DA:325,0
DA:327,0
DA:328,0
DA:331,0
DA:332,0
DA:342,0
DA:343,0
DA:346,0
DA:353,0
DA:366,0
DA:368,0
DA:385,0
DA:386,0
DA:387,0
DA:389,0
DA:390,0
DA:391,0
DA:394,0
DA:434,0
LF:38
LH:0
BRDA:66,0,0,0
BRDA:66,0,1,0
BRDA:331,1,0,0
BRDA:331,1,1,0
BRDA:331,2,0,0
BRDA:331,2,1,0
BRDA:342,3,0,0
BRDA:342,3,1,0
BRF:8
BRH:0
end_of_record
TN:
SF:app/(tabs)/merch.tsx
FN:35,CategoryFilter
FN:55,(anonymous_1)
FN:60,(anonymous_2)
FN:67,(anonymous_3)
FN:78,ProductCard
FN:79,(anonymous_5)
FN:83,(anonymous_6)
FN:85,(anonymous_7)
FN:150,ProductGrid
FN:160,(anonymous_9)
FN:164,(anonymous_10)
FN:194,SearchBar
FN:221,LoadingState
FN:232,ErrorState
FN:259,MerchScreen
FN:266,(anonymous_15)
FN:276,(anonymous_16)
FN:286,(anonymous_17)
FN:291,(anonymous_18)
FN:295,(anonymous_19)
FNF:20
FNH:0
FNDA:0,CategoryFilter
FNDA:0,(anonymous_1)
FNDA:0,(anonymous_2)
FNDA:0,(anonymous_3)
FNDA:0,ProductCard
FNDA:0,(anonymous_5)
FNDA:0,(anonymous_6)
FNDA:0,(anonymous_7)
FNDA:0,ProductGrid
FNDA:0,(anonymous_9)
FNDA:0,(anonymous_10)
FNDA:0,SearchBar
FNDA:0,LoadingState
FNDA:0,ErrorState
FNDA:0,MerchScreen
FNDA:0,(anonymous_15)
FNDA:0,(anonymous_16)
FNDA:0,(anonymous_17)
FNDA:0,(anonymous_18)
FNDA:0,(anonymous_19)
DA:28,0
DA:29,0
DA:44,0
DA:55,0
DA:61,0
DA:67,0
DA:79,0
DA:80,0
DA:83,0
DA:84,0
DA:85,0
DA:86,0
DA:89,0
DA:159,0
DA:160,0
DA:164,0
DA:166,0
DA:167,0
DA:180,0
DA:201,0
DA:222,0
DA:239,0
DA:260,0
DA:261,0
DA:264,0
DA:267,0
DA:268,0
DA:269,0
DA:274,0
DA:277,0
DA:281,0
DA:282,0
DA:286,0
DA:287,0
DA:288,0
DA:291,0
DA:292,0
DA:295,0
DA:296,0
DA:300,0
DA:301,0
DA:309,0
DA:310,0
DA:320,0
LF:44
LH:0
BRDA:52,0,0,0
BRDA:52,0,1,0
BRDA:53,1,0,0
BRDA:53,1,1,0
BRDA:54,2,0,0
BRDA:54,2,1,0
BRDA:64,3,0,0
BRDA:64,3,1,0
BRDA:65,4,0,0
BRDA:65,4,1,0
BRDA:66,5,0,0
BRDA:66,5,1,0
BRDA:70,6,0,0
BRDA:70,6,1,0
BRDA:84,7,0,0
BRDA:84,7,1,0
BRDA:84,8,0,0
BRDA:84,8,1,0
BRDA:100,9,0,0
BRDA:100,9,1,0
BRDA:166,10,0,0
BRDA:166,10,1,0
BRDA:268,11,0,0
BRDA:268,11,1,0
BRDA:269,12,0,0
BRDA:269,12,1,0
BRDA:278,13,0,0
BRDA:278,13,1,0
BRDA:279,14,0,0
BRDA:279,14,1,0
BRDA:281,15,0,0
BRDA:281,15,1,0
BRDA:282,16,0,0
BRDA:282,16,1,0
BRDA:300,17,0,0
BRDA:300,17,1,0
BRDA:300,18,0,0
BRDA:300,18,1,0
BRDA:309,19,0,0
BRDA:309,19,1,0
BRDA:309,20,0,0
BRDA:309,20,1,0
BRDA:336,21,0,0
BRDA:336,21,1,0
BRDA:336,21,2,0
BRDA:348,22,0,0
BRDA:348,22,1,0
BRF:47
BRH:0
end_of_record
TN:
SF:app/(tabs)/profile.tsx
FN:14,ProfileScreen
FN:20,(anonymous_1)
FN:32,(anonymous_2)
FN:43,(anonymous_3)
FN:48,(anonymous_4)
FN:52,(anonymous_5)
FNF:6
FNH:0
FNDA:0,ProfileScreen
FNDA:0,(anonymous_1)
FNDA:0,(anonymous_2)
FNDA:0,(anonymous_3)
FNDA:0,(anonymous_4)
FNDA:0,(anonymous_5)
DA:15,0
DA:16,0
DA:17,0
DA:20,0
DA:21,0
DA:33,0
DA:34,0
DA:43,0
DA:44,0
DA:48,0
DA:49,0
DA:50,0
DA:52,0
DA:59,0
DA:60,0
DA:71,0
DA:72,0
DA:105,0
LF:18
LH:0
BRDA:49,0,0,0
BRDA:49,0,1,0
BRDA:59,1,0,0
BRDA:59,1,1,0
BRDA:71,2,0,0
BRDA:71,2,1,0
BRDA:71,3,0,0
BRDA:71,3,1,0
BRDA:111,4,0,0
BRDA:111,4,1,0
BRDA:123,5,0,0
BRDA:123,5,1,0
BRDA:142,6,0,0
BRDA:142,6,1,0
BRDA:146,7,0,0
BRDA:146,7,1,0
BRF:16
BRH:0
end_of_record
TN:
SF:app/admin/_layout.tsx
FN:13,AdminLayout
FN:55,(anonymous_1)
FNF:2
FNH:0
FNDA:0,AdminLayout
FNDA:0,(anonymous_1)
DA:14,0
DA:15,0
DA:18,0
DA:19,0
DA:37,0
DA:38,0
DA:42,0
DA:44,0
DA:45,0
DA:55,0
DA:64,0
LF:11
LH:0
BRDA:18,0,0,0
BRDA:18,0,1,0
BRDA:37,1,0,0
BRDA:37,1,1,0
BRDA:37,2,0,0
BRDA:37,2,1,0
BRDA:42,3,0,0
BRDA:42,3,1,0
BRDA:44,4,0,0
BRDA:44,4,1,0
BRF:10
BRH:0
end_of_record
TN:
SF:app/admin/index.tsx
FN:24,StatCard
FN:58,QuickAction
FN:102,JobStatusBadge
FN:103,(anonymous_3)
FN:143,AdminDashboard
FN:154,(anonymous_5)
FN:181,(anonymous_6)
FN:274,(anonymous_7)
FN:281,(anonymous_8)
FN:288,(anonymous_9)
FN:295,(anonymous_10)
FNF:11
FNH:0
FNDA:0,StatCard
FNDA:0,QuickAction
FNDA:0,JobStatusBadge
FNDA:0,(anonymous_3)
FNDA:0,AdminDashboard
FNDA:0,(anonymous_5)
FNDA:0,(anonymous_6)
FNDA:0,(anonymous_7)
FNDA:0,(anonymous_8)
FNDA:0,(anonymous_9)
FNDA:0,(anonymous_10)
DA:25,0
DA:59,0
DA:103,0
DA:104,0
DA:106,0
DA:108,0
DA:110,0
DA:112,0
DA:114,0
DA:118,0
DA:120,0
DA:144,0
DA:152,0
DA:155,0
DA:156,0
DA:157,0
DA:159,0
DA:164,0
DA:165,0
DA:172,0
DA:173,0
DA:181,0
DA:190,0
DA:274,0
DA:281,0
DA:288,0
DA:295,0
LF:27
LH:0
BRDA:24,0,0,0
BRDA:41,1,0,0
BRDA:41,1,1,0
BRDA:104,2,0,0
BRDA:104,2,1,0
BRDA:104,2,2,0
BRDA:104,2,3,0
BRDA:104,2,4,0
BRDA:156,3,0,0
BRDA:156,3,1,0
BRDA:164,4,0,0
BRDA:164,4,1,0
BRDA:172,5,0,0
BRDA:172,5,1,0
BRDA:179,6,0,0
BRDA:179,6,1,0
BRDA:205,7,0,0
BRDA:205,7,1,0
BRDA:206,8,0,0
BRDA:206,8,1,0
BRDA:210,9,0,0
BRDA:210,9,1,0
BRDA:217,10,0,0
BRDA:217,10,1,0
BRDA:222,11,0,0
BRDA:222,11,1,0
BRDA:239,12,0,0
BRDA:239,12,1,0
BRDA:243,13,0,0
BRDA:243,13,1,0
BRDA:247,14,0,0
BRDA:247,14,1,0
BRDA:251,15,0,0
BRDA:251,15,1,0
BRDA:254,16,0,0
BRDA:254,16,1,0
BRDA:254,17,0,0
BRDA:254,17,1,0
BRDA:254,18,0,0
BRDA:254,18,1,0
BRDA:256,19,0,0
BRDA:256,19,1,0
BRDA:256,20,0,0
BRDA:256,20,1,0
BRDA:279,21,0,0
BRDA:279,21,1,0
BRDA:286,22,0,0
BRDA:286,22,1,0
BRDA:301,23,0,0
BRDA:301,23,1,0
BRF:50
BRH:0
end_of_record
TN:
SF:app/admin/analytics/index.tsx
FN:34,StatCard
FN:59,DateRangeSelector
FN:68,(anonymous_2)
FN:69,(anonymous_3)
FN:97,ChartBar
FN:127,DailyTokenChart
FN:129,(anonymous_6)
FN:157,(anonymous_7)
FN:222,UserGrowthChart
FN:224,(anonymous_9)
FN:237,(anonymous_10)
FN:262,AuthProviderChart
FN:263,(anonymous_12)
FN:265,(anonymous_13)
FN:286,(anonymous_14)
FN:329,PackageSalesChart
FN:330,(anonymous_16)
FN:343,(anonymous_17)
FN:377,AdminAnalyticsScreen
FN:388,(anonymous_19)
FN:405,(anonymous_20)
FN:418,(anonymous_21)
FN:491,(anonymous_22)
FN:558,(anonymous_23)
FNF:24
FNH:0
FNDA:0,StatCard
FNDA:0,DateRangeSelector
FNDA:0,(anonymous_2)
FNDA:0,(anonymous_3)
FNDA:0,ChartBar
FNDA:0,DailyTokenChart
FNDA:0,(anonymous_6)
FNDA:0,(anonymous_7)
FNDA:0,UserGrowthChart
FNDA:0,(anonymous_9)
FNDA:0,(anonymous_10)
FNDA:0,AuthProviderChart
FNDA:0,(anonymous_12)
FNDA:0,(anonymous_13)
FNDA:0,(anonymous_14)
FNDA:0,PackageSalesChart
FNDA:0,(anonymous_16)
FNDA:0,(anonymous_17)
FNDA:0,AdminAnalyticsScreen
FNDA:0,(anonymous_19)
FNDA:0,(anonymous_20)
FNDA:0,(anonymous_21)
FNDA:0,(anonymous_22)
FNDA:0,(anonymous_23)
DA:35,0
DA:60,0
DA:66,0
DA:69,0
DA:98,0
DA:100,0
DA:128,0
DA:129,0
DA:131,0
DA:158,0
DA:163,0
DA:223,0
DA:224,0
DA:226,0
DA:238,0
DA:243,0
DA:263,0
DA:265,0
DA:266,0
DA:272,0
DA:275,0
DA:287,0
DA:288,0
DA:289,0
DA:330,0
DA:332,0
DA:344,0
DA:378,0
DA:386,0
DA:389,0
DA:390,0
DA:391,0
DA:393,0
DA:403,0
DA:406,0
DA:407,0
DA:408,0
DA:410,0
DA:414,0
DA:415,0
DA:416,0
DA:418,0
DA:419,0
DA:420,0
DA:423,0
DA:424,0
DA:431,0
DA:432,0
DA:449,0
DA:491,0
DA:559,0
DA:560,0
DA:561,0
LF:53
LH:0
BRDA:34,0,0,0
BRDA:44,1,0,0
BRDA:44,1,1,0
BRDA:71,2,0,0
BRDA:71,2,1,0
BRDA:79,3,0,0
BRDA:79,3,1,0
BRDA:98,4,0,0
BRDA:98,4,1,0
BRDA:152,5,0,0
BRDA:152,5,1,0
BRDA:184,6,0,0
BRDA:184,6,1,0
BRDA:204,7,0,0
BRDA:204,7,1,0
BRDA:232,8,0,0
BRDA:232,8,1,0
BRDA:272,9,0,0
BRDA:272,9,1,0
BRDA:281,10,0,0
BRDA:281,10,1,0
BRDA:287,11,0,0
BRDA:287,11,1,0
BRDA:295,12,0,0
BRDA:295,12,1,0
BRDA:338,13,0,0
BRDA:338,13,1,0
BRDA:390,14,0,0
BRDA:390,14,1,0
BRDA:407,15,0,0
BRDA:407,15,1,0
BRDA:414,16,0,0
BRDA:414,16,1,0
BRDA:415,17,0,0
BRDA:415,17,1,0
BRDA:416,18,0,0
BRDA:416,18,1,0
BRDA:423,19,0,0
BRDA:423,19,1,0
BRDA:431,20,0,0
BRDA:431,20,1,0
BRDA:438,21,0,0
BRDA:438,21,1,0
BRDA:470,22,0,0
BRDA:470,22,1,0
BRDA:475,23,0,0
BRDA:475,23,1,0
BRDA:476,24,0,0
BRDA:476,24,1,0
BRDA:483,25,0,0
BRDA:483,25,1,0
BRDA:489,26,0,0
BRDA:489,26,1,0
BRDA:489,27,0,0
BRDA:489,27,1,0
BRDA:511,28,0,0
BRDA:511,28,1,0
BRDA:516,29,0,0
BRDA:516,29,1,0
BRDA:517,30,0,0
BRDA:517,30,1,0
BRDA:524,31,0,0
BRDA:524,31,1,0
BRDA:534,32,0,0
BRDA:534,32,1,0
BRDA:539,33,0,0
BRDA:539,33,1,0
BRDA:542,34,0,0
BRDA:542,34,1,0
BRDA:545,35,0,0
BRDA:545,35,1,0
BRDA:553,36,0,0
BRDA:553,36,1,0
BRDA:553,37,0,0
BRDA:553,37,1,0
BRDA:576,38,0,0
BRDA:576,38,1,0
BRDA:578,39,0,0
BRDA:578,39,1,0
BRF:79
BRH:0
end_of_record
TN:
SF:app/admin/jobs/index.tsx
FN:23,StatusFilter
FN:34,(anonymous_1)
FN:37,(anonymous_2)
FN:73,TypeFilter
FN:82,(anonymous_4)
FN:83,(anonymous_5)
FN:108,JobStatusBadge
FN:109,(anonymous_7)
FN:148,SourceBadge
FN:173,JobCard
FN:253,(anonymous_10)
FN:279,JobQueuePage
FN:293,(anonymous_12)
FN:308,(anonymous_13)
FN:316,(anonymous_14)
FN:324,(anonymous_15)
FN:333,(anonymous_16)
FN:339,(anonymous_17)
FN:344,(anonymous_18)
FN:377,(anonymous_19)
FN:407,(anonymous_20)
FN:421,(anonymous_21)
FN:422,(anonymous_22)
FNF:23
FNH:0
FNDA:0,StatusFilter
FNDA:0,(anonymous_1)
FNDA:0,(anonymous_2)
FNDA:0,TypeFilter
FNDA:0,(anonymous_4)
FNDA:0,(anonymous_5)
FNDA:0,JobStatusBadge
FNDA:0,(anonymous_7)
FNDA:0,SourceBadge
FNDA:0,JobCard
FNDA:0,(anonymous_10)
FNDA:0,JobQueuePage
FNDA:0,(anonymous_12)
FNDA:0,(anonymous_13)
FNDA:0,(anonymous_14)
FNDA:0,(anonymous_15)
FNDA:0,(anonymous_16)
FNDA:0,(anonymous_17)
FNDA:0,(anonymous_18)
FNDA:0,(anonymous_19)
FNDA:0,(anonymous_20)
FNDA:0,(anonymous_21)
FNDA:0,(anonymous_22)
DA:24,0
DA:32,0
DA:35,0
DA:37,0
DA:74,0
DA:80,0
DA:83,0
DA:109,0
DA:110,0
DA:112,0
DA:114,0
DA:116,0
DA:118,0
DA:120,0
DA:122,0
DA:124,0
DA:128,0
DA:130,0
DA:149,0
DA:174,0
DA:176,0
DA:253,0
DA:280,0
DA:281,0
DA:282,0
DA:283,0
DA:291,0
DA:294,0
DA:299,0
DA:300,0
DA:302,0
DA:307,0
DA:309,0
DA:310,0
DA:311,0
DA:312,0
DA:314,0
DA:317,0
DA:318,0
DA:319,0
DA:325,0
DA:326,0
DA:333,0
DA:334,0
DA:339,0
DA:344,0
DA:345,0
DA:377,0
DA:378,0
DA:390,0
DA:391,0
DA:398,0
DA:399,0
DA:407,0
DA:416,0
DA:421,0
DA:423,0
LF:57
LH:0
BRDA:36,0,0,0
BRDA:36,0,1,0
BRDA:40,1,0,0
BRDA:40,1,1,0
BRDA:49,2,0,0
BRDA:49,2,1,0
BRDA:55,3,0,0
BRDA:55,3,1,0
BRDA:57,4,0,0
BRDA:57,4,1,0
BRDA:57,5,0,0
BRDA:57,5,1,0
BRDA:85,6,0,0
BRDA:85,6,1,0
BRDA:93,7,0,0
BRDA:93,7,1,0
BRDA:110,8,0,0
BRDA:110,8,1,0
BRDA:110,8,2,0
BRDA:110,8,3,0
BRDA:110,8,4,0
BRDA:110,8,5,0
BRDA:110,8,6,0
BRDA:151,9,0,0
BRDA:151,9,1,0
BRDA:159,10,0,0
BRDA:159,10,1,0
BRDA:192,11,0,0
BRDA:192,11,1,0
BRDA:226,12,0,0
BRDA:226,12,1,0
BRDA:233,13,0,0
BRDA:233,13,1,0
BRDA:233,13,2,0
BRDA:251,14,0,0
BRDA:251,14,1,0
BRDA:261,15,0,0
BRDA:261,15,1,0
BRDA:264,16,0,0
BRDA:264,16,1,0
BRDA:299,17,0,0
BRDA:299,17,1,0
BRDA:311,18,0,0
BRDA:311,18,1,0
BRDA:328,19,0,0
BRDA:328,19,1,0
BRDA:352,20,0,0
BRDA:352,20,1,0
BRDA:361,21,0,0
BRDA:361,21,1,0
BRDA:366,22,0,0
BRDA:366,22,1,0
BRDA:368,23,0,0
BRDA:368,23,1,0
BRDA:383,24,0,0
BRDA:383,24,1,0
BRDA:390,25,0,0
BRDA:390,25,1,0
BRDA:398,26,0,0
BRDA:398,26,1,0
BRDA:405,27,0,0
BRDA:405,27,1,0
BRDA:420,28,0,0
BRDA:420,28,1,0
BRF:64
BRH:0
end_of_record
TN:
SF:app/admin/users/[userId].tsx
FN:38,InfoRow
FN:57,RoleSelector
FN:62,(anonymous_2)
FN:65,(anonymous_3)
FN:98,TransactionItem
FN:133,UserDetailPage
FN:149,(anonymous_6)
FN:161,(anonymous_7)
FN:169,(anonymous_8)
FN:173,(anonymous_9)
FN:179,(anonymous_10)
FN:187,(anonymous_11)
FN:193,(anonymous_12)
FN:199,(anonymous_13)
FN:207,(anonymous_14)
FN:210,(anonymous_15)
FN:213,(anonymous_16)
FN:218,(anonymous_17)
FN:224,(anonymous_18)
FN:229,(anonymous_19)
FN:242,(anonymous_20)
FN:251,(anonymous_21)
FN:260,(anonymous_22)
FN:287,(anonymous_23)
FN:353,(anonymous_24)
FN:381,(anonymous_25)
FN:420,(anonymous_26)
FN:482,(anonymous_27)
FNF:28
FNH:0
FNDA:0,InfoRow
FNDA:0,RoleSelector
FNDA:0,(anonymous_2)
FNDA:0,(anonymous_3)
FNDA:0,TransactionItem
FNDA:0,UserDetailPage
FNDA:0,(anonymous_6)
FNDA:0,(anonymous_7)
FNDA:0,(anonymous_8)
FNDA:0,(anonymous_9)
FNDA:0,(anonymous_10)
FNDA:0,(anonymous_11)
FNDA:0,(anonymous_12)
FNDA:0,(anonymous_13)
FNDA:0,(anonymous_14)
FNDA:0,(anonymous_15)
FNDA:0,(anonymous_16)
FNDA:0,(anonymous_17)
FNDA:0,(anonymous_18)
FNDA:0,(anonymous_19)
FNDA:0,(anonymous_20)
FNDA:0,(anonymous_21)
FNDA:0,(anonymous_22)
FNDA:0,(anonymous_23)
FNDA:0,(anonymous_24)
FNDA:0,(anonymous_25)
FNDA:0,(anonymous_26)
FNDA:0,(anonymous_27)
DA:39,0
DA:58,0
DA:60,0
DA:63,0
DA:65,0
DA:99,0
DA:101,0
DA:134,0
DA:135,0
DA:136,0
DA:138,0
DA:139,0
DA:147,0
DA:150,0
DA:151,0
DA:152,0
DA:153,0
DA:155,0
DA:160,0
DA:162,0
DA:163,0
DA:164,0
DA:165,0
DA:167,0
DA:170,0
DA:171,0
DA:174,0
DA:178,0
DA:180,0
DA:181,0
DA:182,0
DA:183,0
DA:185,0
DA:188,0
DA:189,0
DA:190,0
DA:191,0
DA:194,0
DA:198,0
DA:200,0
DA:201,0
DA:202,0
DA:203,0
DA:205,0
DA:208,0
DA:209,0
DA:210,0
DA:214,0
DA:218,0
DA:219,0
DA:224,0
DA:229,0
DA:230,0
DA:231,0
DA:232,0
DA:233,0
DA:235,0
DA:236,0
DA:237,0
DA:239,0
DA:242,0
DA:243,0
DA:252,0
DA:260,0
DA:270,0
DA:271,0
DA:278,0
DA:279,0
DA:287,0
DA:296,0
DA:353,0
DA:382,0
DA:420,0
DA:483,0
DA:484,0
LF:75
LH:0
BRDA:45,0,0,0
BRDA:45,0,1,0
BRDA:66,1,0,0
BRDA:66,1,1,0
BRDA:69,2,0,0
BRDA:69,2,1,0
BRDA:73,3,0,0
BRDA:73,3,1,0
BRDA:78,4,0,0
BRDA:78,4,1,0
BRDA:120,5,0,0
BRDA:120,5,1,0
BRDA:122,6,0,0
BRDA:122,6,1,0
BRDA:150,7,0,0
BRDA:150,7,1,0
BRDA:152,8,0,0
BRDA:152,8,1,0
BRDA:162,9,0,0
BRDA:162,9,1,0
BRDA:164,10,0,0
BRDA:164,10,1,0
BRDA:174,11,0,0
BRDA:174,11,1,0
BRDA:180,12,0,0
BRDA:180,12,1,0
BRDA:182,13,0,0
BRDA:182,13,1,0
BRDA:194,14,0,0
BRDA:194,14,1,0
BRDA:200,15,0,0
BRDA:200,15,1,0
BRDA:202,16,0,0
BRDA:202,16,1,0
BRDA:214,17,0,0
BRDA:214,17,1,0
BRDA:231,18,0,0
BRDA:231,18,1,0
BRDA:235,19,0,0
BRDA:235,19,1,0
BRDA:270,20,0,0
BRDA:270,20,1,0
BRDA:278,21,0,0
BRDA:278,21,1,0
BRDA:278,22,0,0
BRDA:278,22,1,0
BRDA:285,23,0,0
BRDA:285,23,1,0
BRDA:317,24,0,0
BRDA:317,24,1,0
BRDA:373,25,0,0
BRDA:373,25,1,0
BRDA:409,26,0,0
BRDA:409,26,1,0
BRDA:498,27,0,0
BRDA:498,27,1,0
BRDA:504,28,0,0
BRDA:504,28,1,0
BRF:58
BRH:0
end_of_record
TN:
SF:app/admin/users/index.tsx
FN:28,RoleBadge
FN:29,(anonymous_1)
FN:61,UserCard
FN:120,UserManagementPage
FN:126,(anonymous_4)
FN:129,(anonymous_5)
FN:142,(anonymous_6)
FN:151,(anonymous_7)
FN:155,(anonymous_8)
FN:168,(anonymous_9)
FN:228,(anonymous_10)
FN:242,(anonymous_11)
FN:243,(anonymous_12)
FN:243,(anonymous_13)
FNF:14
FNH:0
FNDA:0,RoleBadge
FNDA:0,(anonymous_1)
FNDA:0,UserCard
FNDA:0,UserManagementPage
FNDA:0,(anonymous_4)
FNDA:0,(anonymous_5)
FNDA:0,(anonymous_6)
FNDA:0,(anonymous_7)
FNDA:0,(anonymous_8)
FNDA:0,(anonymous_9)
FNDA:0,(anonymous_10)
FNDA:0,(anonymous_11)
FNDA:0,(anonymous_12)
FNDA:0,(anonymous_13)
DA:29,0
DA:30,0
DA:32,0
DA:34,0
DA:36,0
DA:40,0
DA:42,0
DA:62,0
DA:121,0
DA:122,0
DA:123,0
DA:126,0
DA:127,0
DA:129,0
DA:130,0
DA:140,0
DA:143,0
DA:144,0
DA:145,0
DA:147,0
DA:151,0
DA:152,0
DA:155,0
DA:156,0
DA:168,0
DA:169,0
DA:211,0
DA:212,0
DA:219,0
DA:220,0
DA:228,0
DA:237,0
DA:242,0
DA:243,0
LF:34
LH:0
BRDA:30,0,0,0
BRDA:30,0,1,0
BRDA:30,0,2,0
BRDA:75,1,0,0
BRDA:75,1,1,0
BRDA:78,2,0,0
BRDA:78,2,1,0
BRDA:143,3,0,0
BRDA:143,3,1,0
BRDA:144,4,0,0
BRDA:144,4,1,0
BRDA:147,5,0,0
BRDA:147,5,1,0
BRDA:161,6,0,0
BRDA:161,6,1,0
BRDA:200,7,0,0
BRDA:200,7,1,0
BRDA:202,8,0,0
BRDA:202,8,1,0
BRDA:211,9,0,0
BRDA:211,9,1,0
BRDA:219,10,0,0
BRDA:219,10,1,0
BRDA:226,11,0,0
BRDA:226,11,1,0
BRDA:241,12,0,0
BRDA:241,12,1,0
BRF:27
BRH:0
end_of_record
TN:
SF:app/admin/vouchers/index.tsx
FN:38,StatusBadge
FN:39,(anonymous_1)
FN:77,VoucherCard
FN:153,(anonymous_3)
FN:171,(anonymous_4)
FN:188,(anonymous_5)
FN:221,CreateVoucherModal
FN:232,(anonymous_7)
FN:250,(anonymous_8)
FN:331,(anonymous_9)
FN:350,(anonymous_10)
FN:430,(anonymous_11)
FN:466,VoucherManagementPage
FN:481,(anonymous_13)
FN:491,(anonymous_14)
FN:498,(anonymous_15)
FN:503,(anonymous_16)
FN:512,(anonymous_17)
FN:526,(anonymous_18)
FN:531,(anonymous_19)
FN:541,(anonymous_20)
FN:549,(anonymous_21)
FN:554,(anonymous_22)
FN:563,(anonymous_23)
FN:574,(anonymous_24)
FN:580,(anonymous_25)
FN:589,(anonymous_26)
FN:595,(anonymous_27)
FN:599,(anonymous_28)
FN:626,(anonymous_29)
FN:654,(anonymous_30)
FN:669,(anonymous_31)
FN:670,(anonymous_32)
FN:685,(anonymous_33)
FN:686,(anonymous_34)
FNF:35
FNH:0
FNDA:0,StatusBadge
FNDA:0,(anonymous_1)
FNDA:0,VoucherCard
FNDA:0,(anonymous_3)
FNDA:0,(anonymous_4)
FNDA:0,(anonymous_5)
FNDA:0,CreateVoucherModal
FNDA:0,(anonymous_7)
FNDA:0,(anonymous_8)
FNDA:0,(anonymous_9)
FNDA:0,(anonymous_10)
FNDA:0,(anonymous_11)
FNDA:0,VoucherManagementPage
FNDA:0,(anonymous_13)
FNDA:0,(anonymous_14)
FNDA:0,(anonymous_15)
FNDA:0,(anonymous_16)
FNDA:0,(anonymous_17)
FNDA:0,(anonymous_18)
FNDA:0,(anonymous_19)
FNDA:0,(anonymous_20)
FNDA:0,(anonymous_21)
FNDA:0,(anonymous_22)
FNDA:0,(anonymous_23)
FNDA:0,(anonymous_24)
FNDA:0,(anonymous_25)
FNDA:0,(anonymous_26)
FNDA:0,(anonymous_27)
FNDA:0,(anonymous_28)
FNDA:0,(anonymous_29)
FNDA:0,(anonymous_30)
FNDA:0,(anonymous_31)
FNDA:0,(anonymous_32)
FNDA:0,(anonymous_33)
FNDA:0,(anonymous_34)
DA:39,0
DA:40,0
DA:42,0
DA:44,0
DA:46,0
DA:48,0
DA:50,0
DA:54,0
DA:56,0
DA:83,0
DA:153,0
DA:171,0
DA:188,0
DA:227,0
DA:228,0
DA:229,0
DA:230,0
DA:232,0
DA:233,0
DA:234,0
DA:235,0
DA:237,0
DA:238,0
DA:239,0
DA:242,0
DA:250,0
DA:251,0
DA:252,0
DA:253,0
DA:254,0
DA:257,0
DA:331,0
DA:350,0
DA:431,0
DA:432,0
DA:467,0
DA:468,0
DA:469,0
DA:479,0
DA:482,0
DA:483,0
DA:484,0
DA:486,0
DA:490,0
DA:492,0
DA:493,0
DA:494,0
DA:496,0
DA:499,0
DA:500,0
DA:501,0
DA:504,0
DA:511,0
DA:519,0
DA:520,0
DA:521,0
DA:522,0
DA:524,0
DA:527,0
DA:528,0
DA:529,0
DA:532,0
DA:533,0
DA:540,0
DA:542,0
DA:543,0
DA:544,0
DA:545,0
DA:547,0
DA:550,0
DA:551,0
DA:552,0
DA:555,0
DA:556,0
DA:563,0
DA:564,0
DA:565,0
DA:574,0
DA:580,0
DA:581,0
DA:589,0
DA:595,0
DA:596,0
DA:599,0
DA:626,0
DA:627,0
DA:637,0
DA:638,0
DA:645,0
DA:646,0
DA:654,0
DA:663,0
DA:669,0
DA:671,0
DA:685,0
DA:686,0
LF:96
LH:0
BRDA:40,0,0,0
BRDA:40,0,1,0
BRDA:40,0,2,0
BRDA:40,0,3,0
BRDA:40,0,4,0
BRDA:104,1,0,0
BRDA:104,1,1,0
BRDA:122,2,0,0
BRDA:122,2,1,0
BRDA:125,3,0,0
BRDA:125,3,1,0
BRDA:151,4,0,0
BRDA:151,4,1,0
BRDA:161,5,0,0
BRDA:161,5,1,0
BRDA:169,6,0,0
BRDA:169,6,1,0
BRDA:179,7,0,0
BRDA:179,7,1,0
BRDA:196,8,0,0
BRDA:196,8,1,0
BRDA:233,9,0,0
BRDA:233,9,1,0
BRDA:237,10,0,0
BRDA:237,10,1,0
BRDA:237,11,0,0
BRDA:237,11,1,0
BRDA:246,12,0,0
BRDA:246,12,1,0
BRDA:336,13,0,0
BRDA:336,13,1,0
BRDA:342,14,0,0
BRDA:342,14,1,0
BRDA:355,15,0,0
BRDA:355,15,1,0
BRDA:361,16,0,0
BRDA:361,16,1,0
BRDA:378,17,0,0
BRDA:378,17,1,0
BRDA:389,18,0,0
BRDA:389,18,1,0
BRDA:446,19,0,0
BRDA:446,19,1,0
BRDA:452,20,0,0
BRDA:452,20,1,0
BRDA:483,21,0,0
BRDA:483,21,1,0
BRDA:486,22,0,0
BRDA:486,22,1,0
BRDA:493,23,0,0
BRDA:493,23,1,0
BRDA:506,24,0,0
BRDA:506,24,1,0
BRDA:521,25,0,0
BRDA:521,25,1,0
BRDA:535,26,0,0
BRDA:535,26,1,0
BRDA:544,27,0,0
BRDA:544,27,1,0
BRDA:558,28,0,0
BRDA:558,28,1,0
BRDA:564,29,0,0
BRDA:564,29,1,0
BRDA:568,30,0,0
BRDA:568,30,1,0
BRDA:615,31,0,0
BRDA:615,31,1,0
BRDA:617,32,0,0
BRDA:617,32,1,0
BRDA:637,33,0,0
BRDA:637,33,1,0
BRDA:645,34,0,0
BRDA:645,34,1,0
BRDA:652,35,0,0
BRDA:652,35,1,0
BRDA:668,36,0,0
BRDA:668,36,1,0
BRF:77
BRH:0
end_of_record
TN:
SF:app/album/[id].tsx
FN:39,AlbumDetailScreen
FN:73,(anonymous_1)
FN:74,(anonymous_2)
FN:78,(anonymous_3)
FN:83,(anonymous_4)
FN:90,(anonymous_5)
FN:100,(anonymous_6)
FN:109,(anonymous_7)
FN:114,(anonymous_8)
FN:127,(anonymous_9)
FN:137,(anonymous_10)
FN:144,(anonymous_11)
FN:152,(anonymous_12)
FN:163,(anonymous_13)
FN:172,(anonymous_14)
FN:181,(anonymous_15)
FN:190,(anonymous_16)
FN:205,(anonymous_17)
FN:269,(anonymous_18)
FN:331,(anonymous_19)
FN:340,(anonymous_20)
FN:368,(anonymous_21)
FN:381,(anonymous_22)
FN:397,(anonymous_23)
FN:447,(anonymous_24)
FN:486,(anonymous_25)
FN:496,(anonymous_26)
FN:506,(anonymous_27)
FNF:28
FNH:0
FNDA:0,AlbumDetailScreen
FNDA:0,(anonymous_1)
FNDA:0,(anonymous_2)
FNDA:0,(anonymous_3)
FNDA:0,(anonymous_4)
FNDA:0,(anonymous_5)
FNDA:0,(anonymous_6)
FNDA:0,(anonymous_7)
FNDA:0,(anonymous_8)
FNDA:0,(anonymous_9)
FNDA:0,(anonymous_10)
FNDA:0,(anonymous_11)
FNDA:0,(anonymous_12)
FNDA:0,(anonymous_13)
FNDA:0,(anonymous_14)
FNDA:0,(anonymous_15)
FNDA:0,(anonymous_16)
FNDA:0,(anonymous_17)
FNDA:0,(anonymous_18)
FNDA:0,(anonymous_19)
FNDA:0,(anonymous_20)
FNDA:0,(anonymous_21)
FNDA:0,(anonymous_22)
FNDA:0,(anonymous_23)
FNDA:0,(anonymous_24)
FNDA:0,(anonymous_25)
FNDA:0,(anonymous_26)
FNDA:0,(anonymous_27)
DA:40,0
DA:41,0
DA:42,0
DA:44,0
DA:45,0
DA:46,0
DA:70,0
DA:73,0
DA:74,0
DA:78,0
DA:79,0
DA:80,0
DA:83,0
DA:85,0
DA:90,0
DA:91,0
DA:92,0
DA:97,0
DA:100,0
DA:101,0
DA:102,0
DA:104,0
DA:108,0
DA:110,0
DA:111,0
DA:114,0
DA:115,0
DA:116,0
DA:126,0
DA:128,0
DA:129,0
DA:130,0
DA:137,0
DA:138,0
DA:139,0
DA:140,0
DA:144,0
DA:145,0
DA:146,0
DA:151,0
DA:153,0
DA:154,0
DA:155,0
DA:156,0
DA:163,0
DA:164,0
DA:173,0
DA:181,0
DA:182,0
DA:191,0
DA:192,0
DA:193,0
DA:194,0
DA:204,0
DA:206,0
DA:265,0
DA:266,0
DA:269,0
DA:277,0
DA:331,0
DA:342,0
DA:369,0
DA:370,0
DA:382,0
DA:384,0
DA:398,0
DA:399,0
DA:447,0
DA:486,0
DA:496,0
DA:506,0
DA:525,0
LF:72
LH:0
BRDA:79,0,0,0
BRDA:79,0,1,0
BRDA:91,1,0,0
BRDA:91,1,1,0
BRDA:101,2,0,0
BRDA:101,2,1,0
BRDA:110,3,0,0
BRDA:110,3,1,0
BRDA:115,4,0,0
BRDA:115,4,1,0
BRDA:118,5,0,0
BRDA:118,5,1,0
BRDA:128,6,0,0
BRDA:128,6,1,0
BRDA:145,7,0,0
BRDA:145,7,1,0
BRDA:145,8,0,0
BRDA:145,8,1,0
BRDA:155,9,0,0
BRDA:155,9,1,0
BRDA:166,10,0,0
BRDA:166,10,1,0
BRDA:191,11,0,0
BRDA:191,11,1,0
BRDA:193,12,0,0
BRDA:193,12,1,0
BRDA:209,13,0,0
BRDA:209,13,1,0
BRDA:240,14,0,0
BRDA:240,14,1,0
BRDA:243,15,0,0
BRDA:243,15,1,0
BRDA:251,16,0,0
BRDA:251,16,1,0
BRDA:265,17,0,0
BRDA:265,17,1,0
BRDA:265,18,0,0
BRDA:265,18,1,0
BRDA:295,19,0,0
BRDA:295,19,1,0
BRDA:317,20,0,0
BRDA:317,20,1,0
BRDA:318,21,0,0
BRDA:318,21,1,0
BRDA:431,22,0,0
BRDA:431,22,1,0
BRDA:431,22,2,0
BRF:47
BRH:0
end_of_record
TN:
SF:app/albums/create.tsx
FN:15,CreateAlbumScreen
FN:24,(anonymous_1)
FN:70,(anonymous_2)
FNF:3
FNH:0
FNDA:0,CreateAlbumScreen
FNDA:0,(anonymous_1)
FNDA:0,(anonymous_2)
DA:16,0
DA:17,0
DA:18,0
DA:19,0
DA:20,0
DA:22,0
DA:24,0
DA:25,0
DA:26,0
DA:27,0
DA:30,0
DA:31,0
DA:32,0
DA:36,0
DA:37,0
DA:38,0
DA:40,0
DA:43,0
DA:45,0
DA:49,0
DA:70,0
LF:21
LH:0
BRDA:25,0,0,0
BRDA:25,0,1,0
BRDA:34,1,0,0
BRDA:34,1,1,0
BRDA:37,2,0,0
BRDA:37,2,1,0
BRDA:51,3,0,0
BRDA:51,3,1,0
BRDA:79,4,0,0
BRDA:79,4,1,0
BRDA:80,5,0,0
BRDA:80,5,1,0
BRDA:81,6,0,0
BRDA:81,6,1,0
BRDA:81,7,0,0
BRDA:81,7,1,0
BRDA:118,8,0,0
BRDA:118,8,1,0
BRDA:121,9,0,0
BRDA:121,9,1,0
BRF:20
BRH:0
end_of_record
TN:
SF:app/albums/index.tsx
FN:21,AlbumsListScreen
FN:34,(anonymous_1)
FN:39,(anonymous_2)
FN:47,(anonymous_3)
FN:57,(anonymous_4)
FN:66,(anonymous_5)
FN:77,(anonymous_6)
FN:85,(anonymous_7)
FN:100,(anonymous_8)
FN:103,(anonymous_9)
FN:122,(anonymous_10)
FN:151,(anonymous_11)
FN:163,(anonymous_12)
FNF:13
FNH:0
FNDA:0,AlbumsListScreen
FNDA:0,(anonymous_1)
FNDA:0,(anonymous_2)
FNDA:0,(anonymous_3)
FNDA:0,(anonymous_4)
FNDA:0,(anonymous_5)
FNDA:0,(anonymous_6)
FNDA:0,(anonymous_7)
FNDA:0,(anonymous_8)
FNDA:0,(anonymous_9)
FNDA:0,(anonymous_10)
FNDA:0,(anonymous_11)
FNDA:0,(anonymous_12)
DA:22,0
DA:23,0
DA:24,0
DA:31,0
DA:34,0
DA:35,0
DA:39,0
DA:40,0
DA:41,0
DA:42,0
DA:46,0
DA:50,0
DA:56,0
DA:59,0
DA:65,0
DA:67,0
DA:76,0
DA:84,0
DA:86,0
DA:100,0
DA:103,0
DA:104,0
DA:106,0
DA:122,0
DA:132,0
DA:151,0
DA:163,0
DA:189,0
LF:28
LH:0
BRDA:104,0,0,0
BRDA:104,0,1,0
BRDA:177,1,0,0
BRDA:177,1,1,0
BRF:4
BRH:0
end_of_record
TN:
SF:app/blog/[slug].tsx
FN:42,LoadingState
FN:67,ErrorState
FN:98,ContentRenderer
FN:101,(anonymous_3)
FN:105,(anonymous_4)
FN:156,(anonymous_5)
FN:234,BlogDetailScreen
FN:243,(anonymous_7)
FN:256,(anonymous_8)
FN:265,(anonymous_9)
FN:497,(anonymous_10)
FNF:11
FNH:0
FNDA:0,LoadingState
FNDA:0,ErrorState
FNDA:0,ContentRenderer
FNDA:0,(anonymous_3)
FNDA:0,(anonymous_4)
FNDA:0,(anonymous_5)
FNDA:0,BlogDetailScreen
FNDA:0,(anonymous_7)
FNDA:0,(anonymous_8)
FNDA:0,(anonymous_9)
FNDA:0,(anonymous_10)
DA:35,0
DA:36,0
DA:43,0
DA:68,0
DA:101,0
DA:103,0
DA:106,0
DA:109,0
DA:110,0
DA:123,0
DA:124,0
DA:137,0
DA:138,0
DA:152,0
DA:153,0
DA:154,0
DA:157,0
DA:176,0
DA:177,0
DA:178,0
DA:198,0
DA:199,0
DA:215,0
DA:235,0
DA:236,0
DA:237,0
DA:238,0
DA:241,0
DA:244,0
DA:245,0
DA:246,0
DA:248,0
DA:253,0
DA:256,0
DA:257,0
DA:258,0
DA:260,0
DA:265,0
DA:266,0
DA:268,0
DA:269,0
DA:271,0
DA:272,0
DA:274,0
DA:276,0
DA:279,0
DA:281,0
DA:282,0
DA:288,0
DA:289,0
DA:292,0
DA:296,0
DA:297,0
DA:303,0
DA:313,0
DA:314,0
DA:343,0
DA:344,0
DA:379,0
DA:498,0
DA:526,0
LF:61
LH:0
BRDA:109,0,0,0
BRDA:109,0,1,0
BRDA:123,1,0,0
BRDA:123,1,1,0
BRDA:137,2,0,0
BRDA:137,2,1,0
BRDA:152,3,0,0
BRDA:152,3,1,0
BRDA:152,4,0,0
BRDA:152,4,1,0
BRDA:176,5,0,0
BRDA:176,5,1,0
BRDA:189,6,0,0
BRDA:189,6,1,0
BRDA:198,7,0,0
BRDA:198,7,1,0
BRDA:238,8,0,0
BRDA:238,8,1,0
BRDA:245,9,0,0
BRDA:245,9,1,0
BRDA:257,10,0,0
BRDA:257,10,1,0
BRDA:266,11,0,0
BRDA:266,11,1,0
BRDA:274,12,0,0
BRDA:274,12,1,0
BRDA:279,13,0,0
BRDA:279,13,1,0
BRDA:281,14,0,0
BRDA:281,14,1,0
BRDA:296,15,0,0
BRDA:296,15,1,0
BRDA:296,16,0,0
BRDA:296,16,1,0
BRDA:303,17,0,0
BRDA:303,17,1,0
BRDA:313,18,0,0
BRDA:313,18,1,0
BRDA:343,19,0,0
BRDA:343,19,1,0
BRDA:343,20,0,0
BRDA:343,20,1,0
BRDA:369,21,0,0
BRDA:369,21,1,0
BRDA:416,22,0,0
BRDA:416,22,1,0
BRDA:491,23,0,0
BRDA:491,23,1,0
BRF:48
BRH:0
end_of_record
TN:
SF:app/canvas/[albumId].tsx
FN:44,Toast
FN:47,(anonymous_1)
FN:55,(anonymous_2)
FN:88,CanvasScreen
FN:111,(anonymous_4)
FN:127,(anonymous_5)
FN:135,(anonymous_6)
FN:136,(anonymous_7)
FN:141,(anonymous_8)
FN:142,(anonymous_9)
FN:153,(anonymous_10)
FN:174,(anonymous_11)
FN:179,(anonymous_12)
FN:184,(anonymous_13)
FN:186,(anonymous_14)
FN:197,(anonymous_15)
FN:204,(anonymous_16)
FN:215,(anonymous_17)
FN:220,(anonymous_18)
FN:224,(anonymous_19)
FN:233,(anonymous_20)
FN:237,(anonymous_21)
FN:241,(anonymous_22)
FN:245,(anonymous_23)
FN:256,(anonymous_24)
FN:299,(anonymous_25)
FN:302,(anonymous_26)
FN:319,(anonymous_27)
FN:328,(anonymous_28)
FN:346,(anonymous_29)
FN:361,(anonymous_30)
FN:376,(anonymous_31)
FN:384,(anonymous_32)
FN:392,(anonymous_33)
FN:399,(anonymous_34)
FN:428,(anonymous_35)
FN:470,(anonymous_36)
FNF:37
FNH:0
FNDA:0,Toast
FNDA:0,(anonymous_1)
FNDA:0,(anonymous_2)
FNDA:0,CanvasScreen
FNDA:0,(anonymous_4)
FNDA:0,(anonymous_5)
FNDA:0,(anonymous_6)
FNDA:0,(anonymous_7)
FNDA:0,(anonymous_8)
FNDA:0,(anonymous_9)
FNDA:0,(anonymous_10)
FNDA:0,(anonymous_11)
FNDA:0,(anonymous_12)
FNDA:0,(anonymous_13)
FNDA:0,(anonymous_14)
FNDA:0,(anonymous_15)
FNDA:0,(anonymous_16)
FNDA:0,(anonymous_17)
FNDA:0,(anonymous_18)
FNDA:0,(anonymous_19)
FNDA:0,(anonymous_20)
FNDA:0,(anonymous_21)
FNDA:0,(anonymous_22)
FNDA:0,(anonymous_23)
FNDA:0,(anonymous_24)
FNDA:0,(anonymous_25)
FNDA:0,(anonymous_26)
FNDA:0,(anonymous_27)
FNDA:0,(anonymous_28)
FNDA:0,(anonymous_29)
FNDA:0,(anonymous_30)
FNDA:0,(anonymous_31)
FNDA:0,(anonymous_32)
FNDA:0,(anonymous_33)
FNDA:0,(anonymous_34)
FNDA:0,(anonymous_35)
FNDA:0,(anonymous_36)
DA:32,0
DA:45,0
DA:47,0
DA:48,0
DA:49,0
DA:51,0
DA:55,0
DA:59,0
DA:60,0
DA:63,0
DA:89,0
DA:90,0
DA:91,0
DA:94,0
DA:95,0
DA:96,0
DA:97,0
DA:103,0
DA:104,0
DA:107,0
DA:108,0
DA:111,0
DA:112,0
DA:116,0
DA:117,0
DA:118,0
DA:119,0
DA:120,0
DA:121,0
DA:127,0
DA:129,0
DA:130,0
DA:133,0
DA:135,0
DA:136,0
DA:141,0
DA:142,0
DA:143,0
DA:144,0
DA:153,0
DA:154,0
DA:155,0
DA:156,0
DA:157,0
DA:158,0
DA:159,0
DA:174,0
DA:175,0
DA:176,0
DA:178,0
DA:179,0
DA:180,0
DA:184,0
DA:185,0
DA:186,0
DA:187,0
DA:188,0
DA:197,0
DA:198,0
DA:199,0
DA:200,0
DA:204,0
DA:205,0
DA:206,0
DA:207,0
DA:215,0
DA:216,0
DA:217,0
DA:220,0
DA:221,0
DA:224,0
DA:225,0
DA:230,0
DA:233,0
DA:234,0
DA:237,0
DA:238,0
DA:241,0
DA:242,0
DA:245,0
DA:246,0
DA:248,0
DA:257,0
DA:258,0
DA:259,0
DA:260,0
DA:261,0
DA:263,0
DA:264,0
DA:265,0
DA:267,0
DA:270,0
DA:273,0
DA:278,0
DA:298,0
DA:300,0
DA:303,0
DA:304,0
DA:305,0
DA:306,0
DA:307,0
DA:308,0
DA:309,0
DA:310,0
DA:311,0
DA:312,0
DA:314,0
DA:318,0
DA:320,0
DA:321,0
DA:322,0
DA:325,0
DA:329,0
DA:330,0
DA:331,0
DA:334,0
DA:335,0
DA:336,0
DA:337,0
DA:338,0
DA:340,0
DA:344,0
DA:347,0
DA:348,0
DA:349,0
DA:350,0
DA:351,0
DA:352,0
DA:353,0
DA:355,0
DA:356,0
DA:360,0
DA:362,0
DA:363,0
DA:366,0
DA:376,0
DA:384,0
DA:392,0
DA:393,0
DA:394,0
DA:395,0
DA:396,0
DA:399,0
DA:400,0
DA:401,0
DA:402,0
DA:403,0
DA:404,0
DA:405,0
DA:406,0
DA:407,0
DA:409,0
DA:424,0
DA:425,0
DA:428,0
DA:435,0
DA:470,0
DA:547,0
LF:158
LH:0
BRDA:48,0,0,0
BRDA:48,0,1,0
BRDA:59,1,0,0
BRDA:59,1,1,0
BRDA:59,2,0,0
BRDA:59,2,1,0
BRDA:66,3,0,0
BRDA:66,3,1,0
BRDA:112,4,0,0
BRDA:112,4,1,0
BRDA:127,5,0,0
BRDA:129,6,0,0
BRDA:129,6,1,0
BRDA:143,7,0,0
BRDA:143,7,1,0
BRDA:175,8,0,0
BRDA:175,8,1,0
BRDA:187,9,0,0
BRDA:187,9,1,0
BRDA:198,10,0,0
BRDA:198,10,1,0
BRDA:205,11,0,0
BRDA:205,11,1,0
BRDA:246,12,0,0
BRDA:246,12,1,0
BRDA:260,13,0,0
BRDA:260,13,1,0
BRDA:263,14,0,0
BRDA:263,14,1,0
BRDA:265,15,0,0
BRDA:265,15,1,0
BRDA:274,16,0,0
BRDA:274,16,1,0
BRDA:303,17,0,0
BRDA:303,17,1,0
BRDA:310,18,0,0
BRDA:310,18,1,0
BRDA:320,19,0,0
BRDA:320,19,1,0
BRDA:329,20,0,0
BRDA:329,20,1,0
BRDA:335,21,0,0
BRDA:335,21,1,0
BRDA:335,22,0,0
BRDA:335,22,1,0
BRDA:337,23,0,0
BRDA:337,23,1,0
BRDA:337,24,0,0
BRDA:337,24,1,0
BRDA:347,25,0,0
BRDA:347,25,1,0
BRDA:385,26,0,0
BRDA:385,26,1,0
BRDA:403,27,0,0
BRDA:403,27,1,0
BRDA:424,28,0,0
BRDA:424,28,1,0
BRDA:453,29,0,0
BRDA:453,29,1,0
BRDA:479,30,0,0
BRDA:479,30,1,0
BRDA:484,31,0,0
BRDA:484,31,1,0
BRDA:514,32,0,0
BRDA:514,32,1,0
BRF:65
BRH:0
end_of_record
TN:
SF:app/cart/index.tsx
FN:28,QuantityControl
FN:66,CartItem
FN:154,(anonymous_2)
FN:155,(anonymous_3)
FN:167,OrderSummary
FN:241,(anonymous_5)
FN:250,EmptyCart
FN:260,(anonymous_7)
FN:267,LoadingState
FN:282,CartScreen
FN:290,(anonymous_10)
FN:298,(anonymous_11)
FN:310,(anonymous_12)
FN:316,(anonymous_13)
FN:322,(anonymous_14)
FN:325,(anonymous_15)
FN:332,(anonymous_16)
FN:338,(anonymous_17)
FN:341,(anonymous_18)
FN:344,(anonymous_19)
FN:350,(anonymous_20)
FN:357,(anonymous_21)
FN:366,(anonymous_22)
FN:374,(anonymous_23)
FN:378,(anonymous_24)
FN:412,(anonymous_25)
FN:415,(anonymous_26)
FN:416,(anonymous_27)
FN:430,(anonymous_28)
FNF:29
FNH:0
FNDA:0,QuantityControl
FNDA:0,CartItem
FNDA:0,(anonymous_2)
FNDA:0,(anonymous_3)
FNDA:0,OrderSummary
FNDA:0,(anonymous_5)
FNDA:0,EmptyCart
FNDA:0,(anonymous_7)
FNDA:0,LoadingState
FNDA:0,CartScreen
FNDA:0,(anonymous_10)
FNDA:0,(anonymous_11)
FNDA:0,(anonymous_12)
FNDA:0,(anonymous_13)
FNDA:0,(anonymous_14)
FNDA:0,(anonymous_15)
FNDA:0,(anonymous_16)
FNDA:0,(anonymous_17)
FNDA:0,(anonymous_18)
FNDA:0,(anonymous_19)
FNDA:0,(anonymous_20)
FNDA:0,(anonymous_21)
FNDA:0,(anonymous_22)
FNDA:0,(anonymous_23)
FNDA:0,(anonymous_24)
FNDA:0,(anonymous_25)
FNDA:0,(anonymous_26)
FNDA:0,(anonymous_27)
FNDA:0,(anonymous_28)
DA:39,0
DA:77,0
DA:78,0
DA:79,0
DA:81,0
DA:154,0
DA:155,0
DA:182,0
DA:241,0
DA:251,0
DA:260,0
DA:268,0
DA:283,0
DA:284,0
DA:285,0
DA:288,0
DA:291,0
DA:292,0
DA:293,0
DA:298,0
DA:299,0
DA:300,0
DA:302,0
DA:303,0
DA:304,0
DA:309,0
DA:311,0
DA:312,0
DA:313,0
DA:314,0
DA:317,0
DA:318,0
DA:320,0
DA:323,0
DA:326,0
DA:331,0
DA:333,0
DA:334,0
DA:335,0
DA:336,0
DA:339,0
DA:342,0
DA:345,0
DA:349,0
DA:351,0
DA:356,0
DA:358,0
DA:366,0
DA:374,0
DA:375,0
DA:378,0
DA:379,0
DA:383,0
DA:384,0
DA:385,0
DA:386,0
DA:389,0
DA:390,0
DA:401,0
DA:402,0
DA:412,0
DA:413,0
DA:415,0
DA:416,0
DA:421,0
DA:430,0
LF:66
LH:0
BRDA:45,0,0,0
BRDA:45,0,1,0
BRDA:57,1,0,0
BRDA:57,1,1,0
BRDA:77,2,0,0
BRDA:77,2,1,0
BRDA:79,3,0,0
BRDA:79,3,1,0
BRDA:82,4,0,0
BRDA:82,4,1,0
BRDA:93,5,0,0
BRDA:93,5,1,0
BRDA:117,6,0,0
BRDA:117,6,1,0
BRDA:122,7,0,0
BRDA:122,7,1,0
BRDA:194,8,0,0
BRDA:194,8,1,0
BRDA:203,9,0,0
BRDA:203,9,1,0
BRDA:231,10,0,0
BRDA:231,10,1,0
BRDA:292,11,0,0
BRDA:292,11,1,0
BRDA:293,12,0,0
BRDA:293,12,1,0
BRDA:299,13,0,0
BRDA:299,13,1,0
BRDA:303,14,0,0
BRDA:303,14,1,0
BRDA:313,15,0,0
BRDA:313,15,1,0
BRDA:317,16,0,0
BRDA:317,16,1,0
BRDA:335,17,0,0
BRDA:335,17,1,0
BRDA:383,18,0,0
BRDA:383,18,1,0
BRDA:389,19,0,0
BRDA:389,19,1,0
BRDA:389,20,0,0
BRDA:389,20,1,0
BRDA:401,21,0,0
BRDA:401,21,1,0
BRDA:401,22,0,0
BRDA:401,22,1,0
BRF:46
BRH:0
end_of_record
TN:
SF:app/enhance/processing.tsx
FN:15,EnhancementProcessingScreen
FN:40,(anonymous_1)
FN:49,(anonymous_2)
FN:52,(anonymous_3)
FN:58,(anonymous_4)
FN:64,(anonymous_5)
FN:69,(anonymous_6)
FN:74,(anonymous_7)
FNF:8
FNH:0
FNDA:0,EnhancementProcessingScreen
FNDA:0,(anonymous_1)
FNDA:0,(anonymous_2)
FNDA:0,(anonymous_3)
FNDA:0,(anonymous_4)
FNDA:0,(anonymous_5)
FNDA:0,(anonymous_6)
FNDA:0,(anonymous_7)
DA:16,0
DA:17,0
DA:25,0
DA:37,0
DA:42,0
DA:50,0
DA:53,0
DA:58,0
DA:59,0
DA:60,0
DA:64,0
DA:65,0
DA:69,0
DA:70,0
DA:74,0
DA:75,0
DA:77,0
DA:82,0
DA:83,0
DA:86,0
LF:20
LH:0
BRDA:75,0,0,0
BRDA:75,0,1,0
BRDA:82,1,0,0
BRDA:82,1,1,0
BRDA:104,2,0,0
BRDA:104,2,1,0
BRDA:106,3,0,0
BRDA:106,3,1,0
BRDA:137,4,0,0
BRDA:137,4,1,0
BRDA:146,5,0,0
BRDA:146,5,1,0
BRF:12
BRH:0
end_of_record
TN:
SF:app/enhance/select-tier.tsx
FN:95,TierCard
FN:189,EnhancementProgress
FN:229,SelectTierScreen
FN:256,(anonymous_3)
FN:262,(anonymous_4)
FN:276,(anonymous_5)
FN:314,(anonymous_6)
FN:324,(anonymous_7)
FN:435,(anonymous_8)
FN:441,(anonymous_9)
FN:488,(anonymous_10)
FNF:11
FNH:0
FNDA:0,TierCard
FNDA:0,EnhancementProgress
FNDA:0,SelectTierScreen
FNDA:0,(anonymous_3)
FNDA:0,(anonymous_4)
FNDA:0,(anonymous_5)
FNDA:0,(anonymous_6)
FNDA:0,(anonymous_7)
FNDA:0,(anonymous_8)
FNDA:0,(anonymous_9)
FNDA:0,(anonymous_10)
DA:31,0
DA:32,0
DA:33,0
DA:55,0
DA:96,0
DA:98,0
DA:190,0
DA:230,0
DA:231,0
DA:238,0
DA:239,0
DA:240,0
DA:252,0
DA:254,0
DA:256,0
DA:257,0
DA:258,0
DA:259,0
DA:262,0
DA:263,0
DA:264,0
DA:265,0
DA:268,0
DA:269,0
DA:276,0
DA:279,0
DA:283,0
DA:291,0
DA:292,0
DA:293,0
DA:297,0
DA:298,0
DA:300,0
DA:302,0
DA:314,0
DA:315,0
DA:316,0
DA:325,0
DA:326,0
DA:332,0
DA:336,0
DA:337,0
DA:339,0
DA:436,0
DA:441,0
DA:488,0
DA:505,0
LF:47
LH:0
BRDA:102,0,0,0
BRDA:102,0,1,0
BRDA:103,1,0,0
BRDA:103,1,1,0
BRDA:104,2,0,0
BRDA:104,2,1,0
BRDA:106,3,0,0
BRDA:106,3,1,0
BRDA:107,4,0,0
BRDA:107,4,1,0
BRDA:108,5,0,0
BRDA:108,5,1,0
BRDA:116,6,0,0
BRDA:116,6,1,0
BRDA:118,7,0,0
BRDA:118,7,1,0
BRDA:126,8,0,0
BRDA:126,8,1,0
BRDA:154,9,0,0
BRDA:154,9,1,0
BRDA:163,10,0,0
BRDA:163,10,1,0
BRDA:254,11,0,0
BRDA:254,11,1,0
BRDA:254,11,2,0
BRDA:263,12,0,0
BRDA:263,12,1,0
BRDA:268,13,0,0
BRDA:268,13,1,0
BRDA:285,14,0,0
BRDA:285,14,1,0
BRDA:287,15,0,0
BRDA:287,15,1,0
BRDA:288,16,0,0
BRDA:288,16,1,0
BRDA:291,17,0,0
BRDA:291,17,1,0
BRDA:292,18,0,0
BRDA:292,18,1,0
BRDA:300,19,0,0
BRDA:300,19,1,0
BRDA:315,20,0,0
BRDA:315,20,1,0
BRDA:363,21,0,0
BRDA:363,21,1,0
BRDA:381,22,0,0
BRDA:381,22,1,0
BRDA:392,23,0,0
BRDA:392,23,1,0
BRDA:463,24,0,0
BRDA:463,24,1,0
BRDA:475,25,0,0
BRDA:475,25,1,0
BRDA:480,26,0,0
BRDA:480,26,1,0
BRDA:483,27,0,0
BRDA:483,27,1,0
BRF:57
BRH:0
end_of_record
TN:
SF:app/enhance/upload.tsx
FN:43,SourceButton
FN:83,ImagePreview
FN:128,UploadScreen
FN:141,(anonymous_3)
FN:148,(anonymous_4)
FN:155,(anonymous_5)
FN:160,(anonymous_6)
FN:181,(anonymous_7)
FNF:8
FNH:0
FNDA:0,SourceButton
FNDA:0,ImagePreview
FNDA:0,UploadScreen
FNDA:0,(anonymous_3)
FNDA:0,(anonymous_4)
FNDA:0,(anonymous_5)
FNDA:0,(anonymous_6)
FNDA:0,(anonymous_7)
DA:28,0
DA:29,0
DA:44,0
DA:84,0
DA:129,0
DA:130,0
DA:132,0
DA:139,0
DA:141,0
DA:142,0
DA:143,0
DA:144,0
DA:148,0
DA:149,0
DA:150,0
DA:151,0
DA:155,0
DA:156,0
DA:157,0
DA:160,0
DA:161,0
DA:162,0
DA:163,0
DA:167,0
DA:170,0
DA:181,0
DA:182,0
DA:185,0
DA:322,0
LF:29
LH:0
BRDA:52,0,0,0
BRDA:52,0,1,0
BRDA:117,1,0,0
BRDA:117,1,1,0
BRDA:143,2,0,0
BRDA:143,2,1,0
BRDA:150,3,0,0
BRDA:150,3,1,0
BRDA:150,4,0,0
BRDA:150,4,1,0
BRDA:161,5,0,0
BRDA:161,5,1,0
BRDA:208,6,0,0
BRDA:208,6,1,0
BRDA:227,7,0,0
BRDA:227,7,1,0
BRDA:235,8,0,0
BRDA:235,8,1,0
BRDA:237,9,0,0
BRDA:237,9,1,0
BRF:20
BRH:0
end_of_record
TN:
SF:app/merch/[productId].tsx
FN:50,VariantSelector
FN:70,(anonymous_1)
FN:81,(anonymous_2)
FN:108,ImageSelector
FN:124,(anonymous_4)
FN:131,(anonymous_5)
FN:184,(anonymous_6)
FN:231,(anonymous_7)
FN:260,(anonymous_8)
FN:266,(anonymous_9)
FN:291,LoadingState
FN:302,ErrorState
FN:329,ProductDetailScreen
FN:332,(anonymous_13)
FN:344,(anonymous_14)
FN:353,(anonymous_15)
FN:361,(anonymous_16)
FN:378,(anonymous_17)
FN:390,(anonymous_18)
FN:395,(anonymous_19)
FN:400,(anonymous_20)
FN:409,(anonymous_21)
FN:432,(anonymous_22)
FNF:23
FNH:0
FNDA:0,VariantSelector
FNDA:0,(anonymous_1)
FNDA:0,(anonymous_2)
FNDA:0,ImageSelector
FNDA:0,(anonymous_4)
FNDA:0,(anonymous_5)
FNDA:0,(anonymous_6)
FNDA:0,(anonymous_7)
FNDA:0,(anonymous_8)
FNDA:0,(anonymous_9)
FNDA:0,LoadingState
FNDA:0,ErrorState
FNDA:0,ProductDetailScreen
FNDA:0,(anonymous_13)
FNDA:0,(anonymous_14)
FNDA:0,(anonymous_15)
FNDA:0,(anonymous_16)
FNDA:0,(anonymous_17)
FNDA:0,(anonymous_18)
FNDA:0,(anonymous_19)
FNDA:0,(anonymous_20)
FNDA:0,(anonymous_21)
FNDA:0,(anonymous_22)
DA:31,0
DA:63,0
DA:71,0
DA:72,0
DA:74,0
DA:81,0
DA:119,0
DA:122,0
DA:125,0
DA:126,0
DA:127,0
DA:131,0
DA:132,0
DA:133,0
DA:140,0
DA:142,0
DA:145,0
DA:146,0
DA:150,0
DA:153,0
DA:156,0
DA:162,0
DA:163,0
DA:164,0
DA:167,0
DA:168,0
DA:177,0
DA:179,0
DA:183,0
DA:193,0
DA:204,0
DA:231,0
DA:261,0
DA:262,0
DA:266,0
DA:292,0
DA:309,0
DA:330,0
DA:331,0
DA:332,0
DA:335,0
DA:338,0
DA:339,0
DA:342,0
DA:345,0
DA:346,0
DA:347,0
DA:353,0
DA:354,0
DA:355,0
DA:360,0
DA:362,0
DA:363,0
DA:366,0
DA:375,0
DA:376,0
DA:379,0
DA:380,0
DA:382,0
DA:383,0
DA:390,0
DA:396,0
DA:400,0
DA:401,0
DA:402,0
DA:403,0
DA:405,0
DA:408,0
DA:409,0
DA:410,0
DA:411,0
DA:414,0
DA:415,0
DA:425,0
DA:426,0
DA:432,0
DA:439,0
LF:77
LH:0
BRDA:78,0,0,0
BRDA:78,0,1,0
BRDA:79,1,0,0
BRDA:79,1,1,0
BRDA:80,2,0,0
BRDA:80,2,1,0
BRDA:88,3,0,0
BRDA:88,3,1,0
BRDA:92,4,0,0
BRDA:92,4,1,0
BRDA:93,5,0,0
BRDA:93,5,1,0
BRDA:94,6,0,0
BRDA:94,6,1,0
BRDA:126,7,0,0
BRDA:126,7,1,0
BRDA:127,8,0,0
BRDA:127,8,1,0
BRDA:140,9,0,0
BRDA:140,9,1,0
BRDA:140,10,0,0
BRDA:140,10,1,0
BRDA:145,11,0,0
BRDA:145,11,1,0
BRDA:145,12,0,0
BRDA:145,12,1,0
BRDA:158,13,0,0
BRDA:158,13,1,0
BRDA:159,14,0,0
BRDA:159,14,1,0
BRDA:162,15,0,0
BRDA:162,15,1,0
BRDA:167,16,0,0
BRDA:167,16,1,0
BRDA:196,17,0,0
BRDA:196,17,1,0
BRDA:211,18,0,0
BRDA:211,18,1,0
BRDA:221,19,0,0
BRDA:221,19,1,0
BRDA:245,20,0,0
BRDA:245,20,1,0
BRDA:249,21,0,0
BRDA:249,21,1,0
BRDA:253,22,0,0
BRDA:253,22,1,0
BRDA:253,22,2,0
BRDA:270,23,0,0
BRDA:270,23,1,0
BRDA:275,24,0,0
BRDA:275,24,1,0
BRDA:346,25,0,0
BRDA:346,25,1,0
BRDA:354,26,0,0
BRDA:354,26,1,0
BRDA:354,27,0,0
BRDA:354,27,1,0
BRDA:362,28,0,0
BRDA:362,28,1,0
BRDA:362,29,0,0
BRDA:362,29,1,0
BRDA:369,30,0,0
BRDA:369,30,1,0
BRDA:370,31,0,0
BRDA:370,31,1,0
BRDA:372,32,0,0
BRDA:372,32,1,0
BRDA:375,33,0,0
BRDA:375,33,1,0
BRDA:379,34,0,0
BRDA:379,34,1,0
BRDA:401,35,0,0
BRDA:401,35,1,0
BRDA:410,36,0,0
BRDA:410,36,1,0
BRDA:411,37,0,0
BRDA:411,37,1,0
BRDA:414,38,0,0
BRDA:414,38,1,0
BRDA:425,39,0,0
BRDA:425,39,1,0
BRDA:425,40,0,0
BRDA:425,40,1,0
BRDA:431,41,0,0
BRDA:431,41,1,0
BRDA:453,42,0,0
BRDA:453,42,1,0
BRDA:499,43,0,0
BRDA:499,43,1,0
BRDA:504,44,0,0
BRDA:504,44,1,0
BRDA:565,45,0,0
BRDA:565,45,1,0
BRDA:566,46,0,0
BRDA:566,46,1,0
BRDA:570,47,0,0
BRDA:570,47,1,0
BRF:97
BRH:0
end_of_record
TN:
SF:app/referrals/_layout.tsx
FN:3,ReferralsLayout
FNF:1
FNH:0
FNDA:0,ReferralsLayout
DA:4,0
LF:1
LH:0
BRF:0
BRH:0
end_of_record
TN:
SF:app/referrals/index.tsx
FN:34,HowItWorks
FN:126,ReferralLinkCard
FN:185,HeroSection
FN:206,ReferralsScreen
FN:222,(anonymous_4)
FN:228,(anonymous_5)
FN:235,(anonymous_6)
FN:240,(anonymous_7)
FNF:8
FNH:0
FNDA:0,HowItWorks
FNDA:0,ReferralLinkCard
FNDA:0,HeroSection
FNDA:0,ReferralsScreen
FNDA:0,(anonymous_4)
FNDA:0,(anonymous_5)
FNDA:0,(anonymous_6)
FNDA:0,(anonymous_7)
DA:35,0
DA:132,0
DA:186,0
DA:217,0
DA:219,0
DA:222,0
DA:223,0
DA:225,0
DA:226,0
DA:227,0
DA:228,0
DA:230,0
DA:235,0
DA:240,0
DA:241,0
DA:245,0
DA:246,0
DA:257,0
DA:258,0
DA:270,0
DA:341,0
LF:21
LH:0
BRDA:149,0,0,0
BRDA:149,0,1,0
BRDA:164,1,0,0
BRDA:164,1,1,0
BRDA:174,2,0,0
BRDA:174,2,1,0
BRDA:223,3,0,0
BRDA:223,3,1,0
BRDA:245,4,0,0
BRDA:245,4,1,0
BRDA:245,5,0,0
BRDA:245,5,1,0
BRDA:257,6,0,0
BRDA:257,6,1,0
BRDA:288,7,0,0
BRDA:288,7,1,0
BRDA:291,8,0,0
BRDA:291,8,1,0
BRDA:308,9,0,0
BRDA:308,9,1,0
BRDA:309,10,0,0
BRDA:309,10,1,0
BRF:22
BRH:0
end_of_record
TN:
SF:app/settings/api-keys.tsx
FN:43,ApiKeyItem
FN:44,(anonymous_1)
FN:53,(anonymous_2)
FN:60,(anonymous_3)
FN:64,(anonymous_4)
FN:142,NewKeyDialog
FN:156,(anonymous_6)
FN:242,CreateKeyDialog
FN:255,(anonymous_8)
FN:261,(anonymous_9)
FN:267,(anonymous_10)
FN:351,ApiKeysScreen
FN:370,(anonymous_12)
FN:377,(anonymous_13)
FN:384,(anonymous_14)
FN:390,(anonymous_15)
FN:399,(anonymous_16)
FN:415,(anonymous_17)
FN:425,(anonymous_18)
FN:463,(anonymous_19)
FN:477,(anonymous_20)
FN:495,(anonymous_21)
FN:524,(anonymous_22)
FN:548,(anonymous_23)
FN:549,(anonymous_24)
FN:585,(anonymous_25)
FN:597,(anonymous_26)
FNF:27
FNH:0
FNDA:0,ApiKeyItem
FNDA:0,(anonymous_1)
FNDA:0,(anonymous_2)
FNDA:0,(anonymous_3)
FNDA:0,(anonymous_4)
FNDA:0,NewKeyDialog
FNDA:0,(anonymous_6)
FNDA:0,CreateKeyDialog
FNDA:0,(anonymous_8)
FNDA:0,(anonymous_9)
FNDA:0,(anonymous_10)
FNDA:0,ApiKeysScreen
FNDA:0,(anonymous_12)
FNDA:0,(anonymous_13)
FNDA:0,(anonymous_14)
FNDA:0,(anonymous_15)
FNDA:0,(anonymous_16)
FNDA:0,(anonymous_17)
FNDA:0,(anonymous_18)
FNDA:0,(anonymous_19)
FNDA:0,(anonymous_20)
FNDA:0,(anonymous_21)
FNDA:0,(anonymous_22)
FNDA:0,(anonymous_23)
FNDA:0,(anonymous_24)
FNDA:0,(anonymous_25)
FNDA:0,(anonymous_26)
DA:44,0
DA:45,0
DA:53,0
DA:60,0
DA:61,0
DA:64,0
DA:65,0
DA:66,0
DA:69,0
DA:155,0
DA:156,0
DA:253,0
DA:255,0
DA:256,0
DA:257,0
DA:261,0
DA:262,0
DA:263,0
DA:266,0
DA:267,0
DA:352,0
DA:353,0
DA:363,0
DA:365,0
DA:366,0
DA:367,0
DA:370,0
DA:371,0
DA:372,0
DA:377,0
DA:378,0
DA:379,0
DA:380,0
DA:384,0
DA:385,0
DA:386,0
DA:390,0
DA:391,0
DA:392,0
DA:393,0
DA:398,0
DA:400,0
DA:401,0
DA:402,0
DA:404,0
DA:405,0
DA:407,0
DA:414,0
DA:416,0
DA:417,0
DA:418,0
DA:425,0
DA:426,0
DA:430,0
DA:431,0
DA:444,0
DA:445,0
DA:463,0
DA:477,0
DA:478,0
DA:495,0
DA:496,0
DA:515,0
DA:524,0
DA:548,0
DA:550,0
DA:585,0
DA:597,0
LF:68
LH:0
BRDA:65,0,0,0
BRDA:65,0,1,0
BRDA:90,1,0,0
BRDA:90,1,1,0
BRDA:156,2,0,0
BRDA:156,2,1,0
BRDA:256,3,0,0
BRDA:256,3,1,0
BRDA:267,4,0,0
BRDA:267,4,1,0
BRDA:330,5,0,0
BRDA:330,5,1,0
BRDA:332,6,0,0
BRDA:332,6,1,0
BRDA:371,7,0,0
BRDA:371,7,1,0
BRDA:391,8,0,0
BRDA:391,8,1,0
BRDA:404,9,0,0
BRDA:404,9,1,0
BRDA:405,10,0,0
BRDA:405,10,1,0
BRDA:417,11,0,0
BRDA:417,11,1,0
BRDA:418,12,0,0
BRDA:418,12,1,0
BRDA:430,13,0,0
BRDA:430,13,1,0
BRDA:444,14,0,0
BRDA:444,14,1,0
BRDA:536,15,0,0
BRDA:536,15,1,0
BRDA:536,16,0,0
BRDA:536,16,1,0
BRDA:543,17,0,0
BRDA:543,17,1,0
BRDA:605,18,0,0
BRDA:605,18,1,0
BRDA:606,19,0,0
BRDA:606,19,1,0
BRF:40
BRH:0
end_of_record
TN:
SF:app/settings/index.tsx
FN:49,SectionHeader
FN:66,SettingsRow
FN:118,SettingsScreen
FN:125,(anonymous_3)
FN:134,(anonymous_4)
FN:138,(anonymous_5)
FN:145,(anonymous_6)
FN:154,(anonymous_7)
FN:198,(anonymous_8)
FN:221,(anonymous_9)
FN:288,(anonymous_10)
FN:296,(anonymous_11)
FN:304,(anonymous_12)
FN:318,(anonymous_13)
FN:326,(anonymous_14)
FN:334,(anonymous_15)
FN:348,(anonymous_16)
FN:356,(anonymous_17)
FN:370,(anonymous_18)
FN:378,(anonymous_19)
FN:386,(anonymous_20)
FNF:21
FNH:0
FNDA:0,SectionHeader
FNDA:0,SettingsRow
FNDA:0,SettingsScreen
FNDA:0,(anonymous_3)
FNDA:0,(anonymous_4)
FNDA:0,(anonymous_5)
FNDA:0,(anonymous_6)
FNDA:0,(anonymous_7)
FNDA:0,(anonymous_8)
FNDA:0,(anonymous_9)
FNDA:0,(anonymous_10)
FNDA:0,(anonymous_11)
FNDA:0,(anonymous_12)
FNDA:0,(anonymous_13)
FNDA:0,(anonymous_14)
FNDA:0,(anonymous_15)
FNDA:0,(anonymous_16)
FNDA:0,(anonymous_17)
FNDA:0,(anonymous_18)
FNDA:0,(anonymous_19)
FNDA:0,(anonymous_20)
DA:50,0
DA:75,0
DA:119,0
DA:120,0
DA:121,0
DA:122,0
DA:125,0
DA:126,0
DA:127,0
DA:128,0
DA:129,0
DA:134,0
DA:135,0
DA:136,0
DA:138,0
DA:145,0
DA:146,0
DA:155,0
DA:156,0
DA:165,0
DA:166,0
DA:179,0
DA:180,0
DA:198,0
DA:211,0
DA:221,0
DA:288,0
DA:296,0
DA:304,0
DA:318,0
DA:326,0
DA:334,0
DA:348,0
DA:356,0
DA:370,0
DA:378,0
DA:386,0
LF:37
LH:0
BRDA:72,0,0,0
BRDA:99,1,0,0
BRDA:99,1,1,0
BRDA:106,2,0,0
BRDA:106,2,1,0
BRDA:126,3,0,0
BRDA:126,3,1,0
BRDA:135,4,0,0
BRDA:135,4,1,0
BRDA:165,5,0,0
BRDA:165,5,1,0
BRDA:179,6,0,0
BRDA:179,6,1,0
BRDA:179,7,0,0
BRDA:179,7,1,0
BRDA:233,8,0,0
BRDA:233,8,1,0
BRDA:245,9,0,0
BRDA:245,9,1,0
BRDA:268,10,0,0
BRDA:268,10,1,0
BRDA:272,11,0,0
BRDA:272,11,1,0
BRDA:295,12,0,0
BRDA:295,12,1,0
BRF:25
BRH:0
end_of_record
TN:
SF:app/settings/notifications.tsx
FN:45,NotificationToggle
FN:82,NotificationsScreen
FN:94,(anonymous_2)
FN:102,(anonymous_3)
FN:109,(anonymous_4)
FN:116,(anonymous_5)
FN:123,(anonymous_6)
FN:130,(anonymous_7)
FN:170,(anonymous_8)
FN:193,(anonymous_9)
FNF:10
FNH:0
FNDA:0,NotificationToggle
FNDA:0,NotificationsScreen
FNDA:0,(anonymous_2)
FNDA:0,(anonymous_3)
FNDA:0,(anonymous_4)
FNDA:0,(anonymous_5)
FNDA:0,(anonymous_6)
FNDA:0,(anonymous_7)
FNDA:0,(anonymous_8)
FNDA:0,(anonymous_9)
DA:54,0
DA:83,0
DA:84,0
DA:91,0
DA:94,0
DA:95,0
DA:96,0
DA:101,0
DA:103,0
DA:108,0
DA:110,0
DA:115,0
DA:117,0
DA:122,0
DA:124,0
DA:130,0
DA:131,0
DA:132,0
DA:137,0
DA:138,0
DA:151,0
DA:152,0
DA:170,0
DA:183,0
DA:193,0
LF:25
LH:0
BRDA:52,0,0,0
BRDA:95,1,0,0
BRDA:95,1,1,0
BRDA:131,2,0,0
BRDA:131,2,1,0
BRDA:137,3,0,0
BRDA:137,3,1,0
BRDA:151,4,0,0
BRDA:151,4,1,0
BRDA:327,5,0,0
BRDA:327,5,1,0
BRF:11
BRH:0
end_of_record
TN:
SF:app/settings/privacy.tsx
FN:45,PrivacyToggle
FN:71,DeleteAccountDialog
FN:85,(anonymous_2)
FN:90,(anonymous_3)
FN:99,(anonymous_4)
FN:218,PrivacyScreen
FN:235,(anonymous_6)
FN:243,(anonymous_7)
FN:250,(anonymous_8)
FN:257,(anonymous_9)
FN:273,(anonymous_10)
FN:279,(anonymous_11)
FN:319,(anonymous_12)
FN:342,(anonymous_13)
FN:441,(anonymous_14)
FN:473,(anonymous_15)
FNF:16
FNH:0
FNDA:0,PrivacyToggle
FNDA:0,DeleteAccountDialog
FNDA:0,(anonymous_2)
FNDA:0,(anonymous_3)
FNDA:0,(anonymous_4)
FNDA:0,PrivacyScreen
FNDA:0,(anonymous_6)
FNDA:0,(anonymous_7)
FNDA:0,(anonymous_8)
FNDA:0,(anonymous_9)
FNDA:0,(anonymous_10)
FNDA:0,(anonymous_11)
FNDA:0,(anonymous_12)
FNDA:0,(anonymous_13)
FNDA:0,(anonymous_14)
FNDA:0,(anonymous_15)
DA:52,0
DA:82,0
DA:83,0
DA:85,0
DA:86,0
DA:87,0
DA:90,0
DA:91,0
DA:92,0
DA:96,0
DA:98,0
DA:99,0
DA:219,0
DA:220,0
DA:230,0
DA:232,0
DA:235,0
DA:236,0
DA:237,0
DA:242,0
DA:244,0
DA:249,0
DA:251,0
DA:257,0
DA:258,0
DA:260,0
DA:261,0
DA:262,0
DA:263,0
DA:265,0
DA:273,0
DA:274,0
DA:275,0
DA:279,0
DA:280,0
DA:281,0
DA:286,0
DA:287,0
DA:300,0
DA:301,0
DA:319,0
DA:332,0
DA:342,0
DA:441,0
DA:473,0
LF:45
LH:0
BRDA:50,0,0,0
BRDA:91,1,0,0
BRDA:91,1,1,0
BRDA:96,2,0,0
BRDA:96,2,1,0
BRDA:99,3,0,0
BRDA:99,3,1,0
BRDA:194,4,0,0
BRDA:194,4,1,0
BRDA:236,5,0,0
BRDA:236,5,1,0
BRDA:260,6,0,0
BRDA:260,6,1,0
BRDA:267,7,0,0
BRDA:267,7,1,0
BRDA:274,8,0,0
BRDA:274,8,1,0
BRDA:280,9,0,0
BRDA:280,9,1,0
BRDA:286,10,0,0
BRDA:286,10,1,0
BRDA:300,11,0,0
BRDA:300,11,1,0
BRDA:452,12,0,0
BRDA:452,12,1,0
BRF:25
BRH:0
end_of_record
TN:
SF:app/tokens/_layout.tsx
FN:3,TokensLayout
FNF:1
FNH:0
FNDA:0,TokensLayout
DA:4,0
LF:1
LH:0
BRF:0
BRH:0
end_of_record
TN:
SF:app/tokens/history.tsx
FN:28,(anonymous_0)
FN:51,(anonymous_1)
FN:55,(anonymous_2)
FN:63,TransactionItem
FN:111,FilterButtons
FN:121,(anonymous_5)
FN:127,(anonymous_6)
FN:141,TransactionHistoryScreen
FN:156,(anonymous_8)
FN:181,(anonymous_9)
FN:199,(anonymous_10)
FN:204,(anonymous_11)
FN:209,(anonymous_12)
FN:216,(anonymous_13)
FN:230,(anonymous_14)
FN:248,(anonymous_15)
FN:311,(anonymous_16)
FN:312,(anonymous_17)
FNF:18
FNH:0
FNDA:0,(anonymous_0)
FNDA:0,(anonymous_1)
FNDA:0,(anonymous_2)
FNDA:0,TransactionItem
FNDA:0,FilterButtons
FNDA:0,(anonymous_5)
FNDA:0,(anonymous_6)
FNDA:0,TransactionHistoryScreen
FNDA:0,(anonymous_8)
FNDA:0,(anonymous_9)
FNDA:0,(anonymous_10)
FNDA:0,(anonymous_11)
FNDA:0,(anonymous_12)
FNDA:0,(anonymous_13)
FNDA:0,(anonymous_14)
FNDA:0,(anonymous_15)
FNDA:0,(anonymous_16)
FNDA:0,(anonymous_17)
DA:28,0
DA:31,0
DA:33,0
DA:35,0
DA:37,0
DA:39,0
DA:41,0
DA:43,0
DA:45,0
DA:47,0
DA:51,0
DA:52,0
DA:55,0
DA:56,0
DA:64,0
DA:65,0
DA:67,0
DA:112,0
DA:119,0
DA:122,0
DA:127,0
DA:142,0
DA:143,0
DA:144,0
DA:145,0
DA:146,0
DA:147,0
DA:148,0
DA:149,0
DA:150,0
DA:152,0
DA:155,0
DA:157,0
DA:158,0
DA:159,0
DA:160,0
DA:162,0
DA:164,0
DA:166,0
DA:167,0
DA:172,0
DA:173,0
DA:176,0
DA:178,0
DA:179,0
DA:181,0
DA:184,0
DA:185,0
DA:186,0
DA:188,0
DA:190,0
DA:191,0
DA:192,0
DA:199,0
DA:200,0
DA:204,0
DA:205,0
DA:209,0
DA:210,0
DA:211,0
DA:216,0
DA:217,0
DA:219,0
DA:221,0
DA:223,0
DA:225,0
DA:230,0
DA:231,0
DA:233,0
DA:248,0
DA:249,0
DA:251,0
DA:258,0
DA:259,0
DA:267,0
DA:268,0
DA:280,0
DA:311,0
DA:312,0
DA:328,0
LF:80
LH:0
BRDA:31,0,0,0
BRDA:31,0,1,0
BRDA:31,0,2,0
BRDA:31,0,3,0
BRDA:31,0,4,0
BRDA:31,0,5,0
BRDA:31,0,6,0
BRDA:31,0,7,0
BRDA:75,1,0,0
BRDA:75,1,1,0
BRDA:125,2,0,0
BRDA:125,2,1,0
BRDA:126,3,0,0
BRDA:126,3,1,0
BRDA:128,4,0,0
BRDA:128,4,1,0
BRDA:156,5,0,0
BRDA:157,6,0,0
BRDA:157,6,1,0
BRDA:159,7,0,0
BRDA:159,7,1,0
BRDA:172,8,0,0
BRDA:172,8,1,0
BRDA:172,9,0,0
BRDA:172,9,1,0
BRDA:173,10,0,0
BRDA:173,10,1,0
BRDA:178,11,0,0
BRDA:178,11,1,0
BRDA:188,12,0,0
BRDA:188,12,1,0
BRDA:210,13,0,0
BRDA:210,13,1,0
BRDA:210,14,0,0
BRDA:210,14,1,0
BRDA:217,15,0,0
BRDA:217,15,1,0
BRDA:217,15,2,0
BRDA:217,15,3,0
BRDA:231,16,0,0
BRDA:231,16,1,0
BRDA:239,17,0,0
BRDA:239,17,1,0
BRDA:249,18,0,0
BRDA:249,18,1,0
BRDA:258,19,0,0
BRDA:258,19,1,0
BRDA:267,20,0,0
BRDA:267,20,1,0
BRF:49
BRH:0
end_of_record
TN:
SF:app/tokens/index.tsx
FN:18,TokensScreen
FN:31,(anonymous_1)
FN:109,(anonymous_2)
FNF:3
FNH:0
FNDA:0,TokensScreen
FNDA:0,(anonymous_1)
FNDA:0,(anonymous_2)
DA:19,0
DA:29,0
DA:31,0
DA:32,0
DA:35,0
DA:36,0
DA:44,0
DA:109,0
DA:258,0
LF:9
LH:0
BRDA:35,0,0,0
BRDA:35,0,1,0
BRDA:35,1,0,0
BRDA:35,1,1,0
BRDA:69,2,0,0
BRDA:69,2,1,0
BRDA:69,2,2,0
BRDA:85,3,0,0
BRDA:85,3,1,0
BRDA:231,4,0,0
BRDA:231,4,1,0
BRF:11
BRH:0
end_of_record
TN:
SF:app/tokens/packages.tsx
FN:31,TokenPackagesScreen
FN:41,(anonymous_1)
FN:45,(anonymous_2)
FN:62,(anonymous_3)
FN:75,(anonymous_4)
FN:97,(anonymous_5)
FN:127,(anonymous_6)
FN:134,(anonymous_7)
FN:186,(anonymous_8)
FN:277,(anonymous_9)
FNF:10
FNH:0
FNDA:0,TokenPackagesScreen
FNDA:0,(anonymous_1)
FNDA:0,(anonymous_2)
FNDA:0,(anonymous_3)
FNDA:0,(anonymous_4)
FNDA:0,(anonymous_5)
FNDA:0,(anonymous_6)
FNDA:0,(anonymous_7)
FNDA:0,(anonymous_8)
FNDA:0,(anonymous_9)
DA:32,0
DA:33,0
DA:35,0
DA:36,0
DA:37,0
DA:38,0
DA:41,0
DA:42,0
DA:45,0
DA:46,0
DA:47,0
DA:49,0
DA:50,0
DA:51,0
DA:53,0
DA:57,0
DA:61,0
DA:63,0
DA:65,0
DA:66,0
DA:68,0
DA:69,0
DA:76,0
DA:77,0
DA:82,0
DA:83,0
DA:86,0
DA:91,0
DA:97,0
DA:98,0
DA:100,0
DA:101,0
DA:103,0
DA:104,0
DA:105,0
DA:109,0
DA:111,0
DA:114,0
DA:117,0
DA:122,0
DA:127,0
DA:134,0
DA:137,0
DA:138,0
DA:140,0
DA:141,0
DA:143,0
DA:146,0
DA:147,0
DA:155,0
DA:156,0
DA:168,0
DA:187,0
DA:188,0
DA:189,0
DA:190,0
DA:192,0
DA:277,0
DA:336,0
LF:59
LH:0
BRDA:54,0,0,0
BRDA:54,0,1,0
BRDA:68,1,0,0
BRDA:68,1,1,0
BRDA:82,2,0,0
BRDA:82,2,1,0
BRDA:83,3,0,0
BRDA:83,3,1,0
BRDA:88,4,0,0
BRDA:88,4,1,0
BRDA:103,5,0,0
BRDA:103,5,1,0
BRDA:104,6,0,0
BRDA:104,6,1,0
BRDA:114,7,0,0
BRDA:114,7,1,0
BRDA:119,8,0,0
BRDA:119,8,1,0
BRDA:137,9,0,0
BRDA:137,9,1,0
BRDA:140,10,0,0
BRDA:140,10,1,0
BRDA:146,11,0,0
BRDA:146,11,1,0
BRDA:155,12,0,0
BRDA:155,12,1,0
BRDA:198,13,0,0
BRDA:198,13,1,0
BRDA:199,14,0,0
BRDA:199,14,1,0
BRDA:199,15,0,0
BRDA:199,15,1,0
BRDA:275,16,0,0
BRDA:275,16,1,0
BRDA:275,17,0,0
BRDA:275,17,1,0
BRDA:280,18,0,0
BRDA:280,18,1,0
BRDA:306,19,0,0
BRDA:306,19,1,0
BRF:40
BRH:0
end_of_record
TN:
SF:app/voucher/_layout.tsx
FN:3,VoucherLayout
FNF:1
FNH:0
FNDA:0,VoucherLayout
DA:4,0
LF:1
LH:0
BRF:0
BRH:0
end_of_record
TN:
SF:app/voucher/index.tsx
FN:14,VoucherRedemptionScreen
FN:24,(anonymous_1)
FN:93,(anonymous_2)
FNF:3
FNH:0
FNDA:0,VoucherRedemptionScreen
FNDA:0,(anonymous_1)
FNDA:0,(anonymous_2)
DA:15,0
DA:16,0
DA:17,0
DA:18,0
DA:22,0
DA:24,0
DA:25,0
DA:26,0
DA:27,0
DA:30,0
DA:31,0
DA:33,0
DA:34,0
DA:35,0
DA:36,0
DA:41,0
DA:43,0
DA:49,0
DA:54,0
DA:58,0
DA:93,0
LF:21
LH:0
BRDA:25,0,0,0
BRDA:25,0,1,0
BRDA:35,1,0,0
BRDA:35,1,1,0
BRDA:45,2,0,0
BRDA:45,2,1,0
BRDA:60,3,0,0
BRDA:60,3,1,0
BRDA:104,4,0,0
BRDA:104,4,1,0
BRDA:106,5,0,0
BRDA:106,5,1,0
BRDA:108,6,0,0
BRDA:108,6,1,0
BRDA:113,7,0,0
BRDA:113,7,1,0
BRDA:117,8,0,0
BRDA:117,8,1,0
BRDA:121,9,0,0
BRDA:121,9,1,0
BRDA:127,10,0,0
BRDA:127,10,1,0
BRDA:129,11,0,0
BRDA:129,11,1,0
BRDA:133,12,0,0
BRDA:133,12,1,0
BRF:26
BRH:0
end_of_record
TN:
SF:components/BeforeAfterSlider.tsx
FN:51,BeforeAfterSlider
FN:64,(anonymous_1)
FN:72,(anonymous_2)
FN:75,(anonymous_3)
FN:79,(anonymous_4)
FN:84,(anonymous_5)
FN:92,(anonymous_6)
FN:98,(anonymous_7)
FN:103,(anonymous_8)
FNF:9
FNH:0
FNDA:0,BeforeAfterSlider
FNDA:0,(anonymous_1)
FNDA:0,(anonymous_2)
FNDA:0,(anonymous_3)
FNDA:0,(anonymous_4)
FNDA:0,(anonymous_5)
FNDA:0,(anonymous_6)
FNDA:0,(anonymous_7)
FNDA:0,(anonymous_8)
DA:17,0
DA:18,0
DA:60,0
DA:61,0
DA:62,0
DA:64,0
DA:65,0
DA:66,0
DA:67,0
DA:71,0
DA:73,0
DA:76,0
DA:77,0
DA:80,0
DA:84,0
DA:85,0
DA:86,0
DA:89,0
DA:92,0
DA:98,0
DA:103,0
DA:107,0
DA:209,0
LF:23
LH:0
BRDA:54,0,0,0
BRDA:55,1,0,0
BRDA:56,2,0,0
BRDA:57,3,0,0
BRF:4
BRH:0
end_of_record
TN:
SF:components/BlogCard.tsx
FN:34,BlogCard
FN:35,(anonymous_1)
FN:40,(anonymous_2)
FN:50,(anonymous_3)
FN:170,(anonymous_4)
FNF:5
FNH:0
FNDA:0,BlogCard
FNDA:0,(anonymous_1)
FNDA:0,(anonymous_2)
FNDA:0,(anonymous_3)
FNDA:0,(anonymous_4)
DA:27,0
DA:28,0
DA:35,0
DA:36,0
DA:40,0
DA:41,0
DA:42,0
DA:50,0
DA:51,0
DA:54,0
DA:171,0
DA:207,0
LF:12
LH:0
BRDA:51,0,0,0
BRDA:51,0,1,0
BRDA:97,1,0,0
BRDA:97,1,1,0
BRDA:168,2,0,0
BRDA:168,2,1,0
BRDA:183,3,0,0
BRDA:183,3,1,0
BRF:8
BRH:0
end_of_record
TN:
SF:components/EditScreenInfo.tsx
FN:10,EditScreenInfo
FNF:1
FNH:0
FNDA:0,EditScreenInfo
DA:11,0
DA:53,0
LF:2
LH:0
BRF:0
BRH:0
end_of_record
TN:
SF:components/ExternalLink.tsx
FN:6,ExternalLink
FN:15,(anonymous_1)
FNF:2
FNH:0
FNDA:0,ExternalLink
FNDA:0,(anonymous_1)
DA:9,0
DA:16,0
DA:18,0
DA:20,0
LF:4
LH:0
BRDA:16,0,0,0
BRDA:16,0,1,0
BRF:2
BRH:0
end_of_record
TN:
SF:components/FeatureCard.tsx
FN:55,FeatureCard
FN:130,createFeatureCards
FNF:2
FNH:0
FNDA:0,FeatureCard
FNDA:0,createFeatureCards
DA:40,0
DA:48,0
DA:63,0
DA:64,0
DA:66,0
DA:68,0
DA:136,0
DA:138,0
DA:170,0
LF:9
LH:0
BRDA:59,0,0,0
BRDA:73,1,0,0
BRDA:73,1,1,0
BRDA:74,2,0,0
BRDA:74,2,1,0
BRDA:76,3,0,0
BRDA:76,3,1,0
BRDA:100,4,0,0
BRDA:100,4,1,0
BRDA:109,5,0,0
BRDA:109,5,1,0
BRF:11
BRH:0
end_of_record
TN:
SF:components/FilterSheet.tsx
FN:83,DatePickerButton
FN:122,FilterSheet
FN:140,(anonymous_2)
FN:148,(anonymous_3)
FN:149,(anonymous_4)
FN:152,(anonymous_5)
FN:162,(anonymous_6)
FN:163,(anonymous_7)
FN:173,(anonymous_8)
FN:179,(anonymous_9)
FN:187,(anonymous_10)
FN:201,(anonymous_11)
FN:206,(anonymous_12)
FN:211,(anonymous_13)
FN:220,(anonymous_14)
FN:227,(anonymous_15)
FN:293,(anonymous_16)
FN:310,(anonymous_17)
FN:315,(anonymous_18)
FN:356,(anonymous_19)
FN:368,(anonymous_20)
FN:403,(anonymous_21)
FN:444,(anonymous_22)
FNF:23
FNH:0
FNDA:0,DatePickerButton
FNDA:0,FilterSheet
FNDA:0,(anonymous_2)
FNDA:0,(anonymous_3)
FNDA:0,(anonymous_4)
FNDA:0,(anonymous_5)
FNDA:0,(anonymous_6)
FNDA:0,(anonymous_7)
FNDA:0,(anonymous_8)
FNDA:0,(anonymous_9)
FNDA:0,(anonymous_10)
FNDA:0,(anonymous_11)
FNDA:0,(anonymous_12)
FNDA:0,(anonymous_13)
FNDA:0,(anonymous_14)
FNDA:0,(anonymous_15)
FNDA:0,(anonymous_16)
FNDA:0,(anonymous_17)
FNDA:0,(anonymous_18)
FNDA:0,(anonymous_19)
FNDA:0,(anonymous_20)
FNDA:0,(anonymous_21)
FNDA:0,(anonymous_22)
DA:60,0
DA:69,0
DA:84,0
DA:92,0
DA:135,0
DA:136,0
DA:137,0
DA:140,0
DA:141,0
DA:142,0
DA:143,0
DA:148,0
DA:149,0
DA:150,0
DA:152,0
DA:154,0
DA:162,0
DA:163,0
DA:173,0
DA:174,0
DA:175,0
DA:179,0
DA:180,0
DA:181,0
DA:182,0
DA:183,0
DA:187,0
DA:188,0
DA:195,0
DA:196,0
DA:197,0
DA:201,0
DA:202,0
DA:206,0
DA:207,0
DA:211,0
DA:214,0
DA:215,0
DA:216,0
DA:220,0
DA:223,0
DA:227,0
DA:229,0
DA:230,0
DA:231,0
DA:235,0
DA:239,0
DA:242,0
DA:293,0
DA:311,0
DA:315,0
DA:357,0
DA:358,0
DA:369,0
DA:404,0
DA:405,0
DA:444,0
DA:472,0
LF:58
LH:0
BRDA:84,0,0,0
BRDA:84,0,1,0
BRDA:109,1,0,0
BRDA:109,1,1,0
BRDA:132,2,0,0
BRDA:141,3,0,0
BRDA:141,3,1,0
BRDA:150,4,0,0
BRDA:150,4,1,0
BRDA:231,5,0,0
BRDA:231,5,1,0
BRDA:239,6,0,0
BRDA:239,6,1,0
BRDA:301,7,0,0
BRDA:301,7,1,0
BRDA:318,8,0,0
BRDA:318,8,1,0
BRDA:325,9,0,0
BRDA:325,9,1,0
BRDA:343,10,0,0
BRDA:343,10,1,0
BRDA:350,11,0,0
BRDA:350,11,1,0
BRDA:399,12,0,0
BRDA:399,12,1,0
BRDA:458,13,0,0
BRDA:458,13,1,0
BRF:27
BRH:0
end_of_record
TN:
SF:components/HeroSection.tsx
FN:26,HeroSection
FN:30,(anonymous_1)
FN:46,(anonymous_2)
FN:49,(anonymous_3)
FNF:4
FNH:0
FNDA:0,HeroSection
FNDA:0,(anonymous_1)
FNDA:0,(anonymous_2)
FNDA:0,(anonymous_3)
DA:13,0
DA:27,0
DA:30,0
DA:31,0
DA:45,0
DA:46,0
DA:49,0
DA:50,0
DA:51,0
DA:53,0
DA:58,0
DA:63,0
DA:68,0
DA:158,0
LF:14
LH:0
BRDA:50,0,0,0
BRDA:50,0,1,0
BRF:2
BRH:0
end_of_record
TN:
SF:components/ImageActions.tsx
FN:59,ImageActions
FN:79,(anonymous_1)
FN:84,(anonymous_2)
FN:100,(anonymous_3)
FN:106,(anonymous_4)
FN:120,(anonymous_5)
FN:126,(anonymous_6)
FN:132,(anonymous_7)
FNF:8
FNH:0
FNDA:0,ImageActions
FNDA:0,(anonymous_1)
FNDA:0,(anonymous_2)
FNDA:0,(anonymous_3)
FNDA:0,(anonymous_4)
FNDA:0,(anonymous_5)
FNDA:0,(anonymous_6)
FNDA:0,(anonymous_7)
DA:49,0
DA:71,0
DA:74,0
DA:75,0
DA:76,0
DA:79,0
DA:80,0
DA:84,0
DA:85,0
DA:86,0
DA:87,0
DA:88,0
DA:90,0
DA:94,0
DA:95,0
DA:100,0
DA:106,0
DA:107,0
DA:108,0
DA:113,0
DA:120,0
DA:121,0
DA:122,0
DA:126,0
DA:127,0
DA:128,0
DA:132,0
DA:133,0
DA:134,0
DA:139,0
DA:140,0
DA:143,0
DA:221,0
LF:33
LH:0
BRDA:64,0,0,0
BRDA:65,1,0,0
BRDA:66,2,0,0
BRDA:67,3,0,0
BRDA:68,4,0,0
BRDA:74,5,0,0
BRDA:74,5,1,0
BRDA:80,6,0,0
BRDA:80,6,1,0
BRDA:80,6,2,0
BRDA:85,7,0,0
BRDA:85,7,1,0
BRDA:91,8,0,0
BRDA:91,8,1,0
BRDA:107,9,0,0
BRDA:107,9,1,0
BRDA:121,10,0,0
BRDA:121,10,1,0
BRDA:127,11,0,0
BRDA:127,11,1,0
BRDA:133,12,0,0
BRDA:133,12,1,0
BRDA:139,13,0,0
BRDA:139,13,1,0
BRDA:139,14,0,0
BRDA:139,14,1,0
BRDA:151,15,0,0
BRDA:151,15,1,0
BRDA:175,16,0,0
BRDA:175,16,1,0
BRDA:175,17,0,0
BRDA:175,17,1,0
BRDA:190,18,0,0
BRDA:190,18,1,0
BRDA:190,19,0,0
BRDA:190,19,1,0
BRDA:197,20,0,0
BRDA:197,20,1,0
BRDA:206,21,0,0
BRDA:206,21,1,0
BRDA:206,22,0,0
BRDA:206,22,1,0
BRF:42
BRH:0
end_of_record
TN:
SF:components/JobProgress.tsx
FN:92,getStageIndex
FN:108,getStatusColor
FN:127,AnimatedProgressCircle
FN:137,(anonymous_3)
FN:146,(anonymous_4)
FN:165,(anonymous_5)
FN:232,ProgressSteps
FN:235,(anonymous_7)
FN:289,JobProgress
FNF:9
FNH:0
FNDA:0,getStageIndex
FNDA:0,getStatusColor
FNDA:0,AnimatedProgressCircle
FNDA:0,(anonymous_3)
FNDA:0,(anonymous_4)
FNDA:0,(anonymous_5)
FNDA:0,ProgressSteps
FNDA:0,(anonymous_7)
FNDA:0,JobProgress
DA:50,0
DA:61,0
DA:93,0
DA:94,0
DA:96,0
DA:99,0
DA:102,0
DA:104,0
DA:109,0
DA:110,0
DA:111,0
DA:112,0
DA:134,0
DA:135,0
DA:137,0
DA:138,0
DA:146,0
DA:147,0
DA:148,0
DA:164,0
DA:165,0
DA:167,0
DA:171,0
DA:177,0
DA:182,0
DA:233,0
DA:236,0
DA:237,0
DA:238,0
DA:239,0
DA:241,0
DA:242,0
DA:244,0
DA:245,0
DA:246,0
DA:247,0
DA:248,0
DA:249,0
DA:250,0
DA:251,0
DA:252,0
DA:255,0
DA:301,0
DA:302,0
DA:303,0
DA:305,0
DA:399,0
LF:47
LH:0
BRDA:93,0,0,0
BRDA:93,0,1,0
BRDA:94,1,0,0
BRDA:94,1,1,0
BRDA:94,2,0,0
BRDA:94,2,1,0
BRDA:96,3,0,0
BRDA:96,3,1,0
BRDA:96,3,2,0
BRDA:96,3,3,0
BRDA:96,3,4,0
BRDA:109,4,0,0
BRDA:109,4,1,0
BRDA:110,5,0,0
BRDA:110,5,1,0
BRDA:111,6,0,0
BRDA:111,6,1,0
BRDA:147,7,0,0
BRDA:147,7,1,0
BRDA:147,8,0,0
BRDA:147,8,1,0
BRDA:147,8,2,0
BRDA:147,8,3,0
BRDA:171,9,0,0
BRDA:171,9,1,0
BRDA:173,10,0,0
BRDA:173,10,1,0
BRDA:238,11,0,0
BRDA:238,11,1,0
BRDA:238,11,2,0
BRDA:239,12,0,0
BRDA:239,12,1,0
BRDA:244,13,0,0
BRDA:244,13,1,0
BRDA:247,14,0,0
BRDA:247,14,1,0
BRDA:247,15,0,0
BRDA:247,15,1,0
BRDA:250,16,0,0
BRDA:250,16,1,0
BRDA:260,17,0,0
BRDA:260,17,1,0
BRDA:260,18,0,0
BRDA:260,18,1,0
BRDA:273,19,0,0
BRDA:273,19,1,0
BRDA:274,20,0,0
BRDA:274,20,1,0
BRDA:298,21,0,0
BRDA:299,22,0,0
BRDA:319,23,0,0
BRDA:319,23,1,0
BRDA:321,24,0,0
BRDA:321,24,1,0
BRDA:337,25,0,0
BRDA:337,25,1,0
BRDA:339,26,0,0
BRDA:339,26,1,0
BRDA:341,27,0,0
BRDA:341,27,1,0
BRDA:345,28,0,0
BRDA:345,28,1,0
BRDA:345,28,2,0
BRDA:356,29,0,0
BRDA:356,29,1,0
BRDA:356,29,2,0
BRDA:377,30,0,0
BRDA:377,30,1,0
BRDA:377,30,2,0
BRDA:377,30,3,0
BRF:70
BRH:0
end_of_record
TN:
SF:components/NotificationItem.tsx
FN:48,getNotificationIcon
FN:61,getNotificationIconBackground
FN:74,formatTimestamp
FN:102,NotificationItem
FN:112,(anonymous_4)
FN:116,(anonymous_5)
FN:121,(anonymous_6)
FN:127,(anonymous_7)
FN:132,(anonymous_8)
FN:141,(anonymous_9)
FN:145,(anonymous_10)
FN:150,(anonymous_11)
FN:158,(anonymous_12)
FN:163,(anonymous_13)
FNF:14
FNH:0
FNDA:0,getNotificationIcon
FNDA:0,getNotificationIconBackground
FNDA:0,formatTimestamp
FNDA:0,NotificationItem
FNDA:0,(anonymous_4)
FNDA:0,(anonymous_5)
FNDA:0,(anonymous_6)
FNDA:0,(anonymous_7)
FNDA:0,(anonymous_8)
FNDA:0,(anonymous_9)
FNDA:0,(anonymous_10)
FNDA:0,(anonymous_11)
FNDA:0,(anonymous_12)
FNDA:0,(anonymous_13)
DA:45,0
DA:46,0
DA:49,0
DA:51,0
DA:53,0
DA:55,0
DA:57,0
DA:62,0
DA:64,0
DA:66,0
DA:68,0
DA:70,0
DA:75,0
DA:76,0
DA:77,0
DA:78,0
DA:79,0
DA:80,0
DA:82,0
DA:83,0
DA:84,0
DA:85,0
DA:86,0
DA:87,0
DA:88,0
DA:89,0
DA:91,0
DA:108,0
DA:109,0
DA:110,0
DA:112,0
DA:113,0
DA:116,0
DA:117,0
DA:120,0
DA:123,0
DA:124,0
DA:128,0
DA:130,0
DA:131,0
DA:132,0
DA:133,0
DA:137,0
DA:141,0
DA:145,0
DA:150,0
DA:151,0
DA:152,0
DA:157,0
DA:158,0
DA:162,0
DA:163,0
DA:167,0
DA:268,0
LF:54
LH:0
BRDA:49,0,0,0
BRDA:49,0,1,0
BRDA:49,0,2,0
BRDA:49,0,3,0
BRDA:62,1,0,0
BRDA:62,1,1,0
BRDA:62,1,2,0
BRDA:62,1,3,0
BRDA:82,2,0,0
BRDA:82,2,1,0
BRDA:84,3,0,0
BRDA:84,3,1,0
BRDA:86,4,0,0
BRDA:86,4,1,0
BRDA:88,5,0,0
BRDA:88,5,1,0
BRDA:123,6,0,0
BRDA:123,6,1,0
BRDA:128,7,0,0
BRDA:128,7,1,0
BRDA:153,8,0,0
BRDA:153,8,1,0
BRDA:190,9,0,0
BRDA:190,9,1,0
BRDA:202,10,0,0
BRDA:202,10,1,0
BRDA:208,11,0,0
BRDA:208,11,1,0
BRDA:211,12,0,0
BRDA:211,12,1,0
BRDA:230,13,0,0
BRDA:230,13,1,0
BRDA:241,14,0,0
BRDA:241,14,1,0
BRF:34
BRH:0
end_of_record
TN:
SF:components/ReferralStats.tsx
FN:40,useAnimatedCounter
FN:46,(anonymous_1)
FN:55,(anonymous_2)
FN:74,(anonymous_3)
FN:86,StatCard
FN:132,ReferralStats
FN:240,TokensDisplay
FNF:7
FNH:0
FNDA:0,useAnimatedCounter
FNDA:0,(anonymous_1)
FNDA:0,(anonymous_2)
FNDA:0,(anonymous_3)
FNDA:0,StatCard
FNDA:0,ReferralStats
FNDA:0,TokensDisplay
DA:44,0
DA:46,0
DA:47,0
DA:48,0
DA:49,0
DA:52,0
DA:53,0
DA:55,0
DA:56,0
DA:57,0
DA:60,0
DA:61,0
DA:65,0
DA:67,0
DA:68,0
DA:72,0
DA:74,0
DA:75,0
DA:79,0
DA:94,0
DA:96,0
DA:137,0
DA:138,0
DA:182,0
DA:241,0
DA:243,0
LF:26
LH:0
BRDA:47,0,0,0
BRDA:47,0,1,0
BRDA:67,1,0,0
BRDA:67,1,1,0
BRDA:111,2,0,0
BRDA:111,2,1,0
BRDA:134,3,0,0
BRDA:135,4,0,0
BRDA:137,5,0,0
BRDA:137,5,1,0
BRF:10
BRH:0
end_of_record
TN:
SF:components/ReferredUsersList.tsx
FN:42,maskEmail
FN:52,(anonymous_1)
FN:64,maskName
FN:69,(anonymous_3)
FN:79,formatDate
FN:91,getStatusColor
FN:105,getStatusBackgroundColor
FN:119,getStatusLabel
FN:138,ReferredUserItem
FN:232,EmptyState
FN:268,LoadingState
FN:271,(anonymous_11)
FN:311,ReferredUsersList
FN:321,(anonymous_13)
FN:326,(anonymous_14)
FN:329,(anonymous_15)
FN:335,(anonymous_16)
FNF:17
FNH:0
FNDA:0,maskEmail
FNDA:0,(anonymous_1)
FNDA:0,maskName
FNDA:0,(anonymous_3)
FNDA:0,formatDate
FNDA:0,getStatusColor
FNDA:0,getStatusBackgroundColor
FNDA:0,getStatusLabel
FNDA:0,ReferredUserItem
FNDA:0,EmptyState
FNDA:0,LoadingState
FNDA:0,(anonymous_11)
FNDA:0,ReferredUsersList
FNDA:0,(anonymous_13)
FNDA:0,(anonymous_14)
FNDA:0,(anonymous_15)
FNDA:0,(anonymous_16)
DA:43,0
DA:44,0
DA:47,0
DA:51,0
DA:52,0
DA:53,0
DA:54,0
DA:57,0
DA:65,0
DA:67,0
DA:70,0
DA:71,0
DA:80,0
DA:81,0
DA:92,0
DA:94,0
DA:96,0
DA:98,0
DA:106,0
DA:108,0
DA:110,0
DA:112,0
DA:120,0
DA:122,0
DA:124,0
DA:126,0
DA:139,0
DA:140,0
DA:141,0
DA:142,0
DA:143,0
DA:144,0
DA:146,0
DA:148,0
DA:233,0
DA:269,0
DA:272,0
DA:320,0
DA:321,0
DA:326,0
DA:329,0
DA:330,0
DA:331,0
DA:335,0
DA:336,0
DA:338,0
DA:351,0
DA:352,0
DA:355,0
DA:375,0
LF:50
LH:0
BRDA:44,0,0,0
BRDA:44,0,1,0
BRDA:44,1,0,0
BRDA:44,1,1,0
BRDA:47,2,0,0
BRDA:47,2,1,0
BRDA:53,3,0,0
BRDA:53,3,1,0
BRDA:65,4,0,0
BRDA:65,4,1,0
BRDA:70,5,0,0
BRDA:70,5,1,0
BRDA:92,6,0,0
BRDA:92,6,1,0
BRDA:92,6,2,0
BRDA:106,7,0,0
BRDA:106,7,1,0
BRDA:106,7,2,0
BRDA:120,8,0,0
BRDA:120,8,1,0
BRDA:120,8,2,0
BRDA:146,9,0,0
BRDA:146,9,1,0
BRDA:170,10,0,0
BRDA:170,10,1,0
BRDA:212,11,0,0
BRDA:212,11,1,0
BRDA:313,12,0,0
BRDA:314,13,0,0
BRDA:317,14,0,0
BRDA:330,15,0,0
BRDA:330,15,1,0
BRDA:336,16,0,0
BRDA:336,16,1,0
BRDA:336,17,0,0
BRDA:336,17,1,0
BRDA:351,18,0,0
BRDA:351,18,1,0
BRDA:351,19,0,0
BRDA:351,19,1,0
BRF:40
BRH:0
end_of_record
TN:
SF:components/SearchBar.tsx
FN:49,SearchBar
FN:77,(anonymous_1)
FN:85,(anonymous_2)
FN:91,(anonymous_3)
FN:99,(anonymous_4)
FN:101,(anonymous_5)
FN:111,(anonymous_6)
FN:120,(anonymous_7)
FN:130,(anonymous_8)
FN:150,(anonymous_9)
FN:167,(anonymous_10)
FNF:11
FNH:0
FNDA:0,SearchBar
FNDA:0,(anonymous_1)
FNDA:0,(anonymous_2)
FNDA:0,(anonymous_3)
FNDA:0,(anonymous_4)
FNDA:0,(anonymous_5)
FNDA:0,(anonymous_6)
FNDA:0,(anonymous_7)
FNDA:0,(anonymous_8)
FNDA:0,(anonymous_9)
FNDA:0,(anonymous_10)
DA:42,0
DA:43,0
DA:62,0
DA:65,0
DA:68,0
DA:71,0
DA:74,0
DA:77,0
DA:78,0
DA:79,0
DA:85,0
DA:86,0
DA:92,0
DA:93,0
DA:99,0
DA:100,0
DA:101,0
DA:102,0
DA:103,0
DA:104,0
DA:110,0
[...]
end_of_record
TN:
SF:services/api/images.ts
FN:60,uploadImage
FN:72,enhanceImage
FN:84,batchEnhanceImages
FN:96,getImages
FN:118,getImage
FN:127,deleteImage
FN:136,shareImage
FN:151,getAlbums
FN:158,createAlbum
FN:170,updateAlbum
FN:185,deleteAlbum
FN:194,addImagesToAlbum
FN:226,getDownloadUrl
FN:236,getShareLink
FNF:14
FNH:0
FNDA:0,uploadImage
FNDA:0,enhanceImage
FNDA:0,batchEnhanceImages
FNDA:0,getImages
FNDA:0,getImage
FNDA:0,deleteImage
FNDA:0,shareImage
FNDA:0,getAlbums
FNDA:0,createAlbum
FNDA:0,updateAlbum
FNDA:0,deleteAlbum
FNDA:0,addImagesToAlbum
FNDA:0,getDownloadUrl
FNDA:0,getShareLink
DA:64,0
DA:75,0
DA:87,0
DA:99,0
DA:100,0
DA:101,0
DA:102,0
DA:103,0
DA:104,0
DA:105,0
DA:106,0
DA:107,0
DA:109,0
DA:110,0
DA:121,0
DA:130,0
DA:139,0
DA:152,0
DA:164,0
DA:179,0
DA:188,0
DA:198,0
DA:229,0
DA:239,0
LF:24
LH:0
BRDA:65,0,0,0
BRDA:65,0,1,0
BRDA:100,1,0,0
BRDA:100,1,1,0
BRDA:101,2,0,0
BRDA:101,2,1,0
BRDA:102,3,0,0
BRDA:102,3,1,0
BRDA:103,4,0,0
BRDA:103,4,1,0
BRDA:104,5,0,0
BRDA:104,5,1,0
BRDA:105,6,0,0
BRDA:105,6,1,0
BRDA:106,7,0,0
BRDA:106,7,1,0
BRDA:107,8,0,0
BRDA:107,8,1,0
BRDA:111,9,0,0
BRDA:111,9,1,0
BRF:20
BRH:0
end_of_record
TN:
SF:services/api/jobs.ts
FN:29,getJobStatus
FN:38,getBatchJobStatus
FN:49,cancelJob
FN:71,pollJobUntilComplete
FN:85,(anonymous_4)
FN:86,(anonymous_5)
FN:136,getStageDescription
FN:154,getStageProgress
FNF:8
FNH:0
FNDA:0,getJobStatus
FNDA:0,getBatchJobStatus
FNDA:0,cancelJob
FNDA:0,pollJobUntilComplete
FNDA:0,(anonymous_4)
FNDA:0,(anonymous_5)
FNDA:0,getStageDescription
FNDA:0,getStageProgress
DA:32,0
DA:41,0
DA:52,0
DA:81,0
DA:83,0
DA:85,0
DA:86,0
DA:87,0
DA:88,0
DA:89,0
DA:90,0
DA:91,0
DA:94,0
DA:96,0
DA:97,0
DA:98,0
DA:99,0
DA:102,0
DA:103,0
DA:104,0
DA:105,0
DA:106,0
DA:107,0
DA:110,0
DA:112,0
DA:113,0
DA:114,0
DA:115,0
DA:118,0
DA:119,0
DA:120,0
DA:121,0
DA:122,0
DA:126,0
DA:129,0
DA:137,0
DA:139,0
DA:141,0
DA:143,0
DA:145,0
DA:147,0
DA:155,0
DA:157,0
DA:159,0
DA:161,0
DA:163,0
DA:165,0
LF:47
LH:0
BRDA:79,0,0,0
BRDA:80,1,0,0
BRDA:87,2,0,0
BRDA:87,2,1,0
BRDA:96,3,0,0
BRDA:96,3,1,0
BRDA:103,4,0,0
BRDA:103,4,1,0
BRDA:112,5,0,0
BRDA:112,5,1,0
BRDA:118,6,0,0
BRDA:118,6,1,0
BRDA:118,7,0,0
BRDA:118,7,1,0
BRDA:119,8,0,0
BRDA:119,8,1,0
BRDA:137,9,0,0
BRDA:137,9,1,0
BRDA:137,9,2,0
BRDA:137,9,3,0
BRDA:137,9,4,0
BRDA:155,10,0,0
BRDA:155,10,1,0
BRDA:155,10,2,0
BRDA:155,10,3,0
BRDA:155,10,4,0
BRF:26
BRH:0
end_of_record
TN:
SF:services/api/merch.ts
FN:105,getProducts
FN:126,getProduct
FN:135,getCategories
FN:142,getFeaturedProducts
FN:155,getCart
FN:162,addToCart
FN:171,updateCartItem
FN:183,removeCartItem
FN:192,clearCart
FN:203,getShippingRates
FN:214,initializeCheckout
FN:229,completeCheckoutWithIAP
FN:250,getOrders
FN:269,getOrder
FN:278,cancelOrder
FN:293,getUserEnhancedImages
FN:328,uploadMerchImage
FNF:17
FNH:0
FNDA:0,getProducts
FNDA:0,getProduct
FNDA:0,getCategories
FNDA:0,getFeaturedProducts
FNDA:0,getCart
FNDA:0,addToCart
FNDA:0,updateCartItem
FNDA:0,removeCartItem
FNDA:0,clearCart
FNDA:0,getShippingRates
FNDA:0,initializeCheckout
FNDA:0,completeCheckoutWithIAP
FNDA:0,getOrders
FNDA:0,getOrder
FNDA:0,cancelOrder
FNDA:0,getUserEnhancedImages
FNDA:0,uploadMerchImage
DA:111,0
DA:112,0
DA:113,0
DA:114,0
DA:115,0
DA:117,0
DA:118,0
DA:129,0
DA:136,0
DA:145,0
DA:156,0
DA:165,0
DA:175,0
DA:186,0
DA:193,0
DA:206,0
DA:217,0
DA:234,0
DA:255,0
DA:256,0
DA:257,0
DA:258,0
DA:260,0
DA:261,0
DA:272,0
DA:281,0
DA:308,0
DA:309,0
DA:310,0
DA:312,0
DA:313,0
DA:340,0
LF:32
LH:0
BRDA:112,0,0,0
BRDA:112,0,1,0
BRDA:113,1,0,0
BRDA:113,1,1,0
BRDA:114,2,0,0
BRDA:114,2,1,0
BRDA:115,3,0,0
BRDA:115,3,1,0
BRDA:119,4,0,0
BRDA:119,4,1,0
BRDA:256,5,0,0
BRDA:256,5,1,0
BRDA:257,6,0,0
BRDA:257,6,1,0
BRDA:258,7,0,0
BRDA:258,7,1,0
BRDA:262,8,0,0
BRDA:262,8,1,0
BRDA:309,9,0,0
BRDA:309,9,1,0
BRDA:310,10,0,0
BRDA:310,10,1,0
BRDA:322,11,0,0
BRDA:322,11,1,0
BRF:24
BRH:0
end_of_record
TN:
SF:services/api/referrals.ts
FN:54,getReferralCode
FN:63,getReferralStats
FN:72,getReferredUsers
FN:89,validateReferralCode
FN:100,applyReferralCode
FNF:5
FNH:0
FNDA:0,getReferralCode
FNDA:0,getReferralStats
FNDA:0,getReferredUsers
FNDA:0,validateReferralCode
FNDA:0,applyReferralCode
DA:57,0
DA:66,0
DA:76,0
DA:77,0
DA:78,0
DA:80,0
DA:81,0
DA:92,0
DA:103,0
LF:9
LH:0
BRDA:77,0,0,0
BRDA:77,0,1,0
BRDA:78,1,0,0
BRDA:78,1,1,0
BRDA:82,2,0,0
BRDA:82,2,1,0
BRF:6
BRH:0
end_of_record
TN:
SF:services/api/settings.ts
FN:69,listApiKeys
FN:76,createApiKey
FN:87,deleteApiKey
FN:102,getPreferences
FN:111,updatePreferences
FN:127,deleteAccount
FNF:6
FNH:0
FNDA:0,listApiKeys
FNDA:0,createApiKey
FNDA:0,deleteApiKey
FNDA:0,getPreferences
FNDA:0,updatePreferences
FNDA:0,deleteAccount
DA:70,0
DA:79,0
DA:90,0
DA:105,0
DA:114,0
DA:130,0
LF:6
LH:0
BRF:0
BRH:0
end_of_record
TN:
SF:services/api/tokens.ts
FN:45,getTokenBalance
FN:54,getTokenHistory
FN:71,getTokenPackages
FN:80,redeemVoucher
FN:91,validateVoucher
FNF:5
FNH:0
FNDA:0,getTokenBalance
FNDA:0,getTokenHistory
FNDA:0,getTokenPackages
FNDA:0,redeemVoucher
FNDA:0,validateVoucher
DA:48,0
DA:58,0
DA:59,0
DA:60,0
DA:62,0
DA:63,0
DA:74,0
DA:83,0
DA:98,0
LF:9
LH:0
BRDA:59,0,0,0
BRDA:59,0,1,0
BRDA:60,1,0,0
BRDA:60,1,1,0
BRDA:64,2,0,0
BRDA:64,2,1,0
BRF:6
BRH:0
end_of_record
TN:
SF:stores/auth-store.ts
FN:52,(anonymous_0)
FN:63,(anonymous_1)
FN:94,(anonymous_2)
FN:106,(anonymous_3)
FN:118,(anonymous_4)
FN:130,(anonymous_5)
FN:141,(anonymous_6)
FN:150,(anonymous_7)
FN:154,(anonymous_8)
FN:161,(anonymous_9)
FN:168,(anonymous_10)
FN:179,(anonymous_11)
FNF:12
FNH:0
FNDA:0,(anonymous_0)
FNDA:0,(anonymous_1)
FNDA:0,(anonymous_2)
FNDA:0,(anonymous_3)
FNDA:0,(anonymous_4)
FNDA:0,(anonymous_5)
FNDA:0,(anonymous_6)
FNDA:0,(anonymous_7)
FNDA:0,(anonymous_8)
FNDA:0,(anonymous_9)
FNDA:0,(anonymous_10)
FNDA:0,(anonymous_11)
DA:52,0
DA:64,0
DA:65,0
DA:66,0
DA:67,0
DA:69,0
DA:70,0
DA:77,0
DA:85,0
DA:95,0
DA:96,0
DA:97,0
DA:103,0
DA:107,0
DA:108,0
DA:109,0
DA:115,0
DA:119,0
DA:120,0
DA:121,0
DA:127,0
DA:131,0
DA:132,0
DA:133,0
DA:142,0
DA:143,0
DA:144,0
DA:146,0
DA:151,0
DA:155,0
DA:156,0
DA:157,0
DA:158,0
DA:162,0
DA:163,0
DA:164,0
DA:165,0
DA:169,0
DA:170,0
DA:171,0
DA:172,0
DA:174,0
DA:176,0
DA:180,0
DA:181,0
DA:182,0
DA:183,0
LF:47
LH:0
BRDA:67,0,0,0
BRDA:67,0,1,0
BRDA:71,1,0,0
BRDA:71,1,1,0
BRDA:89,2,0,0
BRDA:89,2,1,0
BRDA:98,3,0,0
BRDA:98,3,1,0
BRDA:101,4,0,0
BRDA:101,4,1,0
BRDA:110,5,0,0
BRDA:110,5,1,0
BRDA:113,6,0,0
BRDA:113,6,1,0
BRDA:122,7,0,0
BRDA:122,7,1,0
BRDA:125,8,0,0
BRDA:125,8,1,0
BRDA:143,9,0,0
BRDA:143,9,1,0
BRDA:143,10,0,0
BRDA:143,10,1,0
BRDA:157,11,0,0
BRDA:157,11,1,0
BRDA:164,12,0,0
BRDA:164,12,1,0
BRDA:171,13,0,0
BRDA:171,13,1,0
BRDA:174,14,0,0
BRDA:174,14,1,0
BRDA:182,15,0,0
BRDA:182,15,1,0
BRF:32
BRH:0
end_of_record
TN:
SF:stores/cart-store.ts
FN:61,(anonymous_0)
FN:69,(anonymous_1)
FN:77,(anonymous_2)
FN:81,(anonymous_3)
FN:85,(anonymous_4)
FN:91,(anonymous_5)
FN:101,(anonymous_6)
FN:114,(anonymous_7)
FN:116,(anonymous_8)
FN:124,(anonymous_9)
FN:130,(anonymous_10)
FN:135,(anonymous_11)
FN:137,(anonymous_12)
FN:145,(anonymous_13)
FN:149,(anonymous_14)
FN:154,(anonymous_15)
FN:156,(anonymous_16)
FN:164,(anonymous_17)
FN:171,(anonymous_18)
FN:176,(anonymous_19)
FN:181,(anonymous_20)
FN:185,(anonymous_21)
FN:197,calculateShippingCost
FN:204,getRemainingForFreeShipping
FN:211,formatPrice
FNF:25
FNH:0
FNDA:0,(anonymous_0)
FNDA:0,(anonymous_1)
FNDA:0,(anonymous_2)
FNDA:0,(anonymous_3)
FNDA:0,(anonymous_4)
FNDA:0,(anonymous_5)
FNDA:0,(anonymous_6)
FNDA:0,(anonymous_7)
FNDA:0,(anonymous_8)
FNDA:0,(anonymous_9)
FNDA:0,(anonymous_10)
FNDA:0,(anonymous_11)
FNDA:0,(anonymous_12)
FNDA:0,(anonymous_13)
FNDA:0,(anonymous_14)
FNDA:0,(anonymous_15)
FNDA:0,(anonymous_16)
FNDA:0,(anonymous_17)
FNDA:0,(anonymous_18)
FNDA:0,(anonymous_19)
FNDA:0,(anonymous_20)
FNDA:0,(anonymous_21)
FNDA:0,calculateShippingCost
FNDA:0,getRemainingForFreeShipping
FNDA:0,formatPrice
DA:53,0
DA:54,0
DA:55,0
DA:61,0
DA:70,0
DA:78,0
DA:82,0
DA:86,0
DA:87,0
DA:90,0
DA:92,0
DA:99,0
DA:101,0
DA:102,0
DA:108,0
DA:111,0
DA:114,0
DA:116,0
DA:121,0
DA:125,0
DA:126,0
DA:128,0
DA:130,0
DA:132,0
DA:135,0
DA:137,0
DA:142,0
DA:146,0
DA:147,0
DA:149,0
DA:151,0
DA:154,0
DA:156,0
DA:161,0
DA:165,0
DA:172,0
DA:173,0
DA:177,0
DA:178,0
DA:182,0
DA:186,0
DA:198,0
DA:205,0
DA:212,0
LF:44
LH:0
BRDA:87,0,0,0
BRDA:87,0,1,0
BRDA:92,1,0,0
BRDA:92,1,1,0
BRDA:92,1,2,0
BRDA:92,1,3,0
BRDA:99,2,0,0
BRDA:99,2,1,0
BRDA:102,3,0,0
BRDA:102,3,1,0
BRDA:126,4,0,0
BRDA:126,4,1,0
BRDA:128,5,0,0
BRDA:128,5,1,0
BRDA:128,6,0,0
BRDA:128,6,1,0
BRDA:130,7,0,0
BRDA:130,7,1,0
BRDA:147,8,0,0
BRDA:147,8,1,0
BRDA:173,9,0,0
BRDA:173,9,1,0
BRDA:178,10,0,0
BRDA:178,10,1,0
BRDA:182,11,0,0
BRDA:182,11,1,0
BRDA:198,12,0,0
BRDA:198,12,1,0
BRDA:211,13,0,0
BRF:29
BRH:0
end_of_record
TN:
SF:stores/enhancement-store.ts
FN:92,(anonymous_0)
FN:93,(anonymous_1)
FN:94,(anonymous_2)
FN:95,(anonymous_3)
FN:96,(anonymous_4)
FN:97,(anonymous_5)
FN:109,(anonymous_6)
FN:129,(anonymous_7)
FN:158,(anonymous_8)
FN:172,(anonymous_9)
FN:181,(anonymous_10)
FN:182,(anonymous_11)
FN:187,(anonymous_12)
FN:188,(anonymous_13)
FN:189,(anonymous_14)
FN:195,(anonymous_15)
FN:196,(anonymous_16)
FN:197,(anonymous_17)
FN:201,(anonymous_18)
FN:208,(anonymous_19)
FN:212,(anonymous_20)
FN:224,(anonymous_21)
FN:228,(anonymous_22)
FN:254,(anonymous_23)
FN:273,(anonymous_24)
FN:286,(anonymous_25)
FN:306,(anonymous_26)
FNF:27
FNH:0
FNDA:0,(anonymous_0)
FNDA:0,(anonymous_1)
FNDA:0,(anonymous_2)
FNDA:0,(anonymous_3)
FNDA:0,(anonymous_4)
FNDA:0,(anonymous_5)
FNDA:0,(anonymous_6)
FNDA:0,(anonymous_7)
FNDA:0,(anonymous_8)
FNDA:0,(anonymous_9)
FNDA:0,(anonymous_10)
FNDA:0,(anonymous_11)
FNDA:0,(anonymous_12)
FNDA:0,(anonymous_13)
FNDA:0,(anonymous_14)
FNDA:0,(anonymous_15)
FNDA:0,(anonymous_16)
FNDA:0,(anonymous_17)
FNDA:0,(anonymous_18)
FNDA:0,(anonymous_19)
FNDA:0,(anonymous_20)
FNDA:0,(anonymous_21)
FNDA:0,(anonymous_22)
FNDA:0,(anonymous_23)
FNDA:0,(anonymous_24)
FNDA:0,(anonymous_25)
FNDA:0,(anonymous_26)
DA:92,0
DA:93,0
DA:94,0
DA:95,0
DA:96,0
DA:97,0
DA:103,0
DA:109,0
DA:130,0
DA:133,0
DA:135,0
DA:141,0
DA:142,0
DA:147,0
DA:148,0
DA:152,0
DA:155,0
DA:156,0
DA:158,0
DA:165,0
DA:173,0
DA:175,0
DA:177,0
DA:178,0
DA:182,0
DA:188,0
DA:190,0
DA:196,0
DA:197,0
DA:202,0
DA:209,0
DA:213,0
DA:225,0
DA:229,0
DA:231,0
DA:232,0
DA:235,0
DA:236,0
DA:239,0
DA:240,0
DA:241,0
DA:250,0
DA:255,0
DA:274,0
DA:275,0
DA:277,0
DA:287,0
DA:288,0
DA:290,0
DA:291,0
DA:307,0
LF:51
LH:0
BRDA:94,0,0,0
BRDA:94,0,1,0
BRDA:95,1,0,0
BRDA:95,1,1,0
BRDA:96,2,0,0
BRDA:96,2,1,0
BRDA:97,3,0,0
BRDA:97,3,1,0
BRDA:129,4,0,0
BRDA:133,5,0,0
BRDA:133,5,1,0
BRDA:133,6,0,0
BRDA:133,6,1,0
BRDA:138,7,0,0
BRDA:138,7,1,0
BRDA:143,8,0,0
BRDA:143,8,1,0
BRDA:147,9,0,0
BRDA:147,9,1,0
BRDA:147,10,0,0
BRDA:147,10,1,0
BRDA:150,11,0,0
BRDA:150,11,1,0
BRDA:159,12,0,0
BRDA:159,12,1,0
BRDA:167,13,0,0
BRDA:167,13,1,0
BRDA:175,14,0,0
BRDA:175,14,1,0
BRDA:175,15,0,0
BRDA:175,15,1,0
BRDA:190,16,0,0
BRDA:190,16,1,0
BRDA:201,17,0,0
BRDA:225,18,0,0
BRDA:225,18,1,0
BRDA:231,19,0,0
BRDA:231,19,1,0
BRDA:231,20,0,0
BRDA:231,20,1,0
BRDA:240,21,0,0
BRDA:240,21,1,0
BRDA:240,22,0,0
BRDA:240,22,1,0
BRDA:275,23,0,0
BRDA:275,23,1,0
BRDA:282,24,0,0
BRDA:282,24,1,0
BRDA:286,25,0,0
BRDA:288,26,0,0
BRDA:288,26,1,0
BRDA:294,27,0,0
BRDA:294,27,1,0
BRDA:295,28,0,0
BRDA:295,28,1,0
BRDA:296,29,0,0
BRDA:296,29,1,0
BRDA:301,30,0,0
BRDA:301,30,1,0
BRF:59
BRH:0
end_of_record
TN:
SF:stores/gallery-store.ts
FN:138,sortOptionToApiParams
FN:163,formatDateToIso
FN:206,(anonymous_2)
FN:213,(anonymous_3)
FN:252,(anonymous_4)
FN:300,(anonymous_5)
FN:305,(anonymous_6)
FN:313,(anonymous_7)
FN:314,(anonymous_8)
FN:316,(anonymous_9)
FN:326,(anonymous_10)
FN:331,(anonymous_11)
FN:332,(anonymous_12)
FN:346,(anonymous_13)
FN:355,(anonymous_14)
FN:360,(anonymous_15)
FN:375,(anonymous_16)
FN:393,(anonymous_17)
FN:402,(anonymous_18)
FN:411,(anonymous_19)
FN:420,(anonymous_20)
FN:421,(anonymous_21)
FN:429,(anonymous_22)
FN:437,(anonymous_23)
FN:438,(anonymous_24)
FN:445,(anonymous_25)
FN:450,(anonymous_26)
FN:472,(anonymous_27)
FN:473,(anonymous_28)
FN:479,(anonymous_29)
FN:480,(anonymous_30)
FN:491,(anonymous_31)
FN:492,(anonymous_32)
FN:493,(anonymous_33)
FN:497,(anonymous_34)
FN:505,(anonymous_35)
FN:523,(anonymous_36)
FN:530,(anonymous_37)
FN:531,(anonymous_38)
FN:544,(anonymous_39)
FN:551,(anonymous_40)
FN:558,(anonymous_41)
FN:559,(anonymous_42)
FN:564,(anonymous_43)
FN:565,(anonymous_44)
FN:572,(anonymous_45)
FN:579,(anonymous_46)
FN:580,(anonymous_47)
FN:585,(anonymous_48)
FN:593,(anonymous_49)
FN:597,(anonymous_50)
FNF:51
FNH:0
FNDA:0,sortOptionToApiParams
FNDA:0,formatDateToIso
FNDA:0,(anonymous_2)
FNDA:0,(anonymous_3)
FNDA:0,(anonymous_4)
FNDA:0,(anonymous_5)
FNDA:0,(anonymous_6)
FNDA:0,(anonymous_7)
FNDA:0,(anonymous_8)
FNDA:0,(anonymous_9)
FNDA:0,(anonymous_10)
FNDA:0,(anonymous_11)
FNDA:0,(anonymous_12)
FNDA:0,(anonymous_13)
FNDA:0,(anonymous_14)
FNDA:0,(anonymous_15)
FNDA:0,(anonymous_16)
FNDA:0,(anonymous_17)
FNDA:0,(anonymous_18)
FNDA:0,(anonymous_19)
FNDA:0,(anonymous_20)
FNDA:0,(anonymous_21)
FNDA:0,(anonymous_22)
FNDA:0,(anonymous_23)
FNDA:0,(anonymous_24)
FNDA:0,(anonymous_25)
FNDA:0,(anonymous_26)
FNDA:0,(anonymous_27)
FNDA:0,(anonymous_28)
FNDA:0,(anonymous_29)
FNDA:0,(anonymous_30)
FNDA:0,(anonymous_31)
FNDA:0,(anonymous_32)
FNDA:0,(anonymous_33)
FNDA:0,(anonymous_34)
FNDA:0,(anonymous_35)
FNDA:0,(anonymous_36)
FNDA:0,(anonymous_37)
FNDA:0,(anonymous_38)
FNDA:0,(anonymous_39)
FNDA:0,(anonymous_40)
FNDA:0,(anonymous_41)
FNDA:0,(anonymous_42)
FNDA:0,(anonymous_43)
FNDA:0,(anonymous_44)
FNDA:0,(anonymous_45)
FNDA:0,(anonymous_46)
FNDA:0,(anonymous_47)
FNDA:0,(anonymous_48)
FNDA:0,(anonymous_49)
FNDA:0,(anonymous_50)
DA:133,0
DA:142,0
DA:144,0
DA:146,0
DA:148,0
DA:150,0
DA:152,0
DA:154,0
DA:156,0
DA:164,0
DA:165,0
DA:168,0
DA:176,0
DA:206,0
DA:214,0
DA:216,0
DA:219,0
DA:220,0
DA:224,0
DA:236,0
DA:237,0
DA:238,0
DA:241,0
DA:242,0
DA:262,0
DA:264,0
DA:266,0
DA:269,0
DA:270,0
DA:274,0
DA:285,0
DA:286,0
DA:287,0
DA:290,0
DA:291,0
DA:301,0
DA:302,0
DA:306,0
DA:308,0
DA:309,0
DA:310,0
DA:313,0
DA:314,0
DA:316,0
DA:319,0
DA:327,0
DA:328,0
DA:332,0
DA:343,0
DA:347,0
DA:352,0
DA:356,0
DA:357,0
DA:361,0
DA:368,0
DA:376,0
DA:378,0
DA:380,0
DA:381,0
DA:382,0
DA:385,0
DA:386,0
DA:394,0
DA:396,0
DA:397,0
DA:398,0
DA:401,0
DA:402,0
DA:405,0
DA:408,0
DA:412,0
DA:414,0
DA:415,0
DA:416,0
DA:419,0
DA:420,0
DA:421,0
DA:423,0
DA:426,0
DA:430,0
DA:432,0
DA:433,0
DA:434,0
DA:437,0
DA:438,0
DA:442,0
DA:446,0
DA:447,0
DA:451,0
DA:452,0
DA:454,0
DA:456,0
DA:458,0
DA:459,0
DA:460,0
DA:464,0
DA:465,0
DA:473,0
DA:480,0
DA:481,0
DA:482,0
DA:483,0
DA:485,0
DA:487,0
DA:492,0
DA:493,0
DA:498,0
DA:506,0
DA:507,0
DA:509,0
DA:511,0
DA:513,0
DA:514,0
DA:515,0
DA:519,0
DA:520,0
DA:524,0
DA:525,0
DA:527,0
DA:530,0
DA:531,0
DA:533,0
DA:534,0
DA:537,0
DA:545,0
DA:552,0
DA:559,0
DA:565,0
DA:573,0
DA:574,0
DA:575,0
DA:580,0
DA:586,0
DA:594,0
DA:598,0
LF:135
LH:0
BRDA:142,0,0,0
BRDA:142,0,1,0
BRDA:142,0,2,0
BRDA:142,0,3,0
BRDA:142,0,4,0
BRDA:142,0,5,0
BRDA:142,0,6,0
BRDA:164,1,0,0
BRDA:164,1,1,0
BRDA:220,2,0,0
BRDA:220,2,1,0
BRDA:222,3,0,0
BRDA:222,3,1,0
BRDA:228,4,0,0
BRDA:228,4,1,0
BRDA:236,5,0,0
BRDA:236,5,1,0
BRDA:241,6,0,0
BRDA:241,6,1,0
BRDA:264,7,0,0
BRDA:264,7,1,0
BRDA:264,8,0,0
BRDA:264,8,1,0
BRDA:270,9,0,0
BRDA:270,9,1,0
BRDA:272,10,0,0
BRDA:272,10,1,0
BRDA:278,11,0,0
BRDA:278,11,1,0
BRDA:285,12,0,0
BRDA:285,12,1,0
BRDA:290,13,0,0
BRDA:290,13,1,0
BRDA:308,14,0,0
BRDA:308,14,1,0
BRDA:336,15,0,0
BRDA:336,15,1,0
BRDA:380,16,0,0
BRDA:380,16,1,0
BRDA:385,17,0,0
BRDA:385,17,1,0
BRDA:396,18,0,0
BRDA:396,18,1,0
BRDA:401,19,0,0
BRDA:401,19,1,0
BRDA:414,20,0,0
BRDA:414,20,1,0
BRDA:419,21,0,0
BRDA:419,21,1,0
BRDA:421,22,0,0
BRDA:421,22,1,0
BRDA:432,23,0,0
BRDA:432,23,1,0
BRDA:439,24,0,0
BRDA:439,24,1,0
BRDA:454,25,0,0
BRDA:454,25,1,0
BRDA:458,26,0,0
BRDA:458,26,1,0
BRDA:475,27,0,0
BRDA:475,27,1,0
BRDA:482,28,0,0
BRDA:482,28,1,0
BRDA:509,29,0,0
BRDA:509,29,1,0
BRDA:513,30,0,0
BRDA:513,30,1,0
BRDA:527,31,0,0
BRDA:527,31,1,0
BRDA:533,32,0,0
BRDA:533,32,1,0
BRDA:544,33,0,0
BRDA:566,34,0,0
BRDA:566,34,1,0
BRDA:574,35,0,0
BRDA:574,35,1,0
BRDA:574,36,0,0
BRDA:574,36,1,0
BRF:78
BRH:0
end_of_record
TN:
SF:stores/index.ts
FNF:0
FNH:0
LF:0
LH:0
BRF:0
BRH:0
end_of_record
TN:
SF:stores/settings-store.ts
FN:136,(anonymous_0)
FN:151,(anonymous_1)
FN:199,(anonymous_2)
FN:203,(anonymous_3)
FN:233,(anonymous_4)
FN:237,(anonymous_5)
FN:267,(anonymous_6)
FN:282,(anonymous_7)
FN:310,(anonymous_8)
FN:323,(anonymous_9)
FN:348,(anonymous_10)
FN:359,(anonymous_11)
FN:360,(anonymous_12)
FN:373,(anonymous_13)
FN:377,(anonymous_14)
FN:408,(anonymous_15)
FN:416,(anonymous_16)
FN:433,(anonymous_17)
FNF:18
FNH:0
FNDA:0,(anonymous_0)
FNDA:0,(anonymous_1)
FNDA:0,(anonymous_2)
FNDA:0,(anonymous_3)
FNDA:0,(anonymous_4)
FNDA:0,(anonymous_5)
FNDA:0,(anonymous_6)
FNDA:0,(anonymous_7)
FNDA:0,(anonymous_8)
FNDA:0,(anonymous_9)
FNDA:0,(anonymous_10)
FNDA:0,(anonymous_11)
FNDA:0,(anonymous_12)
FNDA:0,(anonymous_13)
FNDA:0,(anonymous_14)
FNDA:0,(anonymous_15)
FNDA:0,(anonymous_16)
FNDA:0,(anonymous_17)
DA:111,0
DA:120,0
DA:127,0
DA:136,0
DA:153,0
DA:156,0
DA:158,0
DA:159,0
DA:161,0
DA:163,0
DA:167,0
DA:170,0
DA:172,0
DA:189,0
DA:191,0
DA:200,0
DA:203,0
DA:208,0
DA:209,0
DA:211,0
DA:213,0
DA:218,0
DA:221,0
DA:222,0
DA:224,0
DA:234,0
DA:237,0
DA:242,0
DA:243,0
DA:245,0
DA:247,0
DA:252,0
DA:255,0
DA:256,0
DA:258,0
DA:269,0
DA:270,0
DA:274,0
DA:275,0
DA:283,0
DA:285,0
DA:286,0
DA:288,0
DA:289,0
DA:293,0
DA:296,0
DA:302,0
DA:311,0
DA:312,0
DA:314,0
DA:315,0
DA:321,0
DA:323,0
DA:338,0
DA:340,0
DA:349,0
DA:350,0
DA:352,0
DA:353,0
DA:359,0
DA:360,0
DA:363,0
DA:365,0
DA:374,0
DA:378,0
DA:380,0
DA:381,0
DA:383,0
DA:384,0
DA:389,0
DA:395,0
DA:396,0
DA:399,0
DA:400,0
DA:404,0
DA:409,0
DA:417,0
DA:419,0
DA:420,0
DA:424,0
DA:429,0
DA:434,0
DA:435,0
DA:438,0
DA:440,0
DA:443,0
DA:447,0
DA:449,0
DA:451,0
LF:89
LH:0
BRDA:161,0,0,0
BRDA:161,0,1,0
BRDA:161,1,0,0
BRDA:161,1,1,0
BRDA:165,2,0,0
BRDA:165,2,1,0
BRDA:194,3,0,0
BRDA:194,3,1,0
BRDA:211,4,0,0
BRDA:211,4,1,0
BRDA:228,5,0,0
BRDA:228,5,1,0
BRDA:245,6,0,0
BRDA:245,6,1,0
BRDA:262,7,0,0
BRDA:262,7,1,0
BRDA:269,8,0,0
BRDA:269,8,1,0
BRDA:274,9,0,0
BRDA:274,9,1,0
BRDA:288,10,0,0
BRDA:288,10,1,0
BRDA:288,11,0,0
BRDA:288,11,1,0
BRDA:291,12,0,0
BRDA:291,12,1,0
BRDA:305,13,0,0
BRDA:305,13,1,0
BRDA:314,14,0,0
BRDA:314,14,1,0
BRDA:314,15,0,0
BRDA:314,15,1,0
BRDA:317,16,0,0
BRDA:317,16,1,0
BRDA:343,17,0,0
BRDA:343,17,1,0
BRDA:352,18,0,0
BRDA:352,18,1,0
BRDA:352,19,0,0
BRDA:352,19,1,0
BRDA:355,20,0,0
BRDA:355,20,1,0
BRDA:368,21,0,0
BRDA:368,21,1,0
BRDA:383,22,0,0
BRDA:383,22,1,0
BRDA:383,23,0,0
BRDA:383,23,1,0
BRDA:387,24,0,0
BRDA:387,24,1,0
BRDA:391,25,0,0
BRDA:391,25,1,0
BRDA:399,26,0,0
BRDA:399,26,1,0
BRDA:440,27,0,0
BRDA:440,27,1,0
BRDA:443,28,0,0
BRDA:443,28,1,0
BRF:58
BRH:0
end_of_record
TN:
SF:stores/token-store.ts
FN:43,(anonymous_0)
FN:54,(anonymous_1)
FN:89,(anonymous_2)
FN:93,(anonymous_3)
FN:94,(anonymous_4)
FN:99,(anonymous_5)
FN:100,(anonymous_6)
FN:105,(anonymous_7)
FN:122,(anonymous_8)
FN:129,(anonymous_9)
FN:144,(anonymous_10)
FN:157,(anonymous_11)
FNF:12
FNH:0
FNDA:0,(anonymous_0)
FNDA:0,(anonymous_1)
FNDA:0,(anonymous_2)
FNDA:0,(anonymous_3)
FNDA:0,(anonymous_4)
FNDA:0,(anonymous_5)
FNDA:0,(anonymous_6)
FNDA:0,(anonymous_7)
FNDA:0,(anonymous_8)
FNDA:0,(anonymous_9)
FNDA:0,(anonymous_10)
FNDA:0,(anonymous_11)
DA:41,0
DA:43,0
DA:55,0
DA:56,0
DA:57,0
DA:58,0
DA:59,0
DA:63,0
DA:66,0
DA:67,0
DA:78,0
DA:79,0
DA:82,0
DA:90,0
DA:94,0
DA:100,0
DA:106,0
DA:107,0
DA:108,0
DA:109,0
DA:112,0
DA:113,0
DA:115,0
DA:124,0
DA:125,0
DA:129,0
DA:130,0
DA:131,0
DA:133,0
DA:134,0
DA:137,0
DA:143,0
DA:144,0
DA:151,0
DA:152,0
DA:158,0
DA:159,0
DA:160,0
LF:38
LH:0
BRDA:58,0,0,0
BRDA:58,0,1,0
BRDA:58,1,0,0
BRDA:58,1,1,0
BRDA:61,2,0,0
BRDA:61,2,1,0
BRDA:78,3,0,0
BRDA:78,3,1,0
BRDA:84,4,0,0
BRDA:84,4,1,0
BRDA:108,5,0,0
BRDA:108,5,1,0
BRDA:108,6,0,0
BRDA:108,6,1,0
BRDA:109,7,0,0
BRDA:109,7,1,0
BRDA:117,8,0,0
BRDA:117,8,1,0
BRDA:124,9,0,0
BRDA:124,9,1,0
BRDA:131,10,0,0
BRDA:131,10,1,0
BRDA:143,11,0,0
BRDA:143,11,1,0
BRDA:151,12,0,0
BRDA:151,12,1,0
BRDA:158,13,0,0
BRDA:158,13,1,0
BRF:28
BRH:0
end_of_record
